<?xml version="1.0" encoding="UTF-8"?>
<testsuite xmlns:xsi="http://www.w3.org/2001/XMLSchema-instance" xsi:noNamespaceSchemaLocation="https://maven.apache.org/surefire/maven-surefire-plugin/xsd/surefire-test-report-3.0.xsd" version="3.0" name="com.example.employee_managment.repository.EmployeeRepositoryTest" time="2.332" tests="15" errors="0" skipped="0" failures="0">
  <properties>
[...]
</properties>
  <testcase name="testSaveEmployee" classname="com.example.employee_managment.repository.EmployeeRepositoryTest" time="0.312">
    <system-out><![CDATA[10:32:12.029 [main] INFO org.springframework.test.context.support.AnnotationConfigContextLoaderUtils -- Could not detect default configuration classes for test class [com.example.employee_managment.repository.EmployeeRepositoryTest]: EmployeeRepositoryTest does not declare any static, non-private, non-final, nested classes annotated with @Configuration.
10:32:12.087 [main] INFO org.springframework.boot.test.context.SpringBootTestContextBootstrapper -- Found @SpringBootConfiguration com.example.employee_managment.EmployeeManagmentApplication for test class com.example.employee_managment.repository.EmployeeRepositoryTest
10:32:12.117 [main] INFO org.springframework.boot.devtools.restart.RestartApplicationListener -- Restart disabled due to context in which it is running

  .   ____          _            __ _ _
 /\\ / ___'_ __ _ _(_)_ __  __ _ \ \ \ \
( ( )\___ | '_ | '_| | '_ \/ _` | \ \ \ \
 \\/  ___)| |_)| | | | | || (_| |  ) ) ) )
  '  |____| .__|_| |_|_| |_\__, | / / / /
 =========|_|==============|___/=/_/_/_/

 :: Spring Boot ::                (v3.5.4)

2025-08-20T10:32:12.260+05:30  INFO 34558 --- [employee_management] [           main] c.e.e.repository.EmployeeRepositoryTest  : Starting EmployeeRepositoryTest using Java 24.0.1 with PID 34558 (started by apeksha in /Users/apeksha/Desktop/spring-boot-learning/employee_managment)
2025-08-20T10:32:12.261+05:30  INFO 34558 --- [employee_management] [           main] c.e.e.repository.EmployeeRepositoryTest  : The following 1 profile is active: "test"
2025-08-20T10:32:12.442+05:30  INFO 34558 --- [employee_management] [           main] .s.d.r.c.RepositoryConfigurationDelegate : Bootstrapping Spring Data JPA repositories in DEFAULT mode.
2025-08-20T10:32:12.605+05:30  INFO 34558 --- [employee_management] [           main] .s.d.r.c.RepositoryConfigurationDelegate : Finished Spring Data repository scanning in 152 ms. Found 1 JPA repository interface.
2025-08-20T10:32:12.656+05:30  INFO 34558 --- [employee_management] [           main] beddedDataSourceBeanFactoryPostProcessor : Replacing 'dataSource' DataSource bean with embedded version
2025-08-20T10:32:12.721+05:30  INFO 34558 --- [employee_management] [           main] o.s.j.d.e.EmbeddedDatabaseFactory        : Starting embedded database: url='jdbc:h2:mem:ccb1ac8b-98b6-4259-92ef-d9ea9ce13e3d;DB_CLOSE_DELAY=-1;DB_CLOSE_ON_EXIT=false', username='sa'
2025-08-20T10:32:12.856+05:30  INFO 34558 --- [employee_management] [           main] o.hibernate.jpa.internal.util.LogHelper  : HHH000204: Processing PersistenceUnitInfo [name: default]
2025-08-20T10:32:12.879+05:30  INFO 34558 --- [employee_management] [           main] org.hibernate.Version                    : HHH000412: Hibernate ORM core version 6.6.22.Final
2025-08-20T10:32:12.891+05:30  INFO 34558 --- [employee_management] [           main] o.h.c.internal.RegionFactoryInitiator    : HHH000026: Second-level cache disabled
2025-08-20T10:32:13.013+05:30  INFO 34558 --- [employee_management] [           main] o.s.o.j.p.SpringPersistenceUnitInfo      : No LoadTimeWeaver setup: ignoring JPA class transformer
2025-08-20T10:32:13.032+05:30  WARN 34558 --- [employee_management] [           main] org.hibernate.orm.deprecation            : HHH90000025: H2Dialect does not need to be specified explicitly using 'hibernate.dialect' (remove the property setting and it will be selected by default)
2025-08-20T10:32:13.039+05:30  INFO 34558 --- [employee_management] [           main] org.hibernate.orm.connections.pooling    : HHH10001005: Database info:
	Database JDBC URL [Connecting through datasource 'org.springframework.jdbc.datasource.embedded.EmbeddedDatabaseFactory$EmbeddedDataSourceProxy@53feeac9']
	Database driver: undefined/unknown
	Database version: 2.3.232
	Autocommit mode: undefined/unknown
	Isolation level: undefined/unknown
	Minimum pool size: undefined/unknown
	Maximum pool size: undefined/unknown
2025-08-20T10:32:13.356+05:30  INFO 34558 --- [employee_management] [           main] o.h.e.t.j.p.i.JtaPlatformInitiator       : HHH000489: No JTA platform available (set 'hibernate.transaction.jta.platform' to enable JTA platform integration)
2025-08-20T10:32:13.361+05:30 DEBUG 34558 --- [employee_management] [           main] org.hibernate.SQL                        : 
    drop table if exists employees cascade 
Hibernate: 
    drop table if exists employees cascade 
2025-08-20T10:32:13.364+05:30 DEBUG 34558 --- [employee_management] [           main] org.hibernate.SQL                        : 
    create table employees (
        date_of_birth date,
        hire_date date,
        salary float(53),
        created_at timestamp(6),
        id bigint generated by default as identity,
        updated_at timestamp(6),
        department varchar(255),
        email varchar(255) not null unique,
        first_name varchar(255) not null,
        last_name varchar(255) not null,
        phone_number varchar(255),
        position varchar(255),
        primary key (id)
    )
Hibernate: 
    create table employees (
        date_of_birth date,
        hire_date date,
        salary float(53),
        created_at timestamp(6),
        id bigint generated by default as identity,
        updated_at timestamp(6),
        department varchar(255),
        email varchar(255) not null unique,
        first_name varchar(255) not null,
        last_name varchar(255) not null,
        phone_number varchar(255),
        position varchar(255),
        primary key (id)
    )
2025-08-20T10:32:13.369+05:30  INFO 34558 --- [employee_management] [           main] j.LocalContainerEntityManagerFactoryBean : Initialized JPA EntityManagerFactory for persistence unit 'default'
2025-08-20T10:32:13.496+05:30  INFO 34558 --- [employee_management] [           main] o.s.d.j.r.query.QueryEnhancerFactory     : Hibernate is in classpath; If applicable, HQL parser will be used.
2025-08-20T10:32:13.789+05:30  INFO 34558 --- [employee_management] [           main] c.e.e.repository.EmployeeRepositoryTest  : Started EmployeeRepositoryTest in 1.675 seconds (process running for 2.122)
2025-08-20T10:32:13.790+05:30 DEBUG 34558 --- [employee_management] [           main] org.springframework.test.context.cache   : Spring test ApplicationContext cache statistics: [DefaultContextCache@5834298c size = 1, maxSize = 32, parentContextCount = 0, hitCount = 0, missCount = 1, failureCount = 0]
2025-08-20T10:32:13.792+05:30 DEBUG 34558 --- [employee_management] [           main] org.springframework.test.context.cache   : Spring test ApplicationContext cache statistics: [DefaultContextCache@5834298c size = 1, maxSize = 32, parentContextCount = 0, hitCount = 1, missCount = 1, failureCount = 0]
2025-08-20T10:32:13.794+05:30 DEBUG 34558 --- [employee_management] [           main] sContextBeforeModesTestExecutionListener : Before test method: class [EmployeeRepositoryTest], method [testSaveEmployee], class annotated with @DirtiesContext [false] with mode [null], method annotated with @DirtiesContext [false] with mode [null]
2025-08-20T10:32:13.795+05:30 DEBUG 34558 --- [employee_management] [           main] t.c.t.TransactionalTestExecutionListener : Explicit transaction definition [PROPAGATION_REQUIRED,ISOLATION_DEFAULT] found for test class [com.example.employee_managment.repository.EmployeeRepositoryTest] and test method [testSaveEmployee]
2025-08-20T10:32:13.795+05:30 DEBUG 34558 --- [employee_management] [           main] org.springframework.test.context.cache   : Spring test ApplicationContext cache statistics: [DefaultContextCache@5834298c size = 1, maxSize = 32, parentContextCount = 0, hitCount = 2, missCount = 1, failureCount = 0]
2025-08-20T10:32:13.796+05:30 DEBUG 34558 --- [employee_management] [           main] t.c.t.TransactionalTestExecutionListener : No method-level @Rollback override: using default rollback [true] for test method [void com.example.employee_managment.repository.EmployeeRepositoryTest.testSaveEmployee()]
2025-08-20T10:32:13.798+05:30 DEBUG 34558 --- [employee_management] [           main] o.s.t.c.transaction.TransactionContext   : Began transaction (1) for test class [com.example.employee_managment.repository.EmployeeRepositoryTest]; test method [testSaveEmployee]; transaction manager [org.springframework.orm.jpa.JpaTransactionManager@350e3fb4]; rollback [true]
2025-08-20T10:32:13.799+05:30 DEBUG 34558 --- [employee_management] [           main] org.springframework.test.context.cache   : Spring test ApplicationContext cache statistics: [DefaultContextCache@5834298c size = 1, maxSize = 32, parentContextCount = 0, hitCount = 3, missCount = 1, failureCount = 0]
2025-08-20T10:32:13.799+05:30 DEBUG 34558 --- [employee_management] [           main] org.springframework.test.context.cache   : Spring test ApplicationContext cache statistics: [DefaultContextCache@5834298c size = 1, maxSize = 32, parentContextCount = 0, hitCount = 4, missCount = 1, failureCount = 0]
2025-08-20T10:32:14.050+05:30 DEBUG 34558 --- [employee_management] [           main] org.springframework.test.context.cache   : Spring test ApplicationContext cache statistics: [DefaultContextCache@5834298c size = 1, maxSize = 32, parentContextCount = 0, hitCount = 5, missCount = 1, failureCount = 0]
2025-08-20T10:32:14.070+05:30 DEBUG 34558 --- [employee_management] [           main] org.hibernate.SQL                        : 
    insert 
    into
        employees
        (created_at, date_of_birth, department, email, first_name, hire_date, last_name, phone_number, position, salary, updated_at, id) 
    values
        (?, ?, ?, ?, ?, ?, ?, ?, ?, ?, ?, default)
Hibernate: 
    insert 
    into
        employees
        (created_at, date_of_birth, department, email, first_name, hire_date, last_name, phone_number, position, salary, updated_at, id) 
    values
        (?, ?, ?, ?, ?, ?, ?, ?, ?, ?, ?, default)
2025-08-20T10:32:14.091+05:30 DEBUG 34558 --- [employee_management] [           main] org.hibernate.SQL                        : 
    insert 
    into
        employees
        (created_at, date_of_birth, department, email, first_name, hire_date, last_name, phone_number, position, salary, updated_at, id) 
    values
        (?, ?, ?, ?, ?, ?, ?, ?, ?, ?, ?, default)
Hibernate: 
    insert 
    into
        employees
        (created_at, date_of_birth, department, email, first_name, hire_date, last_name, phone_number, position, salary, updated_at, id) 
    values
        (?, ?, ?, ?, ?, ?, ?, ?, ?, ?, ?, default)
2025-08-20T10:32:14.092+05:30 DEBUG 34558 --- [employee_management] [           main] org.hibernate.SQL                        : 
    insert 
    into
        employees
        (created_at, date_of_birth, department, email, first_name, hire_date, last_name, phone_number, position, salary, updated_at, id) 
    values
        (?, ?, ?, ?, ?, ?, ?, ?, ?, ?, ?, default)
Hibernate: 
    insert 
    into
        employees
        (created_at, date_of_birth, department, email, first_name, hire_date, last_name, phone_number, position, salary, updated_at, id) 
    values
        (?, ?, ?, ?, ?, ?, ?, ?, ?, ?, ?, default)
2025-08-20T10:32:14.093+05:30 DEBUG 34558 --- [employee_management] [           main] org.springframework.test.context.cache   : Spring test ApplicationContext cache statistics: [DefaultContextCache@5834298c size = 1, maxSize = 32, parentContextCount = 0, hitCount = 6, missCount = 1, failureCount = 0]
2025-08-20T10:32:14.097+05:30 DEBUG 34558 --- [employee_management] [           main] org.hibernate.SQL                        : 
    insert 
    into
        employees
        (created_at, date_of_birth, department, email, first_name, hire_date, last_name, phone_number, position, salary, updated_at, id) 
    values
        (?, ?, ?, ?, ?, ?, ?, ?, ?, ?, ?, default)
Hibernate: 
    insert 
    into
        employees
        (created_at, date_of_birth, department, email, first_name, hire_date, last_name, phone_number, position, salary, updated_at, id) 
    values
        (?, ?, ?, ?, ?, ?, ?, ?, ?, ?, ?, default)
2025-08-20T10:32:14.099+05:30 DEBUG 34558 --- [employee_management] [           main] org.springframework.test.context.cache   : Spring test ApplicationContext cache statistics: [DefaultContextCache@5834298c size = 1, maxSize = 32, parentContextCount = 0, hitCount = 7, missCount = 1, failureCount = 0]
2025-08-20T10:32:14.099+05:30 DEBUG 34558 --- [employee_management] [           main] org.springframework.test.context.cache   : Spring test ApplicationContext cache statistics: [DefaultContextCache@5834298c size = 1, maxSize = 32, parentContextCount = 0, hitCount = 8, missCount = 1, failureCount = 0]
2025-08-20T10:32:14.099+05:30 DEBUG 34558 --- [employee_management] [           main] org.springframework.test.context.cache   : Spring test ApplicationContext cache statistics: [DefaultContextCache@5834298c size = 1, maxSize = 32, parentContextCount = 0, hitCount = 9, missCount = 1, failureCount = 0]
2025-08-20T10:32:14.100+05:30 DEBUG 34558 --- [employee_management] [           main] org.springframework.test.context.cache   : Spring test ApplicationContext cache statistics: [DefaultContextCache@5834298c size = 1, maxSize = 32, parentContextCount = 0, hitCount = 10, missCount = 1, failureCount = 0]
2025-08-20T10:32:14.100+05:30 DEBUG 34558 --- [employee_management] [           main] org.springframework.test.context.cache   : Spring test ApplicationContext cache statistics: [DefaultContextCache@5834298c size = 1, maxSize = 32, parentContextCount = 0, hitCount = 11, missCount = 1, failureCount = 0]
2025-08-20T10:32:14.100+05:30 DEBUG 34558 --- [employee_management] [           main] org.springframework.test.context.cache   : Spring test ApplicationContext cache statistics: [DefaultContextCache@5834298c size = 1, maxSize = 32, parentContextCount = 0, hitCount = 12, missCount = 1, failureCount = 0]
2025-08-20T10:32:14.101+05:30 DEBUG 34558 --- [employee_management] [           main] org.springframework.test.context.cache   : Spring test ApplicationContext cache statistics: [DefaultContextCache@5834298c size = 1, maxSize = 32, parentContextCount = 0, hitCount = 13, missCount = 1, failureCount = 0]
2025-08-20T10:32:14.102+05:30 DEBUG 34558 --- [employee_management] [           main] o.s.t.c.transaction.TransactionContext   : Rolled back transaction (1) for test class [com.example.employee_managment.repository.EmployeeRepositoryTest]; test method [testSaveEmployee]
2025-08-20T10:32:14.102+05:30 DEBUG 34558 --- [employee_management] [           main] .c.s.DirtiesContextTestExecutionListener : After test method: class [EmployeeRepositoryTest], method [testSaveEmployee], class annotated with @DirtiesContext [false] with mode [null], method annotated with @DirtiesContext [false] with mode [null]
]]></system-out>
    <system-err><![CDATA[Mockito is currently self-attaching to enable the inline-mock-maker. This will no longer work in future releases of the JDK. Please add Mockito as an agent to your build as described in Mockito's documentation: https://javadoc.io/doc/org.mockito/mockito-core/latest/org.mockito/org/mockito/Mockito.html#0.3
WARNING: A Java agent has been loaded dynamically (/Users/apeksha/.m2/repository/net/bytebuddy/byte-buddy-agent/1.17.6/byte-buddy-agent-1.17.6.jar)
WARNING: If a serviceability tool is in use, please run with -XX:+EnableDynamicAgentLoading to hide this warning
WARNING: If a serviceability tool is not in use, please run with -Djdk.instrument.traceUsage for more information
WARNING: Dynamic loading of agents will be disallowed by default in a future release
]]></system-err>
  </testcase>
  <testcase name="testDeleteEmployee" classname="com.example.employee_managment.repository.EmployeeRepositoryTest" time="0.013">
    <system-out><![CDATA[2025-08-20T10:32:14.105+05:30 DEBUG 34558 --- [employee_management] [           main] DependencyInjectionTestExecutionListener : Performing dependency injection for test class com.example.employee_managment.repository.EmployeeRepositoryTest
2025-08-20T10:32:14.105+05:30 DEBUG 34558 --- [employee_management] [           main] org.springframework.test.context.cache   : Spring test ApplicationContext cache statistics: [DefaultContextCache@5834298c size = 1, maxSize = 32, parentContextCount = 0, hitCount = 14, missCount = 1, failureCount = 0]
2025-08-20T10:32:14.105+05:30 DEBUG 34558 --- [employee_management] [           main] org.springframework.test.context.cache   : Spring test ApplicationContext cache statistics: [DefaultContextCache@5834298c size = 1, maxSize = 32, parentContextCount = 0, hitCount = 15, missCount = 1, failureCount = 0]
2025-08-20T10:32:14.106+05:30 DEBUG 34558 --- [employee_management] [           main] sContextBeforeModesTestExecutionListener : Before test method: class [EmployeeRepositoryTest], method [testDeleteEmployee], class annotated with @DirtiesContext [false] with mode [null], method annotated with @DirtiesContext [false] with mode [null]
2025-08-20T10:32:14.106+05:30 DEBUG 34558 --- [employee_management] [           main] t.c.t.TransactionalTestExecutionListener : Explicit transaction definition [PROPAGATION_REQUIRED,ISOLATION_DEFAULT] found for test class [com.example.employee_managment.repository.EmployeeRepositoryTest] and test method [testDeleteEmployee]
2025-08-20T10:32:14.106+05:30 DEBUG 34558 --- [employee_management] [           main] org.springframework.test.context.cache   : Spring test ApplicationContext cache statistics: [DefaultContextCache@5834298c size = 1, maxSize = 32, parentContextCount = 0, hitCount = 16, missCount = 1, failureCount = 0]
2025-08-20T10:32:14.106+05:30 DEBUG 34558 --- [employee_management] [           main] t.c.t.TransactionalTestExecutionListener : No method-level @Rollback override: using default rollback [true] for test method [void com.example.employee_managment.repository.EmployeeRepositoryTest.testDeleteEmployee()]
2025-08-20T10:32:14.106+05:30 DEBUG 34558 --- [employee_management] [           main] o.s.t.c.transaction.TransactionContext   : Began transaction (1) for test class [com.example.employee_managment.repository.EmployeeRepositoryTest]; test method [testDeleteEmployee]; transaction manager [org.springframework.orm.jpa.JpaTransactionManager@350e3fb4]; rollback [true]
2025-08-20T10:32:14.106+05:30 DEBUG 34558 --- [employee_management] [           main] org.springframework.test.context.cache   : Spring test ApplicationContext cache statistics: [DefaultContextCache@5834298c size = 1, maxSize = 32, parentContextCount = 0, hitCount = 17, missCount = 1, failureCount = 0]
2025-08-20T10:32:14.107+05:30 DEBUG 34558 --- [employee_management] [           main] org.springframework.test.context.cache   : Spring test ApplicationContext cache statistics: [DefaultContextCache@5834298c size = 1, maxSize = 32, parentContextCount = 0, hitCount = 18, missCount = 1, failureCount = 0]
2025-08-20T10:32:14.107+05:30 DEBUG 34558 --- [employee_management] [           main] org.springframework.test.context.cache   : Spring test ApplicationContext cache statistics: [DefaultContextCache@5834298c size = 1, maxSize = 32, parentContextCount = 0, hitCount = 19, missCount = 1, failureCount = 0]
2025-08-20T10:32:14.107+05:30 DEBUG 34558 --- [employee_management] [           main] org.hibernate.SQL                        : 
    insert 
    into
        employees
        (created_at, date_of_birth, department, email, first_name, hire_date, last_name, phone_number, position, salary, updated_at, id) 
    values
        (?, ?, ?, ?, ?, ?, ?, ?, ?, ?, ?, default)
Hibernate: 
    insert 
    into
        employees
        (created_at, date_of_birth, department, email, first_name, hire_date, last_name, phone_number, position, salary, updated_at, id) 
    values
        (?, ?, ?, ?, ?, ?, ?, ?, ?, ?, ?, default)
2025-08-20T10:32:14.109+05:30 DEBUG 34558 --- [employee_management] [           main] org.hibernate.SQL                        : 
    insert 
    into
        employees
        (created_at, date_of_birth, department, email, first_name, hire_date, last_name, phone_number, position, salary, updated_at, id) 
    values
        (?, ?, ?, ?, ?, ?, ?, ?, ?, ?, ?, default)
Hibernate: 
    insert 
    into
        employees
        (created_at, date_of_birth, department, email, first_name, hire_date, last_name, phone_number, position, salary, updated_at, id) 
    values
        (?, ?, ?, ?, ?, ?, ?, ?, ?, ?, ?, default)
2025-08-20T10:32:14.109+05:30 DEBUG 34558 --- [employee_management] [           main] org.hibernate.SQL                        : 
    insert 
    into
        employees
        (created_at, date_of_birth, department, email, first_name, hire_date, last_name, phone_number, position, salary, updated_at, id) 
    values
        (?, ?, ?, ?, ?, ?, ?, ?, ?, ?, ?, default)
Hibernate: 
    insert 
    into
        employees
        (created_at, date_of_birth, department, email, first_name, hire_date, last_name, phone_number, position, salary, updated_at, id) 
    values
        (?, ?, ?, ?, ?, ?, ?, ?, ?, ?, ?, default)
2025-08-20T10:32:14.110+05:30 DEBUG 34558 --- [employee_management] [           main] org.springframework.test.context.cache   : Spring test ApplicationContext cache statistics: [DefaultContextCache@5834298c size = 1, maxSize = 32, parentContextCount = 0, hitCount = 20, missCount = 1, failureCount = 0]
2025-08-20T10:32:14.116+05:30 DEBUG 34558 --- [employee_management] [           main] org.springframework.test.context.cache   : Spring test ApplicationContext cache statistics: [DefaultContextCache@5834298c size = 1, maxSize = 32, parentContextCount = 0, hitCount = 21, missCount = 1, failureCount = 0]
2025-08-20T10:32:14.116+05:30 DEBUG 34558 --- [employee_management] [           main] org.springframework.test.context.cache   : Spring test ApplicationContext cache statistics: [DefaultContextCache@5834298c size = 1, maxSize = 32, parentContextCount = 0, hitCount = 22, missCount = 1, failureCount = 0]
2025-08-20T10:32:14.116+05:30 DEBUG 34558 --- [employee_management] [           main] org.springframework.test.context.cache   : Spring test ApplicationContext cache statistics: [DefaultContextCache@5834298c size = 1, maxSize = 32, parentContextCount = 0, hitCount = 23, missCount = 1, failureCount = 0]
2025-08-20T10:32:14.116+05:30 DEBUG 34558 --- [employee_management] [           main] org.springframework.test.context.cache   : Spring test ApplicationContext cache statistics: [DefaultContextCache@5834298c size = 1, maxSize = 32, parentContextCount = 0, hitCount = 24, missCount = 1, failureCount = 0]
2025-08-20T10:32:14.116+05:30 DEBUG 34558 --- [employee_management] [           main] org.springframework.test.context.cache   : Spring test ApplicationContext cache statistics: [DefaultContextCache@5834298c size = 1, maxSize = 32, parentContextCount = 0, hitCount = 25, missCount = 1, failureCount = 0]
2025-08-20T10:32:14.117+05:30 DEBUG 34558 --- [employee_management] [           main] org.springframework.test.context.cache   : Spring test ApplicationContext cache statistics: [DefaultContextCache@5834298c size = 1, maxSize = 32, parentContextCount = 0, hitCount = 26, missCount = 1, failureCount = 0]
2025-08-20T10:32:14.117+05:30 DEBUG 34558 --- [employee_management] [           main] org.springframework.test.context.cache   : Spring test ApplicationContext cache statistics: [DefaultContextCache@5834298c size = 1, maxSize = 32, parentContextCount = 0, hitCount = 27, missCount = 1, failureCount = 0]
2025-08-20T10:32:14.117+05:30 DEBUG 34558 --- [employee_management] [           main] o.s.t.c.transaction.TransactionContext   : Rolled back transaction (1) for test class [com.example.employee_managment.repository.EmployeeRepositoryTest]; test method [testDeleteEmployee]
2025-08-20T10:32:14.117+05:30 DEBUG 34558 --- [employee_management] [           main] .c.s.DirtiesContextTestExecutionListener : After test method: class [EmployeeRepositoryTest], method [testDeleteEmployee], class annotated with @DirtiesContext [false] with mode [null], method annotated with @DirtiesContext [false] with mode [null]
]]></system-out>
  </testcase>
  <testcase name="testFindByFirstNameContainingIgnoreCase" classname="com.example.employee_managment.repository.EmployeeRepositoryTest" time="0.037">
    <system-out><![CDATA[2025-08-20T10:32:14.118+05:30 DEBUG 34558 --- [employee_management] [           main] DependencyInjectionTestExecutionListener : Performing dependency injection for test class com.example.employee_managment.repository.EmployeeRepositoryTest
2025-08-20T10:32:14.118+05:30 DEBUG 34558 --- [employee_management] [           main] org.springframework.test.context.cache   : Spring test ApplicationContext cache statistics: [DefaultContextCache@5834298c size = 1, maxSize = 32, parentContextCount = 0, hitCount = 28, missCount = 1, failureCount = 0]
2025-08-20T10:32:14.118+05:30 DEBUG 34558 --- [employee_management] [           main] org.springframework.test.context.cache   : Spring test ApplicationContext cache statistics: [DefaultContextCache@5834298c size = 1, maxSize = 32, parentContextCount = 0, hitCount = 29, missCount = 1, failureCount = 0]
2025-08-20T10:32:14.118+05:30 DEBUG 34558 --- [employee_management] [           main] sContextBeforeModesTestExecutionListener : Before test method: class [EmployeeRepositoryTest], method [testFindByFirstNameContainingIgnoreCase], class annotated with @DirtiesContext [false] with mode [null], method annotated with @DirtiesContext [false] with mode [null]
2025-08-20T10:32:14.119+05:30 DEBUG 34558 --- [employee_management] [           main] t.c.t.TransactionalTestExecutionListener : Explicit transaction definition [PROPAGATION_REQUIRED,ISOLATION_DEFAULT] found for test class [com.example.employee_managment.repository.EmployeeRepositoryTest] and test method [testFindByFirstNameContainingIgnoreCase]
2025-08-20T10:32:14.119+05:30 DEBUG 34558 --- [employee_management] [           main] org.springframework.test.context.cache   : Spring test ApplicationContext cache statistics: [DefaultContextCache@5834298c size = 1, maxSize = 32, parentContextCount = 0, hitCount = 30, missCount = 1, failureCount = 0]
2025-08-20T10:32:14.119+05:30 DEBUG 34558 --- [employee_management] [           main] t.c.t.TransactionalTestExecutionListener : No method-level @Rollback override: using default rollback [true] for test method [void com.example.employee_managment.repository.EmployeeRepositoryTest.testFindByFirstNameContainingIgnoreCase()]
2025-08-20T10:32:14.119+05:30 DEBUG 34558 --- [employee_management] [           main] o.s.t.c.transaction.TransactionContext   : Began transaction (1) for test class [com.example.employee_managment.repository.EmployeeRepositoryTest]; test method [testFindByFirstNameContainingIgnoreCase]; transaction manager [org.springframework.orm.jpa.JpaTransactionManager@350e3fb4]; rollback [true]
2025-08-20T10:32:14.119+05:30 DEBUG 34558 --- [employee_management] [           main] org.springframework.test.context.cache   : Spring test ApplicationContext cache statistics: [DefaultContextCache@5834298c size = 1, maxSize = 32, parentContextCount = 0, hitCount = 31, missCount = 1, failureCount = 0]
2025-08-20T10:32:14.119+05:30 DEBUG 34558 --- [employee_management] [           main] org.springframework.test.context.cache   : Spring test ApplicationContext cache statistics: [DefaultContextCache@5834298c size = 1, maxSize = 32, parentContextCount = 0, hitCount = 32, missCount = 1, failureCount = 0]
2025-08-20T10:32:14.120+05:30 DEBUG 34558 --- [employee_management] [           main] org.springframework.test.context.cache   : Spring test ApplicationContext cache statistics: [DefaultContextCache@5834298c size = 1, maxSize = 32, parentContextCount = 0, hitCount = 33, missCount = 1, failureCount = 0]
2025-08-20T10:32:14.120+05:30 DEBUG 34558 --- [employee_management] [           main] org.hibernate.SQL                        : 
    insert 
    into
        employees
        (created_at, date_of_birth, department, email, first_name, hire_date, last_name, phone_number, position, salary, updated_at, id) 
    values
        (?, ?, ?, ?, ?, ?, ?, ?, ?, ?, ?, default)
Hibernate: 
    insert 
    into
        employees
        (created_at, date_of_birth, department, email, first_name, hire_date, last_name, phone_number, position, salary, updated_at, id) 
    values
        (?, ?, ?, ?, ?, ?, ?, ?, ?, ?, ?, default)
2025-08-20T10:32:14.121+05:30 DEBUG 34558 --- [employee_management] [           main] org.hibernate.SQL                        : 
    insert 
    into
        employees
        (created_at, date_of_birth, department, email, first_name, hire_date, last_name, phone_number, position, salary, updated_at, id) 
    values
        (?, ?, ?, ?, ?, ?, ?, ?, ?, ?, ?, default)
Hibernate: 
    insert 
    into
        employees
        (created_at, date_of_birth, department, email, first_name, hire_date, last_name, phone_number, position, salary, updated_at, id) 
    values
        (?, ?, ?, ?, ?, ?, ?, ?, ?, ?, ?, default)
2025-08-20T10:32:14.122+05:30 DEBUG 34558 --- [employee_management] [           main] org.hibernate.SQL                        : 
    insert 
    into
        employees
        (created_at, date_of_birth, department, email, first_name, hire_date, last_name, phone_number, position, salary, updated_at, id) 
    values
        (?, ?, ?, ?, ?, ?, ?, ?, ?, ?, ?, default)
Hibernate: 
    insert 
    into
        employees
        (created_at, date_of_birth, department, email, first_name, hire_date, last_name, phone_number, position, salary, updated_at, id) 
    values
        (?, ?, ?, ?, ?, ?, ?, ?, ?, ?, ?, default)
2025-08-20T10:32:14.122+05:30 DEBUG 34558 --- [employee_management] [           main] org.springframework.test.context.cache   : Spring test ApplicationContext cache statistics: [DefaultContextCache@5834298c size = 1, maxSize = 32, parentContextCount = 0, hitCount = 34, missCount = 1, failureCount = 0]
2025-08-20T10:32:14.148+05:30 DEBUG 34558 --- [employee_management] [           main] org.hibernate.SQL                        : 
    select
        e1_0.id,
        e1_0.created_at,
        e1_0.date_of_birth,
        e1_0.department,
        e1_0.email,
        e1_0.first_name,
        e1_0.hire_date,
        e1_0.last_name,
        e1_0.phone_number,
        e1_0.position,
        e1_0.salary,
        e1_0.updated_at 
    from
        employees e1_0 
    where
        upper(e1_0.first_name) like upper(?) escape '\' 
        or upper(e1_0.last_name) like upper(?) escape '\'
Hibernate: 
    select
        e1_0.id,
        e1_0.created_at,
        e1_0.date_of_birth,
        e1_0.department,
        e1_0.email,
        e1_0.first_name,
        e1_0.hire_date,
        e1_0.last_name,
        e1_0.phone_number,
        e1_0.position,
        e1_0.salary,
        e1_0.updated_at 
    from
        employees e1_0 
    where
        upper(e1_0.first_name) like upper(?) escape '\' 
        or upper(e1_0.last_name) like upper(?) escape '\'
2025-08-20T10:32:14.153+05:30 DEBUG 34558 --- [employee_management] [           main] org.springframework.test.context.cache   : Spring test ApplicationContext cache statistics: [DefaultContextCache@5834298c size = 1, maxSize = 32, parentContextCount = 0, hitCount = 35, missCount = 1, failureCount = 0]
2025-08-20T10:32:14.153+05:30 DEBUG 34558 --- [employee_management] [           main] org.springframework.test.context.cache   : Spring test ApplicationContext cache statistics: [DefaultContextCache@5834298c size = 1, maxSize = 32, parentContextCount = 0, hitCount = 36, missCount = 1, failureCount = 0]
2025-08-20T10:32:14.153+05:30 DEBUG 34558 --- [employee_management] [           main] org.springframework.test.context.cache   : Spring test ApplicationContext cache statistics: [DefaultContextCache@5834298c size = 1, maxSize = 32, parentContextCount = 0, hitCount = 37, missCount = 1, failureCount = 0]
2025-08-20T10:32:14.154+05:30 DEBUG 34558 --- [employee_management] [           main] org.springframework.test.context.cache   : Spring test ApplicationContext cache statistics: [DefaultContextCache@5834298c size = 1, maxSize = 32, parentContextCount = 0, hitCount = 38, missCount = 1, failureCount = 0]
2025-08-20T10:32:14.154+05:30 DEBUG 34558 --- [employee_management] [           main] org.springframework.test.context.cache   : Spring test ApplicationContext cache statistics: [DefaultContextCache@5834298c size = 1, maxSize = 32, parentContextCount = 0, hitCount = 39, missCount = 1, failureCount = 0]
2025-08-20T10:32:14.154+05:30 DEBUG 34558 --- [employee_management] [           main] org.springframework.test.context.cache   : Spring test ApplicationContext cache statistics: [DefaultContextCache@5834298c size = 1, maxSize = 32, parentContextCount = 0, hitCount = 40, missCount = 1, failureCount = 0]
2025-08-20T10:32:14.154+05:30 DEBUG 34558 --- [employee_management] [           main] org.springframework.test.context.cache   : Spring test ApplicationContext cache statistics: [DefaultContextCache@5834298c size = 1, maxSize = 32, parentContextCount = 0, hitCount = 41, missCount = 1, failureCount = 0]
2025-08-20T10:32:14.154+05:30 DEBUG 34558 --- [employee_management] [           main] o.s.t.c.transaction.TransactionContext   : Rolled back transaction (1) for test class [com.example.employee_managment.repository.EmployeeRepositoryTest]; test method [testFindByFirstNameContainingIgnoreCase]
2025-08-20T10:32:14.155+05:30 DEBUG 34558 --- [employee_management] [           main] .c.s.DirtiesContextTestExecutionListener : After test method: class [EmployeeRepositoryTest], method [testFindByFirstNameContainingIgnoreCase], class annotated with @DirtiesContext [false] with mode [null], method annotated with @DirtiesContext [false] with mode [null]
]]></system-out>
  </testcase>
  <testcase name="testFindAll" classname="com.example.employee_managment.repository.EmployeeRepositoryTest" time="0.008">
    <system-out><![CDATA[2025-08-20T10:32:14.155+05:30 DEBUG 34558 --- [employee_management] [           main] DependencyInjectionTestExecutionListener : Performing dependency injection for test class com.example.employee_managment.repository.EmployeeRepositoryTest
2025-08-20T10:32:14.155+05:30 DEBUG 34558 --- [employee_management] [           main] org.springframework.test.context.cache   : Spring test ApplicationContext cache statistics: [DefaultContextCache@5834298c size = 1, maxSize = 32, parentContextCount = 0, hitCount = 42, missCount = 1, failureCount = 0]
2025-08-20T10:32:14.155+05:30 DEBUG 34558 --- [employee_management] [           main] org.springframework.test.context.cache   : Spring test ApplicationContext cache statistics: [DefaultContextCache@5834298c size = 1, maxSize = 32, parentContextCount = 0, hitCount = 43, missCount = 1, failureCount = 0]
2025-08-20T10:32:14.156+05:30 DEBUG 34558 --- [employee_management] [           main] sContextBeforeModesTestExecutionListener : Before test method: class [EmployeeRepositoryTest], method [testFindAll], class annotated with @DirtiesContext [false] with mode [null], method annotated with @DirtiesContext [false] with mode [null]
2025-08-20T10:32:14.156+05:30 DEBUG 34558 --- [employee_management] [           main] t.c.t.TransactionalTestExecutionListener : Explicit transaction definition [PROPAGATION_REQUIRED,ISOLATION_DEFAULT] found for test class [com.example.employee_managment.repository.EmployeeRepositoryTest] and test method [testFindAll]
2025-08-20T10:32:14.156+05:30 DEBUG 34558 --- [employee_management] [           main] org.springframework.test.context.cache   : Spring test ApplicationContext cache statistics: [DefaultContextCache@5834298c size = 1, maxSize = 32, parentContextCount = 0, hitCount = 44, missCount = 1, failureCount = 0]
2025-08-20T10:32:14.156+05:30 DEBUG 34558 --- [employee_management] [           main] t.c.t.TransactionalTestExecutionListener : No method-level @Rollback override: using default rollback [true] for test method [void com.example.employee_managment.repository.EmployeeRepositoryTest.testFindAll()]
2025-08-20T10:32:14.156+05:30 DEBUG 34558 --- [employee_management] [           main] o.s.t.c.transaction.TransactionContext   : Began transaction (1) for test class [com.example.employee_managment.repository.EmployeeRepositoryTest]; test method [testFindAll]; transaction manager [org.springframework.orm.jpa.JpaTransactionManager@350e3fb4]; rollback [true]
2025-08-20T10:32:14.156+05:30 DEBUG 34558 --- [employee_management] [           main] org.springframework.test.context.cache   : Spring test ApplicationContext cache statistics: [DefaultContextCache@5834298c size = 1, maxSize = 32, parentContextCount = 0, hitCount = 45, missCount = 1, failureCount = 0]
2025-08-20T10:32:14.157+05:30 DEBUG 34558 --- [employee_management] [           main] org.springframework.test.context.cache   : Spring test ApplicationContext cache statistics: [DefaultContextCache@5834298c size = 1, maxSize = 32, parentContextCount = 0, hitCount = 46, missCount = 1, failureCount = 0]
2025-08-20T10:32:14.157+05:30 DEBUG 34558 --- [employee_management] [           main] org.springframework.test.context.cache   : Spring test ApplicationContext cache statistics: [DefaultContextCache@5834298c size = 1, maxSize = 32, parentContextCount = 0, hitCount = 47, missCount = 1, failureCount = 0]
2025-08-20T10:32:14.157+05:30 DEBUG 34558 --- [employee_management] [           main] org.hibernate.SQL                        : 
    insert 
    into
        employees
        (created_at, date_of_birth, department, email, first_name, hire_date, last_name, phone_number, position, salary, updated_at, id) 
    values
        (?, ?, ?, ?, ?, ?, ?, ?, ?, ?, ?, default)
Hibernate: 
    insert 
    into
        employees
        (created_at, date_of_birth, department, email, first_name, hire_date, last_name, phone_number, position, salary, updated_at, id) 
    values
        (?, ?, ?, ?, ?, ?, ?, ?, ?, ?, ?, default)
2025-08-20T10:32:14.158+05:30 DEBUG 34558 --- [employee_management] [           main] org.hibernate.SQL                        : 
    insert 
    into
        employees
        (created_at, date_of_birth, department, email, first_name, hire_date, last_name, phone_number, position, salary, updated_at, id) 
    values
        (?, ?, ?, ?, ?, ?, ?, ?, ?, ?, ?, default)
Hibernate: 
    insert 
    into
        employees
        (created_at, date_of_birth, department, email, first_name, hire_date, last_name, phone_number, position, salary, updated_at, id) 
    values
        (?, ?, ?, ?, ?, ?, ?, ?, ?, ?, ?, default)
2025-08-20T10:32:14.159+05:30 DEBUG 34558 --- [employee_management] [           main] org.hibernate.SQL                        : 
    insert 
    into
        employees
        (created_at, date_of_birth, department, email, first_name, hire_date, last_name, phone_number, position, salary, updated_at, id) 
    values
        (?, ?, ?, ?, ?, ?, ?, ?, ?, ?, ?, default)
Hibernate: 
    insert 
    into
        employees
        (created_at, date_of_birth, department, email, first_name, hire_date, last_name, phone_number, position, salary, updated_at, id) 
    values
        (?, ?, ?, ?, ?, ?, ?, ?, ?, ?, ?, default)
2025-08-20T10:32:14.159+05:30 DEBUG 34558 --- [employee_management] [           main] org.springframework.test.context.cache   : Spring test ApplicationContext cache statistics: [DefaultContextCache@5834298c size = 1, maxSize = 32, parentContextCount = 0, hitCount = 48, missCount = 1, failureCount = 0]
2025-08-20T10:32:14.161+05:30 DEBUG 34558 --- [employee_management] [           main] org.hibernate.SQL                        : 
    select
        e1_0.id,
        e1_0.created_at,
        e1_0.date_of_birth,
        e1_0.department,
        e1_0.email,
        e1_0.first_name,
        e1_0.hire_date,
        e1_0.last_name,
        e1_0.phone_number,
        e1_0.position,
        e1_0.salary,
        e1_0.updated_at 
    from
        employees e1_0
Hibernate: 
    select
        e1_0.id,
        e1_0.created_at,
        e1_0.date_of_birth,
        e1_0.department,
        e1_0.email,
        e1_0.first_name,
        e1_0.hire_date,
        e1_0.last_name,
        e1_0.phone_number,
        e1_0.position,
        e1_0.salary,
        e1_0.updated_at 
    from
        employees e1_0
2025-08-20T10:32:14.161+05:30 DEBUG 34558 --- [employee_management] [           main] org.springframework.test.context.cache   : Spring test ApplicationContext cache statistics: [DefaultContextCache@5834298c size = 1, maxSize = 32, parentContextCount = 0, hitCount = 49, missCount = 1, failureCount = 0]
2025-08-20T10:32:14.161+05:30 DEBUG 34558 --- [employee_management] [           main] org.springframework.test.context.cache   : Spring test ApplicationContext cache statistics: [DefaultContextCache@5834298c size = 1, maxSize = 32, parentContextCount = 0, hitCount = 50, missCount = 1, failureCount = 0]
2025-08-20T10:32:14.162+05:30 DEBUG 34558 --- [employee_management] [           main] org.springframework.test.context.cache   : Spring test ApplicationContext cache statistics: [DefaultContextCache@5834298c size = 1, maxSize = 32, parentContextCount = 0, hitCount = 51, missCount = 1, failureCount = 0]
2025-08-20T10:32:14.162+05:30 DEBUG 34558 --- [employee_management] [           main] org.springframework.test.context.cache   : Spring test ApplicationContext cache statistics: [DefaultContextCache@5834298c size = 1, maxSize = 32, parentContextCount = 0, hitCount = 52, missCount = 1, failureCount = 0]
2025-08-20T10:32:14.162+05:30 DEBUG 34558 --- [employee_management] [           main] org.springframework.test.context.cache   : Spring test ApplicationContext cache statistics: [DefaultContextCache@5834298c size = 1, maxSize = 32, parentContextCount = 0, hitCount = 53, missCount = 1, failureCount = 0]
2025-08-20T10:32:14.162+05:30 DEBUG 34558 --- [employee_management] [           main] org.springframework.test.context.cache   : Spring test ApplicationContext cache statistics: [DefaultContextCache@5834298c size = 1, maxSize = 32, parentContextCount = 0, hitCount = 54, missCount = 1, failureCount = 0]
2025-08-20T10:32:14.162+05:30 DEBUG 34558 --- [employee_management] [           main] org.springframework.test.context.cache   : Spring test ApplicationContext cache statistics: [DefaultContextCache@5834298c size = 1, maxSize = 32, parentContextCount = 0, hitCount = 55, missCount = 1, failureCount = 0]
2025-08-20T10:32:14.163+05:30 DEBUG 34558 --- [employee_management] [           main] o.s.t.c.transaction.TransactionContext   : Rolled back transaction (1) for test class [com.example.employee_managment.repository.EmployeeRepositoryTest]; test method [testFindAll]
2025-08-20T10:32:14.163+05:30 DEBUG 34558 --- [employee_management] [           main] .c.s.DirtiesContextTestExecutionListener : After test method: class [EmployeeRepositoryTest], method [testFindAll], class annotated with @DirtiesContext [false] with mode [null], method annotated with @DirtiesContext [false] with mode [null]
]]></system-out>
  </testcase>
  <testcase name="testFindByDepartment" classname="com.example.employee_managment.repository.EmployeeRepositoryTest" time="0.007">
    <system-out><![CDATA[2025-08-20T10:32:14.163+05:30 DEBUG 34558 --- [employee_management] [           main] DependencyInjectionTestExecutionListener : Performing dependency injection for test class com.example.employee_managment.repository.EmployeeRepositoryTest
2025-08-20T10:32:14.163+05:30 DEBUG 34558 --- [employee_management] [           main] org.springframework.test.context.cache   : Spring test ApplicationContext cache statistics: [DefaultContextCache@5834298c size = 1, maxSize = 32, parentContextCount = 0, hitCount = 56, missCount = 1, failureCount = 0]
2025-08-20T10:32:14.164+05:30 DEBUG 34558 --- [employee_management] [           main] org.springframework.test.context.cache   : Spring test ApplicationContext cache statistics: [DefaultContextCache@5834298c size = 1, maxSize = 32, parentContextCount = 0, hitCount = 57, missCount = 1, failureCount = 0]
2025-08-20T10:32:14.164+05:30 DEBUG 34558 --- [employee_management] [           main] sContextBeforeModesTestExecutionListener : Before test method: class [EmployeeRepositoryTest], method [testFindByDepartment], class annotated with @DirtiesContext [false] with mode [null], method annotated with @DirtiesContext [false] with mode [null]
2025-08-20T10:32:14.164+05:30 DEBUG 34558 --- [employee_management] [           main] t.c.t.TransactionalTestExecutionListener : Explicit transaction definition [PROPAGATION_REQUIRED,ISOLATION_DEFAULT] found for test class [com.example.employee_managment.repository.EmployeeRepositoryTest] and test method [testFindByDepartment]
2025-08-20T10:32:14.164+05:30 DEBUG 34558 --- [employee_management] [           main] org.springframework.test.context.cache   : Spring test ApplicationContext cache statistics: [DefaultContextCache@5834298c size = 1, maxSize = 32, parentContextCount = 0, hitCount = 58, missCount = 1, failureCount = 0]
2025-08-20T10:32:14.164+05:30 DEBUG 34558 --- [employee_management] [           main] t.c.t.TransactionalTestExecutionListener : No method-level @Rollback override: using default rollback [true] for test method [void com.example.employee_managment.repository.EmployeeRepositoryTest.testFindByDepartment()]
2025-08-20T10:32:14.165+05:30 DEBUG 34558 --- [employee_management] [           main] o.s.t.c.transaction.TransactionContext   : Began transaction (1) for test class [com.example.employee_managment.repository.EmployeeRepositoryTest]; test method [testFindByDepartment]; transaction manager [org.springframework.orm.jpa.JpaTransactionManager@350e3fb4]; rollback [true]
2025-08-20T10:32:14.165+05:30 DEBUG 34558 --- [employee_management] [           main] org.springframework.test.context.cache   : Spring test ApplicationContext cache statistics: [DefaultContextCache@5834298c size = 1, maxSize = 32, parentContextCount = 0, hitCount = 59, missCount = 1, failureCount = 0]
2025-08-20T10:32:14.165+05:30 DEBUG 34558 --- [employee_management] [           main] org.springframework.test.context.cache   : Spring test ApplicationContext cache statistics: [DefaultContextCache@5834298c size = 1, maxSize = 32, parentContextCount = 0, hitCount = 60, missCount = 1, failureCount = 0]
2025-08-20T10:32:14.165+05:30 DEBUG 34558 --- [employee_management] [           main] org.springframework.test.context.cache   : Spring test ApplicationContext cache statistics: [DefaultContextCache@5834298c size = 1, maxSize = 32, parentContextCount = 0, hitCount = 61, missCount = 1, failureCount = 0]
2025-08-20T10:32:14.165+05:30 DEBUG 34558 --- [employee_management] [           main] org.hibernate.SQL                        : 
    insert 
    into
        employees
        (created_at, date_of_birth, department, email, first_name, hire_date, last_name, phone_number, position, salary, updated_at, id) 
    values
        (?, ?, ?, ?, ?, ?, ?, ?, ?, ?, ?, default)
Hibernate: 
    insert 
    into
        employees
        (created_at, date_of_birth, department, email, first_name, hire_date, last_name, phone_number, position, salary, updated_at, id) 
    values
        (?, ?, ?, ?, ?, ?, ?, ?, ?, ?, ?, default)
2025-08-20T10:32:14.166+05:30 DEBUG 34558 --- [employee_management] [           main] org.hibernate.SQL                        : 
    insert 
    into
        employees
        (created_at, date_of_birth, department, email, first_name, hire_date, last_name, phone_number, position, salary, updated_at, id) 
    values
        (?, ?, ?, ?, ?, ?, ?, ?, ?, ?, ?, default)
Hibernate: 
    insert 
    into
        employees
        (created_at, date_of_birth, department, email, first_name, hire_date, last_name, phone_number, position, salary, updated_at, id) 
    values
        (?, ?, ?, ?, ?, ?, ?, ?, ?, ?, ?, default)
2025-08-20T10:32:14.167+05:30 DEBUG 34558 --- [employee_management] [           main] org.hibernate.SQL                        : 
    insert 
    into
        employees
        (created_at, date_of_birth, department, email, first_name, hire_date, last_name, phone_number, position, salary, updated_at, id) 
    values
        (?, ?, ?, ?, ?, ?, ?, ?, ?, ?, ?, default)
Hibernate: 
    insert 
    into
        employees
        (created_at, date_of_birth, department, email, first_name, hire_date, last_name, phone_number, position, salary, updated_at, id) 
    values
        (?, ?, ?, ?, ?, ?, ?, ?, ?, ?, ?, default)
2025-08-20T10:32:14.167+05:30 DEBUG 34558 --- [employee_management] [           main] org.springframework.test.context.cache   : Spring test ApplicationContext cache statistics: [DefaultContextCache@5834298c size = 1, maxSize = 32, parentContextCount = 0, hitCount = 62, missCount = 1, failureCount = 0]
2025-08-20T10:32:14.169+05:30 DEBUG 34558 --- [employee_management] [           main] org.hibernate.SQL                        : 
    select
        e1_0.id,
        e1_0.created_at,
        e1_0.date_of_birth,
        e1_0.department,
        e1_0.email,
        e1_0.first_name,
        e1_0.hire_date,
        e1_0.last_name,
        e1_0.phone_number,
        e1_0.position,
        e1_0.salary,
        e1_0.updated_at 
    from
        employees e1_0 
    where
        e1_0.department=?
Hibernate: 
    select
        e1_0.id,
        e1_0.created_at,
        e1_0.date_of_birth,
        e1_0.department,
        e1_0.email,
        e1_0.first_name,
        e1_0.hire_date,
        e1_0.last_name,
        e1_0.phone_number,
        e1_0.position,
        e1_0.salary,
        e1_0.updated_at 
    from
        employees e1_0 
    where
        e1_0.department=?
2025-08-20T10:32:14.170+05:30 DEBUG 34558 --- [employee_management] [           main] org.springframework.test.context.cache   : Spring test ApplicationContext cache statistics: [DefaultContextCache@5834298c size = 1, maxSize = 32, parentContextCount = 0, hitCount = 63, missCount = 1, failureCount = 0]
2025-08-20T10:32:14.170+05:30 DEBUG 34558 --- [employee_management] [           main] org.springframework.test.context.cache   : Spring test ApplicationContext cache statistics: [DefaultContextCache@5834298c size = 1, maxSize = 32, parentContextCount = 0, hitCount = 64, missCount = 1, failureCount = 0]
2025-08-20T10:32:14.170+05:30 DEBUG 34558 --- [employee_management] [           main] org.springframework.test.context.cache   : Spring test ApplicationContext cache statistics: [DefaultContextCache@5834298c size = 1, maxSize = 32, parentContextCount = 0, hitCount = 65, missCount = 1, failureCount = 0]
2025-08-20T10:32:14.170+05:30 DEBUG 34558 --- [employee_management] [           main] org.springframework.test.context.cache   : Spring test ApplicationContext cache statistics: [DefaultContextCache@5834298c size = 1, maxSize = 32, parentContextCount = 0, hitCount = 66, missCount = 1, failureCount = 0]
2025-08-20T10:32:14.170+05:30 DEBUG 34558 --- [employee_management] [           main] org.springframework.test.context.cache   : Spring test ApplicationContext cache statistics: [DefaultContextCache@5834298c size = 1, maxSize = 32, parentContextCount = 0, hitCount = 67, missCount = 1, failureCount = 0]
2025-08-20T10:32:14.170+05:30 DEBUG 34558 --- [employee_management] [           main] org.springframework.test.context.cache   : Spring test ApplicationContext cache statistics: [DefaultContextCache@5834298c size = 1, maxSize = 32, parentContextCount = 0, hitCount = 68, missCount = 1, failureCount = 0]
2025-08-20T10:32:14.170+05:30 DEBUG 34558 --- [employee_management] [           main] org.springframework.test.context.cache   : Spring test ApplicationContext cache statistics: [DefaultContextCache@5834298c size = 1, maxSize = 32, parentContextCount = 0, hitCount = 69, missCount = 1, failureCount = 0]
2025-08-20T10:32:14.171+05:30 DEBUG 34558 --- [employee_management] [           main] o.s.t.c.transaction.TransactionContext   : Rolled back transaction (1) for test class [com.example.employee_managment.repository.EmployeeRepositoryTest]; test method [testFindByDepartment]
2025-08-20T10:32:14.171+05:30 DEBUG 34558 --- [employee_management] [           main] .c.s.DirtiesContextTestExecutionListener : After test method: class [EmployeeRepositoryTest], method [testFindByDepartment], class annotated with @DirtiesContext [false] with mode [null], method annotated with @DirtiesContext [false] with mode [null]
]]></system-out>
  </testcase>
  <testcase name="testCountEmployees" classname="com.example.employee_managment.repository.EmployeeRepositoryTest" time="0.038">
    <system-out><![CDATA[2025-08-20T10:32:14.171+05:30 DEBUG 34558 --- [employee_management] [           main] DependencyInjectionTestExecutionListener : Performing dependency injection for test class com.example.employee_managment.repository.EmployeeRepositoryTest
2025-08-20T10:32:14.171+05:30 DEBUG 34558 --- [employee_management] [           main] org.springframework.test.context.cache   : Spring test ApplicationContext cache statistics: [DefaultContextCache@5834298c size = 1, maxSize = 32, parentContextCount = 0, hitCount = 70, missCount = 1, failureCount = 0]
2025-08-20T10:32:14.172+05:30 DEBUG 34558 --- [employee_management] [           main] org.springframework.test.context.cache   : Spring test ApplicationContext cache statistics: [DefaultContextCache@5834298c size = 1, maxSize = 32, parentContextCount = 0, hitCount = 71, missCount = 1, failureCount = 0]
2025-08-20T10:32:14.172+05:30 DEBUG 34558 --- [employee_management] [           main] sContextBeforeModesTestExecutionListener : Before test method: class [EmployeeRepositoryTest], method [testCountEmployees], class annotated with @DirtiesContext [false] with mode [null], method annotated with @DirtiesContext [false] with mode [null]
2025-08-20T10:32:14.172+05:30 DEBUG 34558 --- [employee_management] [           main] t.c.t.TransactionalTestExecutionListener : Explicit transaction definition [PROPAGATION_REQUIRED,ISOLATION_DEFAULT] found for test class [com.example.employee_managment.repository.EmployeeRepositoryTest] and test method [testCountEmployees]
2025-08-20T10:32:14.172+05:30 DEBUG 34558 --- [employee_management] [           main] org.springframework.test.context.cache   : Spring test ApplicationContext cache statistics: [DefaultContextCache@5834298c size = 1, maxSize = 32, parentContextCount = 0, hitCount = 72, missCount = 1, failureCount = 0]
2025-08-20T10:32:14.172+05:30 DEBUG 34558 --- [employee_management] [           main] t.c.t.TransactionalTestExecutionListener : No method-level @Rollback override: using default rollback [true] for test method [void com.example.employee_managment.repository.EmployeeRepositoryTest.testCountEmployees()]
2025-08-20T10:32:14.172+05:30 DEBUG 34558 --- [employee_management] [           main] o.s.t.c.transaction.TransactionContext   : Began transaction (1) for test class [com.example.employee_managment.repository.EmployeeRepositoryTest]; test method [testCountEmployees]; transaction manager [org.springframework.orm.jpa.JpaTransactionManager@350e3fb4]; rollback [true]
2025-08-20T10:32:14.173+05:30 DEBUG 34558 --- [employee_management] [           main] org.springframework.test.context.cache   : Spring test ApplicationContext cache statistics: [DefaultContextCache@5834298c size = 1, maxSize = 32, parentContextCount = 0, hitCount = 73, missCount = 1, failureCount = 0]
2025-08-20T10:32:14.173+05:30 DEBUG 34558 --- [employee_management] [           main] org.springframework.test.context.cache   : Spring test ApplicationContext cache statistics: [DefaultContextCache@5834298c size = 1, maxSize = 32, parentContextCount = 0, hitCount = 74, missCount = 1, failureCount = 0]
2025-08-20T10:32:14.173+05:30 DEBUG 34558 --- [employee_management] [           main] org.springframework.test.context.cache   : Spring test ApplicationContext cache statistics: [DefaultContextCache@5834298c size = 1, maxSize = 32, parentContextCount = 0, hitCount = 75, missCount = 1, failureCount = 0]
2025-08-20T10:32:14.174+05:30 DEBUG 34558 --- [employee_management] [           main] org.hibernate.SQL                        : 
    insert 
    into
        employees
        (created_at, date_of_birth, department, email, first_name, hire_date, last_name, phone_number, position, salary, updated_at, id) 
    values
        (?, ?, ?, ?, ?, ?, ?, ?, ?, ?, ?, default)
Hibernate: 
    insert 
    into
        employees
        (created_at, date_of_birth, department, email, first_name, hire_date, last_name, phone_number, position, salary, updated_at, id) 
    values
        (?, ?, ?, ?, ?, ?, ?, ?, ?, ?, ?, default)
2025-08-20T10:32:14.175+05:30 DEBUG 34558 --- [employee_management] [           main] org.hibernate.SQL                        : 
    insert 
    into
        employees
        (created_at, date_of_birth, department, email, first_name, hire_date, last_name, phone_number, position, salary, updated_at, id) 
    values
        (?, ?, ?, ?, ?, ?, ?, ?, ?, ?, ?, default)
Hibernate: 
    insert 
    into
        employees
        (created_at, date_of_birth, department, email, first_name, hire_date, last_name, phone_number, position, salary, updated_at, id) 
    values
        (?, ?, ?, ?, ?, ?, ?, ?, ?, ?, ?, default)
2025-08-20T10:32:14.175+05:30 DEBUG 34558 --- [employee_management] [           main] org.hibernate.SQL                        : 
    insert 
    into
        employees
        (created_at, date_of_birth, department, email, first_name, hire_date, last_name, phone_number, position, salary, updated_at, id) 
    values
        (?, ?, ?, ?, ?, ?, ?, ?, ?, ?, ?, default)
Hibernate: 
    insert 
    into
        employees
        (created_at, date_of_birth, department, email, first_name, hire_date, last_name, phone_number, position, salary, updated_at, id) 
    values
        (?, ?, ?, ?, ?, ?, ?, ?, ?, ?, ?, default)
2025-08-20T10:32:14.176+05:30 DEBUG 34558 --- [employee_management] [           main] org.springframework.test.context.cache   : Spring test ApplicationContext cache statistics: [DefaultContextCache@5834298c size = 1, maxSize = 32, parentContextCount = 0, hitCount = 76, missCount = 1, failureCount = 0]
2025-08-20T10:32:14.208+05:30 DEBUG 34558 --- [employee_management] [           main] org.hibernate.SQL                        : 
    select
        count(*) 
    from
        employees e1_0
Hibernate: 
    select
        count(*) 
    from
        employees e1_0
2025-08-20T10:32:14.209+05:30 DEBUG 34558 --- [employee_management] [           main] org.springframework.test.context.cache   : Spring test ApplicationContext cache statistics: [DefaultContextCache@5834298c size = 1, maxSize = 32, parentContextCount = 0, hitCount = 77, missCount = 1, failureCount = 0]
2025-08-20T10:32:14.209+05:30 DEBUG 34558 --- [employee_management] [           main] org.springframework.test.context.cache   : Spring test ApplicationContext cache statistics: [DefaultContextCache@5834298c size = 1, maxSize = 32, parentContextCount = 0, hitCount = 78, missCount = 1, failureCount = 0]
2025-08-20T10:32:14.209+05:30 DEBUG 34558 --- [employee_management] [           main] org.springframework.test.context.cache   : Spring test ApplicationContext cache statistics: [DefaultContextCache@5834298c size = 1, maxSize = 32, parentContextCount = 0, hitCount = 79, missCount = 1, failureCount = 0]
2025-08-20T10:32:14.209+05:30 DEBUG 34558 --- [employee_management] [           main] org.springframework.test.context.cache   : Spring test ApplicationContext cache statistics: [DefaultContextCache@5834298c size = 1, maxSize = 32, parentContextCount = 0, hitCount = 80, missCount = 1, failureCount = 0]
2025-08-20T10:32:14.210+05:30 DEBUG 34558 --- [employee_management] [           main] org.springframework.test.context.cache   : Spring test ApplicationContext cache statistics: [DefaultContextCache@5834298c size = 1, maxSize = 32, parentContextCount = 0, hitCount = 81, missCount = 1, failureCount = 0]
2025-08-20T10:32:14.210+05:30 DEBUG 34558 --- [employee_management] [           main] org.springframework.test.context.cache   : Spring test ApplicationContext cache statistics: [DefaultContextCache@5834298c size = 1, maxSize = 32, parentContextCount = 0, hitCount = 82, missCount = 1, failureCount = 0]
2025-08-20T10:32:14.210+05:30 DEBUG 34558 --- [employee_management] [           main] org.springframework.test.context.cache   : Spring test ApplicationContext cache statistics: [DefaultContextCache@5834298c size = 1, maxSize = 32, parentContextCount = 0, hitCount = 83, missCount = 1, failureCount = 0]
2025-08-20T10:32:14.210+05:30 DEBUG 34558 --- [employee_management] [           main] o.s.t.c.transaction.TransactionContext   : Rolled back transaction (1) for test class [com.example.employee_managment.repository.EmployeeRepositoryTest]; test method [testCountEmployees]
2025-08-20T10:32:14.210+05:30 DEBUG 34558 --- [employee_management] [           main] .c.s.DirtiesContextTestExecutionListener : After test method: class [EmployeeRepositoryTest], method [testCountEmployees], class annotated with @DirtiesContext [false] with mode [null], method annotated with @DirtiesContext [false] with mode [null]
]]></system-out>
  </testcase>
  <testcase name="testFindByEmailNotFound" classname="com.example.employee_managment.repository.EmployeeRepositoryTest" time="0.008">
    <system-out><![CDATA[2025-08-20T10:32:14.211+05:30 DEBUG 34558 --- [employee_management] [           main] DependencyInjectionTestExecutionListener : Performing dependency injection for test class com.example.employee_managment.repository.EmployeeRepositoryTest
2025-08-20T10:32:14.211+05:30 DEBUG 34558 --- [employee_management] [           main] org.springframework.test.context.cache   : Spring test ApplicationContext cache statistics: [DefaultContextCache@5834298c size = 1, maxSize = 32, parentContextCount = 0, hitCount = 84, missCount = 1, failureCount = 0]
2025-08-20T10:32:14.211+05:30 DEBUG 34558 --- [employee_management] [           main] org.springframework.test.context.cache   : Spring test ApplicationContext cache statistics: [DefaultContextCache@5834298c size = 1, maxSize = 32, parentContextCount = 0, hitCount = 85, missCount = 1, failureCount = 0]
2025-08-20T10:32:14.211+05:30 DEBUG 34558 --- [employee_management] [           main] sContextBeforeModesTestExecutionListener : Before test method: class [EmployeeRepositoryTest], method [testFindByEmailNotFound], class annotated with @DirtiesContext [false] with mode [null], method annotated with @DirtiesContext [false] with mode [null]
2025-08-20T10:32:14.212+05:30 DEBUG 34558 --- [employee_management] [           main] t.c.t.TransactionalTestExecutionListener : Explicit transaction definition [PROPAGATION_REQUIRED,ISOLATION_DEFAULT] found for test class [com.example.employee_managment.repository.EmployeeRepositoryTest] and test method [testFindByEmailNotFound]
2025-08-20T10:32:14.212+05:30 DEBUG 34558 --- [employee_management] [           main] org.springframework.test.context.cache   : Spring test ApplicationContext cache statistics: [DefaultContextCache@5834298c size = 1, maxSize = 32, parentContextCount = 0, hitCount = 86, missCount = 1, failureCount = 0]
2025-08-20T10:32:14.212+05:30 DEBUG 34558 --- [employee_management] [           main] t.c.t.TransactionalTestExecutionListener : No method-level @Rollback override: using default rollback [true] for test method [void com.example.employee_managment.repository.EmployeeRepositoryTest.testFindByEmailNotFound()]
2025-08-20T10:32:14.212+05:30 DEBUG 34558 --- [employee_management] [           main] o.s.t.c.transaction.TransactionContext   : Began transaction (1) for test class [com.example.employee_managment.repository.EmployeeRepositoryTest]; test method [testFindByEmailNotFound]; transaction manager [org.springframework.orm.jpa.JpaTransactionManager@350e3fb4]; rollback [true]
2025-08-20T10:32:14.212+05:30 DEBUG 34558 --- [employee_management] [           main] org.springframework.test.context.cache   : Spring test ApplicationContext cache statistics: [DefaultContextCache@5834298c size = 1, maxSize = 32, parentContextCount = 0, hitCount = 87, missCount = 1, failureCount = 0]
2025-08-20T10:32:14.212+05:30 DEBUG 34558 --- [employee_management] [           main] org.springframework.test.context.cache   : Spring test ApplicationContext cache statistics: [DefaultContextCache@5834298c size = 1, maxSize = 32, parentContextCount = 0, hitCount = 88, missCount = 1, failureCount = 0]
2025-08-20T10:32:14.212+05:30 DEBUG 34558 --- [employee_management] [           main] org.springframework.test.context.cache   : Spring test ApplicationContext cache statistics: [DefaultContextCache@5834298c size = 1, maxSize = 32, parentContextCount = 0, hitCount = 89, missCount = 1, failureCount = 0]
2025-08-20T10:32:14.213+05:30 DEBUG 34558 --- [employee_management] [           main] org.hibernate.SQL                        : 
    insert 
    into
        employees
        (created_at, date_of_birth, department, email, first_name, hire_date, last_name, phone_number, position, salary, updated_at, id) 
    values
        (?, ?, ?, ?, ?, ?, ?, ?, ?, ?, ?, default)
Hibernate: 
    insert 
    into
        employees
        (created_at, date_of_birth, department, email, first_name, hire_date, last_name, phone_number, position, salary, updated_at, id) 
    values
        (?, ?, ?, ?, ?, ?, ?, ?, ?, ?, ?, default)
2025-08-20T10:32:14.214+05:30 DEBUG 34558 --- [employee_management] [           main] org.hibernate.SQL                        : 
    insert 
    into
        employees
        (created_at, date_of_birth, department, email, first_name, hire_date, last_name, phone_number, position, salary, updated_at, id) 
    values
        (?, ?, ?, ?, ?, ?, ?, ?, ?, ?, ?, default)
Hibernate: 
    insert 
    into
        employees
        (created_at, date_of_birth, department, email, first_name, hire_date, last_name, phone_number, position, salary, updated_at, id) 
    values
        (?, ?, ?, ?, ?, ?, ?, ?, ?, ?, ?, default)
2025-08-20T10:32:14.215+05:30 DEBUG 34558 --- [employee_management] [           main] org.hibernate.SQL                        : 
    insert 
    into
        employees
        (created_at, date_of_birth, department, email, first_name, hire_date, last_name, phone_number, position, salary, updated_at, id) 
    values
        (?, ?, ?, ?, ?, ?, ?, ?, ?, ?, ?, default)
Hibernate: 
    insert 
    into
        employees
        (created_at, date_of_birth, department, email, first_name, hire_date, last_name, phone_number, position, salary, updated_at, id) 
    values
        (?, ?, ?, ?, ?, ?, ?, ?, ?, ?, ?, default)
2025-08-20T10:32:14.215+05:30 DEBUG 34558 --- [employee_management] [           main] org.springframework.test.context.cache   : Spring test ApplicationContext cache statistics: [DefaultContextCache@5834298c size = 1, maxSize = 32, parentContextCount = 0, hitCount = 90, missCount = 1, failureCount = 0]
2025-08-20T10:32:14.216+05:30 DEBUG 34558 --- [employee_management] [           main] org.hibernate.SQL                        : 
    select
        e1_0.id,
        e1_0.created_at,
        e1_0.date_of_birth,
        e1_0.department,
        e1_0.email,
        e1_0.first_name,
        e1_0.hire_date,
        e1_0.last_name,
        e1_0.phone_number,
        e1_0.position,
        e1_0.salary,
        e1_0.updated_at 
    from
        employees e1_0 
    where
        e1_0.email=?
Hibernate: 
    select
        e1_0.id,
        e1_0.created_at,
        e1_0.date_of_birth,
        e1_0.department,
        e1_0.email,
        e1_0.first_name,
        e1_0.hire_date,
        e1_0.last_name,
        e1_0.phone_number,
        e1_0.position,
        e1_0.salary,
        e1_0.updated_at 
    from
        employees e1_0 
    where
        e1_0.email=?
2025-08-20T10:32:14.217+05:30 DEBUG 34558 --- [employee_management] [           main] org.springframework.test.context.cache   : Spring test ApplicationContext cache statistics: [DefaultContextCache@5834298c size = 1, maxSize = 32, parentContextCount = 0, hitCount = 91, missCount = 1, failureCount = 0]
2025-08-20T10:32:14.217+05:30 DEBUG 34558 --- [employee_management] [           main] org.springframework.test.context.cache   : Spring test ApplicationContext cache statistics: [DefaultContextCache@5834298c size = 1, maxSize = 32, parentContextCount = 0, hitCount = 92, missCount = 1, failureCount = 0]
2025-08-20T10:32:14.217+05:30 DEBUG 34558 --- [employee_management] [           main] org.springframework.test.context.cache   : Spring test ApplicationContext cache statistics: [DefaultContextCache@5834298c size = 1, maxSize = 32, parentContextCount = 0, hitCount = 93, missCount = 1, failureCount = 0]
2025-08-20T10:32:14.218+05:30 DEBUG 34558 --- [employee_management] [           main] org.springframework.test.context.cache   : Spring test ApplicationContext cache statistics: [DefaultContextCache@5834298c size = 1, maxSize = 32, parentContextCount = 0, hitCount = 94, missCount = 1, failureCount = 0]
2025-08-20T10:32:14.218+05:30 DEBUG 34558 --- [employee_management] [           main] org.springframework.test.context.cache   : Spring test ApplicationContext cache statistics: [DefaultContextCache@5834298c size = 1, maxSize = 32, parentContextCount = 0, hitCount = 95, missCount = 1, failureCount = 0]
2025-08-20T10:32:14.218+05:30 DEBUG 34558 --- [employee_management] [           main] org.springframework.test.context.cache   : Spring test ApplicationContext cache statistics: [DefaultContextCache@5834298c size = 1, maxSize = 32, parentContextCount = 0, hitCount = 96, missCount = 1, failureCount = 0]
2025-08-20T10:32:14.218+05:30 DEBUG 34558 --- [employee_management] [           main] org.springframework.test.context.cache   : Spring test ApplicationContext cache statistics: [DefaultContextCache@5834298c size = 1, maxSize = 32, parentContextCount = 0, hitCount = 97, missCount = 1, failureCount = 0]
2025-08-20T10:32:14.218+05:30 DEBUG 34558 --- [employee_management] [           main] o.s.t.c.transaction.TransactionContext   : Rolled back transaction (1) for test class [com.example.employee_managment.repository.EmployeeRepositoryTest]; test method [testFindByEmailNotFound]
2025-08-20T10:32:14.218+05:30 DEBUG 34558 --- [employee_management] [           main] .c.s.DirtiesContextTestExecutionListener : After test method: class [EmployeeRepositoryTest], method [testFindByEmailNotFound], class annotated with @DirtiesContext [false] with mode [null], method annotated with @DirtiesContext [false] with mode [null]
]]></system-out>
  </testcase>
  <testcase name="testFindById" classname="com.example.employee_managment.repository.EmployeeRepositoryTest" time="0.004">
    <system-out><![CDATA[2025-08-20T10:32:14.219+05:30 DEBUG 34558 --- [employee_management] [           main] DependencyInjectionTestExecutionListener : Performing dependency injection for test class com.example.employee_managment.repository.EmployeeRepositoryTest
2025-08-20T10:32:14.219+05:30 DEBUG 34558 --- [employee_management] [           main] org.springframework.test.context.cache   : Spring test ApplicationContext cache statistics: [DefaultContextCache@5834298c size = 1, maxSize = 32, parentContextCount = 0, hitCount = 98, missCount = 1, failureCount = 0]
2025-08-20T10:32:14.220+05:30 DEBUG 34558 --- [employee_management] [           main] org.springframework.test.context.cache   : Spring test ApplicationContext cache statistics: [DefaultContextCache@5834298c size = 1, maxSize = 32, parentContextCount = 0, hitCount = 99, missCount = 1, failureCount = 0]
2025-08-20T10:32:14.220+05:30 DEBUG 34558 --- [employee_management] [           main] sContextBeforeModesTestExecutionListener : Before test method: class [EmployeeRepositoryTest], method [testFindById], class annotated with @DirtiesContext [false] with mode [null], method annotated with @DirtiesContext [false] with mode [null]
2025-08-20T10:32:14.220+05:30 DEBUG 34558 --- [employee_management] [           main] t.c.t.TransactionalTestExecutionListener : Explicit transaction definition [PROPAGATION_REQUIRED,ISOLATION_DEFAULT] found for test class [com.example.employee_managment.repository.EmployeeRepositoryTest] and test method [testFindById]
2025-08-20T10:32:14.220+05:30 DEBUG 34558 --- [employee_management] [           main] org.springframework.test.context.cache   : Spring test ApplicationContext cache statistics: [DefaultContextCache@5834298c size = 1, maxSize = 32, parentContextCount = 0, hitCount = 100, missCount = 1, failureCount = 0]
2025-08-20T10:32:14.220+05:30 DEBUG 34558 --- [employee_management] [           main] t.c.t.TransactionalTestExecutionListener : No method-level @Rollback override: using default rollback [true] for test method [void com.example.employee_managment.repository.EmployeeRepositoryTest.testFindById()]
2025-08-20T10:32:14.221+05:30 DEBUG 34558 --- [employee_management] [           main] o.s.t.c.transaction.TransactionContext   : Began transaction (1) for test class [com.example.employee_managment.repository.EmployeeRepositoryTest]; test method [testFindById]; transaction manager [org.springframework.orm.jpa.JpaTransactionManager@350e3fb4]; rollback [true]
2025-08-20T10:32:14.221+05:30 DEBUG 34558 --- [employee_management] [           main] org.springframework.test.context.cache   : Spring test ApplicationContext cache statistics: [DefaultContextCache@5834298c size = 1, maxSize = 32, parentContextCount = 0, hitCount = 101, missCount = 1, failureCount = 0]
2025-08-20T10:32:14.221+05:30 DEBUG 34558 --- [employee_management] [           main] org.springframework.test.context.cache   : Spring test ApplicationContext cache statistics: [DefaultContextCache@5834298c size = 1, maxSize = 32, parentContextCount = 0, hitCount = 102, missCount = 1, failureCount = 0]
2025-08-20T10:32:14.221+05:30 DEBUG 34558 --- [employee_management] [           main] org.springframework.test.context.cache   : Spring test ApplicationContext cache statistics: [DefaultContextCache@5834298c size = 1, maxSize = 32, parentContextCount = 0, hitCount = 103, missCount = 1, failureCount = 0]
2025-08-20T10:32:14.221+05:30 DEBUG 34558 --- [employee_management] [           main] org.hibernate.SQL                        : 
    insert 
    into
        employees
        (created_at, date_of_birth, department, email, first_name, hire_date, last_name, phone_number, position, salary, updated_at, id) 
    values
        (?, ?, ?, ?, ?, ?, ?, ?, ?, ?, ?, default)
Hibernate: 
    insert 
    into
        employees
        (created_at, date_of_birth, department, email, first_name, hire_date, last_name, phone_number, position, salary, updated_at, id) 
    values
        (?, ?, ?, ?, ?, ?, ?, ?, ?, ?, ?, default)
2025-08-20T10:32:14.222+05:30 DEBUG 34558 --- [employee_management] [           main] org.hibernate.SQL                        : 
    insert 
    into
        employees
        (created_at, date_of_birth, department, email, first_name, hire_date, last_name, phone_number, position, salary, updated_at, id) 
    values
        (?, ?, ?, ?, ?, ?, ?, ?, ?, ?, ?, default)
Hibernate: 
    insert 
    into
        employees
        (created_at, date_of_birth, department, email, first_name, hire_date, last_name, phone_number, position, salary, updated_at, id) 
    values
        (?, ?, ?, ?, ?, ?, ?, ?, ?, ?, ?, default)
2025-08-20T10:32:14.223+05:30 DEBUG 34558 --- [employee_management] [           main] org.hibernate.SQL                        : 
    insert 
    into
        employees
        (created_at, date_of_birth, department, email, first_name, hire_date, last_name, phone_number, position, salary, updated_at, id) 
    values
        (?, ?, ?, ?, ?, ?, ?, ?, ?, ?, ?, default)
Hibernate: 
    insert 
    into
        employees
        (created_at, date_of_birth, department, email, first_name, hire_date, last_name, phone_number, position, salary, updated_at, id) 
    values
        (?, ?, ?, ?, ?, ?, ?, ?, ?, ?, ?, default)
2025-08-20T10:32:14.223+05:30 DEBUG 34558 --- [employee_management] [           main] org.springframework.test.context.cache   : Spring test ApplicationContext cache statistics: [DefaultContextCache@5834298c size = 1, maxSize = 32, parentContextCount = 0, hitCount = 104, missCount = 1, failureCount = 0]
2025-08-20T10:32:14.224+05:30 DEBUG 34558 --- [employee_management] [           main] org.springframework.test.context.cache   : Spring test ApplicationContext cache statistics: [DefaultContextCache@5834298c size = 1, maxSize = 32, parentContextCount = 0, hitCount = 105, missCount = 1, failureCount = 0]
2025-08-20T10:32:14.224+05:30 DEBUG 34558 --- [employee_management] [           main] org.springframework.test.context.cache   : Spring test ApplicationContext cache statistics: [DefaultContextCache@5834298c size = 1, maxSize = 32, parentContextCount = 0, hitCount = 106, missCount = 1, failureCount = 0]
2025-08-20T10:32:14.224+05:30 DEBUG 34558 --- [employee_management] [           main] org.springframework.test.context.cache   : Spring test ApplicationContext cache statistics: [DefaultContextCache@5834298c size = 1, maxSize = 32, parentContextCount = 0, hitCount = 107, missCount = 1, failureCount = 0]
2025-08-20T10:32:14.224+05:30 DEBUG 34558 --- [employee_management] [           main] org.springframework.test.context.cache   : Spring test ApplicationContext cache statistics: [DefaultContextCache@5834298c size = 1, maxSize = 32, parentContextCount = 0, hitCount = 108, missCount = 1, failureCount = 0]
2025-08-20T10:32:14.224+05:30 DEBUG 34558 --- [employee_management] [           main] org.springframework.test.context.cache   : Spring test ApplicationContext cache statistics: [DefaultContextCache@5834298c size = 1, maxSize = 32, parentContextCount = 0, hitCount = 109, missCount = 1, failureCount = 0]
2025-08-20T10:32:14.224+05:30 DEBUG 34558 --- [employee_management] [           main] org.springframework.test.context.cache   : Spring test ApplicationContext cache statistics: [DefaultContextCache@5834298c size = 1, maxSize = 32, parentContextCount = 0, hitCount = 110, missCount = 1, failureCount = 0]
2025-08-20T10:32:14.224+05:30 DEBUG 34558 --- [employee_management] [           main] org.springframework.test.context.cache   : Spring test ApplicationContext cache statistics: [DefaultContextCache@5834298c size = 1, maxSize = 32, parentContextCount = 0, hitCount = 111, missCount = 1, failureCount = 0]
2025-08-20T10:32:14.224+05:30 DEBUG 34558 --- [employee_management] [           main] o.s.t.c.transaction.TransactionContext   : Rolled back transaction (1) for test class [com.example.employee_managment.repository.EmployeeRepositoryTest]; test method [testFindById]
2025-08-20T10:32:14.224+05:30 DEBUG 34558 --- [employee_management] [           main] .c.s.DirtiesContextTestExecutionListener : After test method: class [EmployeeRepositoryTest], method [testFindById], class annotated with @DirtiesContext [false] with mode [null], method annotated with @DirtiesContext [false] with mode [null]
]]></system-out>
  </testcase>
  <testcase name="testFindByIdNotFound" classname="com.example.employee_managment.repository.EmployeeRepositoryTest" time="0.006">
    <system-out><![CDATA[2025-08-20T10:32:14.225+05:30 DEBUG 34558 --- [employee_management] [           main] DependencyInjectionTestExecutionListener : Performing dependency injection for test class com.example.employee_managment.repository.EmployeeRepositoryTest
[...]
2025-08-20T10:32:14.260+05:30 DEBUG 34558 --- [employee_management] [           main] org.springframework.test.context.cache   : Spring test ApplicationContext cache statistics: [DefaultContextCache@5834298c size = 1, maxSize = 32, parentContextCount = 0, hitCount = 181, missCount = 1, failureCount = 0]
2025-08-20T10:32:14.261+05:30 DEBUG 34558 --- [employee_management] [           main] o.s.t.c.transaction.TransactionContext   : Rolled back transaction (1) for test class [com.example.employee_managment.repository.EmployeeRepositoryTest]; test method [testExistsByEmail]
2025-08-20T10:32:14.261+05:30 DEBUG 34558 --- [employee_management] [           main] .c.s.DirtiesContextTestExecutionListener : After test method: class [EmployeeRepositoryTest], method [testExistsByEmail], class annotated with @DirtiesContext [false] with mode [null], method annotated with @DirtiesContext [false] with mode [null]
]]></system-out>
  </testcase>
  <testcase name="testFindEmployeesWithSalaryGreaterThan" classname="com.example.employee_managment.repository.EmployeeRepositoryTest" time="0.008">
    <system-out><![CDATA[2025-08-20T10:32:14.261+05:30 DEBUG 34558 --- [employee_management] [           main] DependencyInjectionTestExecutionListener : Performing dependency injection for test class com.example.employee_managment.repository.EmployeeRepositoryTest
2025-08-20T10:32:14.262+05:30 DEBUG 34558 --- [employee_management] [           main] org.springframework.test.context.cache   : Spring test ApplicationContext cache statistics: [DefaultContextCache@5834298c size = 1, maxSize = 32, parentContextCount = 0, hitCount = 182, missCount = 1, failureCount = 0]
2025-08-20T10:32:14.262+05:30 DEBUG 34558 --- [employee_management] [           main] org.springframework.test.context.cache   : Spring test ApplicationContext cache statistics: [DefaultContextCache@5834298c size = 1, maxSize = 32, parentContextCount = 0, hitCount = 183, missCount = 1, failureCount = 0]
2025-08-20T10:32:14.263+05:30 DEBUG 34558 --- [employee_management] [           main] sContextBeforeModesTestExecutionListener : Before test method: class [EmployeeRepositoryTest], method [testFindEmployeesWithSalaryGreaterThan], class annotated with @DirtiesContext [false] with mode [null], method annotated with @DirtiesContext [false] with mode [null]
2025-08-20T10:32:14.263+05:30 DEBUG 34558 --- [employee_management] [           main] t.c.t.TransactionalTestExecutionListener : Explicit transaction definition [PROPAGATION_REQUIRED,ISOLATION_DEFAULT] found for test class [com.example.employee_managment.repository.EmployeeRepositoryTest] and test method [testFindEmployeesWithSalaryGreaterThan]
2025-08-20T10:32:14.263+05:30 DEBUG 34558 --- [employee_management] [           main] org.springframework.test.context.cache   : Spring test ApplicationContext cache statistics: [DefaultContextCache@5834298c size = 1, maxSize = 32, parentContextCount = 0, hitCount = 184, missCount = 1, failureCount = 0]
2025-08-20T10:32:14.263+05:30 DEBUG 34558 --- [employee_management] [           main] t.c.t.TransactionalTestExecutionListener : No method-level @Rollback override: using default rollback [true] for test method [void com.example.employee_managment.repository.EmployeeRepositoryTest.testFindEmployeesWithSalaryGreaterThan()]
2025-08-20T10:32:14.263+05:30 DEBUG 34558 --- [employee_management] [           main] o.s.t.c.transaction.TransactionContext   : Began transaction (1) for test class [com.example.employee_managment.repository.EmployeeRepositoryTest]; test method [testFindEmployeesWithSalaryGreaterThan]; transaction manager [org.springframework.orm.jpa.JpaTransactionManager@350e3fb4]; rollback [true]
2025-08-20T10:32:14.263+05:30 DEBUG 34558 --- [employee_management] [           main] org.springframework.test.context.cache   : Spring test ApplicationContext cache statistics: [DefaultContextCache@5834298c size = 1, maxSize = 32, parentContextCount = 0, hitCount = 185, missCount = 1, failureCount = 0]
2025-08-20T10:32:14.263+05:30 DEBUG 34558 --- [employee_management] [           main] org.springframework.test.context.cache   : Spring test ApplicationContext cache statistics: [DefaultContextCache@5834298c size = 1, maxSize = 32, parentContextCount = 0, hitCount = 186, missCount = 1, failureCount = 0]
2025-08-20T10:32:14.264+05:30 DEBUG 34558 --- [employee_management] [           main] org.springframework.test.context.cache   : Spring test ApplicationContext cache statistics: [DefaultContextCache@5834298c size = 1, maxSize = 32, parentContextCount = 0, hitCount = 187, missCount = 1, failureCount = 0]
2025-08-20T10:32:14.264+05:30 DEBUG 34558 --- [employee_management] [           main] org.hibernate.SQL                        : 
    insert 
    into
        employees
        (created_at, date_of_birth, department, email, first_name, hire_date, last_name, phone_number, position, salary, updated_at, id) 
    values
        (?, ?, ?, ?, ?, ?, ?, ?, ?, ?, ?, default)
Hibernate: 
    insert 
    into
        employees
        (created_at, date_of_birth, department, email, first_name, hire_date, last_name, phone_number, position, salary, updated_at, id) 
    values
        (?, ?, ?, ?, ?, ?, ?, ?, ?, ?, ?, default)
2025-08-20T10:32:14.265+05:30 DEBUG 34558 --- [employee_management] [           main] org.hibernate.SQL                        : 
    insert 
    into
        employees
        (created_at, date_of_birth, department, email, first_name, hire_date, last_name, phone_number, position, salary, updated_at, id) 
    values
        (?, ?, ?, ?, ?, ?, ?, ?, ?, ?, ?, default)
Hibernate: 
    insert 
    into
        employees
        (created_at, date_of_birth, department, email, first_name, hire_date, last_name, phone_number, position, salary, updated_at, id) 
    values
        (?, ?, ?, ?, ?, ?, ?, ?, ?, ?, ?, default)
2025-08-20T10:32:14.265+05:30 DEBUG 34558 --- [employee_management] [           main] org.hibernate.SQL                        : 
    insert 
    into
        employees
        (created_at, date_of_birth, department, email, first_name, hire_date, last_name, phone_number, position, salary, updated_at, id) 
    values
        (?, ?, ?, ?, ?, ?, ?, ?, ?, ?, ?, default)
Hibernate: 
    insert 
    into
        employees
        (created_at, date_of_birth, department, email, first_name, hire_date, last_name, phone_number, position, salary, updated_at, id) 
    values
        (?, ?, ?, ?, ?, ?, ?, ?, ?, ?, ?, default)
2025-08-20T10:32:14.266+05:30 DEBUG 34558 --- [employee_management] [           main] org.springframework.test.context.cache   : Spring test ApplicationContext cache statistics: [DefaultContextCache@5834298c size = 1, maxSize = 32, parentContextCount = 0, hitCount = 188, missCount = 1, failureCount = 0]
2025-08-20T10:32:14.269+05:30 DEBUG 34558 --- [employee_management] [           main] org.hibernate.SQL                        : 
    select
        e1_0.id,
        e1_0.created_at,
        e1_0.date_of_birth,
        e1_0.department,
        e1_0.email,
        e1_0.first_name,
        e1_0.hire_date,
        e1_0.last_name,
        e1_0.phone_number,
        e1_0.position,
        e1_0.salary,
        e1_0.updated_at 
    from
        employees e1_0 
    where
        e1_0.salary>?
Hibernate: 
    select
        e1_0.id,
        e1_0.created_at,
        e1_0.date_of_birth,
        e1_0.department,
        e1_0.email,
        e1_0.first_name,
        e1_0.hire_date,
        e1_0.last_name,
        e1_0.phone_number,
        e1_0.position,
        e1_0.salary,
        e1_0.updated_at 
    from
        employees e1_0 
    where
        e1_0.salary>?
2025-08-20T10:32:14.270+05:30 DEBUG 34558 --- [employee_management] [           main] org.springframework.test.context.cache   : Spring test ApplicationContext cache statistics: [DefaultContextCache@5834298c size = 1, maxSize = 32, parentContextCount = 0, hitCount = 189, missCount = 1, failureCount = 0]
2025-08-20T10:32:14.270+05:30 DEBUG 34558 --- [employee_management] [           main] org.springframework.test.context.cache   : Spring test ApplicationContext cache statistics: [DefaultContextCache@5834298c size = 1, maxSize = 32, parentContextCount = 0, hitCount = 190, missCount = 1, failureCount = 0]
2025-08-20T10:32:14.270+05:30 DEBUG 34558 --- [employee_management] [           main] org.springframework.test.context.cache   : Spring test ApplicationContext cache statistics: [DefaultContextCache@5834298c size = 1, maxSize = 32, parentContextCount = 0, hitCount = 191, missCount = 1, failureCount = 0]
2025-08-20T10:32:14.270+05:30 DEBUG 34558 --- [employee_management] [           main] org.springframework.test.context.cache   : Spring test ApplicationContext cache statistics: [DefaultContextCache@5834298c size = 1, maxSize = 32, parentContextCount = 0, hitCount = 192, missCount = 1, failureCount = 0]
2025-08-20T10:32:14.270+05:30 DEBUG 34558 --- [employee_management] [           main] org.springframework.test.context.cache   : Spring test ApplicationContext cache statistics: [DefaultContextCache@5834298c size = 1, maxSize = 32, parentContextCount = 0, hitCount = 193, missCount = 1, failureCount = 0]
2025-08-20T10:32:14.270+05:30 DEBUG 34558 --- [employee_management] [           main] org.springframework.test.context.cache   : Spring test ApplicationContext cache statistics: [DefaultContextCache@5834298c size = 1, maxSize = 32, parentContextCount = 0, hitCount = 194, missCount = 1, failureCount = 0]
2025-08-20T10:32:14.270+05:30 DEBUG 34558 --- [employee_management] [           main] org.springframework.test.context.cache   : Spring test ApplicationContext cache statistics: [DefaultContextCache@5834298c size = 1, maxSize = 32, parentContextCount = 0, hitCount = 195, missCount = 1, failureCount = 0]
2025-08-20T10:32:14.270+05:30 DEBUG 34558 --- [employee_management] [           main] o.s.t.c.transaction.TransactionContext   : Rolled back transaction (1) for test class [com.example.employee_managment.repository.EmployeeRepositoryTest]; test method [testFindEmployeesWithSalaryGreaterThan]
2025-08-20T10:32:14.270+05:30 DEBUG 34558 --- [employee_management] [           main] .c.s.DirtiesContextTestExecutionListener : After test method: class [EmployeeRepositoryTest], method [testFindEmployeesWithSalaryGreaterThan], class annotated with @DirtiesContext [false] with mode [null], method annotated with @DirtiesContext [false] with mode [null]
]]></system-out>
  </testcase>
  <testcase name="testFindByDepartmentAndPosition" classname="com.example.employee_managment.repository.EmployeeRepositoryTest" time="0.005">
    <system-out><![CDATA[2025-08-20T10:32:14.271+05:30 DEBUG 34558 --- [employee_management] [           main] DependencyInjectionTestExecutionListener : Performing dependency injection for test class com.example.employee_managment.repository.EmployeeRepositoryTest
2025-08-20T10:32:14.271+05:30 DEBUG 34558 --- [employee_management] [           main] org.springframework.test.context.cache   : Spring test ApplicationContext cache statistics: [DefaultContextCache@5834298c size = 1, maxSize = 32, parentContextCount = 0, hitCount = 196, missCount = 1, failureCount = 0]
2025-08-20T10:32:14.271+05:30 DEBUG 34558 --- [employee_management] [           main] org.springframework.test.context.cache   : Spring test ApplicationContext cache statistics: [DefaultContextCache@5834298c size = 1, maxSize = 32, parentContextCount = 0, hitCount = 197, missCount = 1, failureCount = 0]
2025-08-20T10:32:14.271+05:30 DEBUG 34558 --- [employee_management] [           main] sContextBeforeModesTestExecutionListener : Before test method: class [EmployeeRepositoryTest], method [testFindByDepartmentAndPosition], class annotated with @DirtiesContext [false] with mode [null], method annotated with @DirtiesContext [false] with mode [null]
2025-08-20T10:32:14.271+05:30 DEBUG 34558 --- [employee_management] [           main] t.c.t.TransactionalTestExecutionListener : Explicit transaction definition [PROPAGATION_REQUIRED,ISOLATION_DEFAULT] found for test class [com.example.employee_managment.repository.EmployeeRepositoryTest] and test method [testFindByDepartmentAndPosition]
2025-08-20T10:32:14.271+05:30 DEBUG 34558 --- [employee_management] [           main] org.springframework.test.context.cache   : Spring test ApplicationContext cache statistics: [DefaultContextCache@5834298c size = 1, maxSize = 32, parentContextCount = 0, hitCount = 198, missCount = 1, failureCount = 0]
2025-08-20T10:32:14.271+05:30 DEBUG 34558 --- [employee_management] [           main] t.c.t.TransactionalTestExecutionListener : No method-level @Rollback override: using default rollback [true] for test method [void com.example.employee_managment.repository.EmployeeRepositoryTest.testFindByDepartmentAndPosition()]
2025-08-20T10:32:14.272+05:30 DEBUG 34558 --- [employee_management] [           main] o.s.t.c.transaction.TransactionContext   : Began transaction (1) for test class [com.example.employee_managment.repository.EmployeeRepositoryTest]; test method [testFindByDepartmentAndPosition]; transaction manager [org.springframework.orm.jpa.JpaTransactionManager@350e3fb4]; rollback [true]
2025-08-20T10:32:14.272+05:30 DEBUG 34558 --- [employee_management] [           main] org.springframework.test.context.cache   : Spring test ApplicationContext cache statistics: [DefaultContextCache@5834298c size = 1, maxSize = 32, parentContextCount = 0, hitCount = 199, missCount = 1, failureCount = 0]
2025-08-20T10:32:14.272+05:30 DEBUG 34558 --- [employee_management] [           main] org.springframework.test.context.cache   : Spring test ApplicationContext cache statistics: [DefaultContextCache@5834298c size = 1, maxSize = 32, parentContextCount = 0, hitCount = 200, missCount = 1, failureCount = 0]
2025-08-20T10:32:14.272+05:30 DEBUG 34558 --- [employee_management] [           main] org.springframework.test.context.cache   : Spring test ApplicationContext cache statistics: [DefaultContextCache@5834298c size = 1, maxSize = 32, parentContextCount = 0, hitCount = 201, missCount = 1, failureCount = 0]
2025-08-20T10:32:14.272+05:30 DEBUG 34558 --- [employee_management] [           main] org.hibernate.SQL                        : 
    insert 
    into
        employees
        (created_at, date_of_birth, department, email, first_name, hire_date, last_name, phone_number, position, salary, updated_at, id) 
    values
        (?, ?, ?, ?, ?, ?, ?, ?, ?, ?, ?, default)
Hibernate: 
    insert 
    into
        employees
        (created_at, date_of_birth, department, email, first_name, hire_date, last_name, phone_number, position, salary, updated_at, id) 
    values
        (?, ?, ?, ?, ?, ?, ?, ?, ?, ?, ?, default)
2025-08-20T10:32:14.273+05:30 DEBUG 34558 --- [employee_management] [           main] org.hibernate.SQL                        : 
    insert 
    into
        employees
        (created_at, date_of_birth, department, email, first_name, hire_date, last_name, phone_number, position, salary, updated_at, id) 
    values
        (?, ?, ?, ?, ?, ?, ?, ?, ?, ?, ?, default)
Hibernate: 
    insert 
    into
        employees
        (created_at, date_of_birth, department, email, first_name, hire_date, last_name, phone_number, position, salary, updated_at, id) 
    values
        (?, ?, ?, ?, ?, ?, ?, ?, ?, ?, ?, default)
2025-08-20T10:32:14.274+05:30 DEBUG 34558 --- [employee_management] [           main] org.hibernate.SQL                        : 
    insert 
    into
        employees
        (created_at, date_of_birth, department, email, first_name, hire_date, last_name, phone_number, position, salary, updated_at, id) 
    values
        (?, ?, ?, ?, ?, ?, ?, ?, ?, ?, ?, default)
Hibernate: 
    insert 
    into
        employees
        (created_at, date_of_birth, department, email, first_name, hire_date, last_name, phone_number, position, salary, updated_at, id) 
    values
        (?, ?, ?, ?, ?, ?, ?, ?, ?, ?, ?, default)
2025-08-20T10:32:14.274+05:30 DEBUG 34558 --- [employee_management] [           main] org.springframework.test.context.cache   : Spring test ApplicationContext cache statistics: [DefaultContextCache@5834298c size = 1, maxSize = 32, parentContextCount = 0, hitCount = 202, missCount = 1, failureCount = 0]
2025-08-20T10:32:14.275+05:30 DEBUG 34558 --- [employee_management] [           main] org.hibernate.SQL                        : 
    select
        e1_0.id,
        e1_0.created_at,
        e1_0.date_of_birth,
        e1_0.department,
        e1_0.email,
        e1_0.first_name,
        e1_0.hire_date,
        e1_0.last_name,
        e1_0.phone_number,
        e1_0.position,
        e1_0.salary,
        e1_0.updated_at 
    from
        employees e1_0 
    where
        e1_0.department=? 
        and e1_0.position=?
Hibernate: 
    select
        e1_0.id,
        e1_0.created_at,
        e1_0.date_of_birth,
        e1_0.department,
        e1_0.email,
        e1_0.first_name,
        e1_0.hire_date,
        e1_0.last_name,
        e1_0.phone_number,
        e1_0.position,
        e1_0.salary,
        e1_0.updated_at 
    from
        employees e1_0 
    where
        e1_0.department=? 
        and e1_0.position=?
2025-08-20T10:32:14.275+05:30 DEBUG 34558 --- [employee_management] [           main] org.springframework.test.context.cache   : Spring test ApplicationContext cache statistics: [DefaultContextCache@5834298c size = 1, maxSize = 32, parentContextCount = 0, hitCount = 203, missCount = 1, failureCount = 0]
2025-08-20T10:32:14.276+05:30 DEBUG 34558 --- [employee_management] [           main] org.springframework.test.context.cache   : Spring test ApplicationContext cache statistics: [DefaultContextCache@5834298c size = 1, maxSize = 32, parentContextCount = 0, hitCount = 204, missCount = 1, failureCount = 0]
2025-08-20T10:32:14.276+05:30 DEBUG 34558 --- [employee_management] [           main] org.springframework.test.context.cache   : Spring test ApplicationContext cache statistics: [DefaultContextCache@5834298c size = 1, maxSize = 32, parentContextCount = 0, hitCount = 205, missCount = 1, failureCount = 0]
2025-08-20T10:32:14.276+05:30 DEBUG 34558 --- [employee_management] [           main] org.springframework.test.context.cache   : Spring test ApplicationContext cache statistics: [DefaultContextCache@5834298c size = 1, maxSize = 32, parentContextCount = 0, hitCount = 206, missCount = 1, failureCount = 0]
2025-08-20T10:32:14.276+05:30 DEBUG 34558 --- [employee_management] [           main] org.springframework.test.context.cache   : Spring test ApplicationContext cache statistics: [DefaultContextCache@5834298c size = 1, maxSize = 32, parentContextCount = 0, hitCount = 207, missCount = 1, failureCount = 0]
2025-08-20T10:32:14.276+05:30 DEBUG 34558 --- [employee_management] [           main] org.springframework.test.context.cache   : Spring test ApplicationContext cache statistics: [DefaultContextCache@5834298c size = 1, maxSize = 32, parentContextCount = 0, hitCount = 208, missCount = 1, failureCount = 0]
2025-08-20T10:32:14.276+05:30 DEBUG 34558 --- [employee_management] [           main] org.springframework.test.context.cache   : Spring test ApplicationContext cache statistics: [DefaultContextCache@5834298c size = 1, maxSize = 32, parentContextCount = 0, hitCount = 209, missCount = 1, failureCount = 0]
2025-08-20T10:32:14.276+05:30 DEBUG 34558 --- [employee_management] [           main] o.s.t.c.transaction.TransactionContext   : Rolled back transaction (1) for test class [com.example.employee_managment.repository.EmployeeRepositoryTest]; test method [testFindByDepartmentAndPosition]
2025-08-20T10:32:14.276+05:30 DEBUG 34558 --- [employee_management] [           main] .c.s.DirtiesContextTestExecutionListener : After test method: class [EmployeeRepositoryTest], method [testFindByDepartmentAndPosition], class annotated with @DirtiesContext [false] with mode [null], method annotated with @DirtiesContext [false] with mode [null]
]]></system-out>
  </testcase>
</testsuite>