<?xml version="1.0" encoding="UTF-8"?>
<testsuite xmlns:xsi="http://www.w3.org/2001/XMLSchema-instance" xsi:noNamespaceSchemaLocation="https://maven.apache.org/surefire/maven-surefire-plugin/xsd/surefire-test-report-3.0.xsd" version="3.0" name="com.example.employee_managment.controller.EmployeeControllerTest" time="0.37" tests="18" errors="0" skipped="0" failures="0">
  <properties>
[...]
</properties>
  <testcase name="testGetEmployeesByPosition" classname="com.example.employee_managment.controller.EmployeeControllerTest" time="0.078">
    <system-out><![CDATA[2025-08-20T10:32:14.838+05:30 DEBUG 34558 --- [employee_management] [           main] o.s.t.c.support.AbstractContextLoader    : Could not detect default resource locations for test class [com.example.employee_managment.controller.EmployeeControllerTest]: no resource found for suffixes {-context.xml, Context.groovy}.
2025-08-20T10:32:14.838+05:30  INFO 34558 --- [employee_management] [           main] t.c.s.AnnotationConfigContextLoaderUtils : Could not detect default configuration classes for test class [com.example.employee_managment.controller.EmployeeControllerTest]: EmployeeControllerTest does not declare any static, non-private, non-final, nested classes annotated with @Configuration.
2025-08-20T10:32:14.847+05:30  INFO 34558 --- [employee_management] [           main] .b.t.c.SpringBootTestContextBootstrapper : Found @SpringBootConfiguration com.example.employee_managment.EmployeeManagmentApplication for test class com.example.employee_managment.controller.EmployeeControllerTest
2025-08-20T10:32:14.847+05:30 DEBUG 34558 --- [employee_management] [           main] .s.t.c.u.TestContextSpringFactoriesUtils : Skipping candidate TestExecutionListener [org.springframework.test.context.observation.MicrometerObservationRegistryTestExecutionListener] due to a missing dependency. Specify custom TestExecutionListener classes or make the default TestExecutionListener classes and their required dependencies available. Offending class: io.micrometer.context.ThreadLocalAccessor. MicrometerObservationRegistryTestExecutionListener requires io.micrometer:micrometer-observation:1.10.8 or higher and io.micrometer:context-propagation:1.0.3 or higher.
2025-08-20T10:32:14.847+05:30 DEBUG 34558 --- [employee_management] [           main] sContextBeforeModesTestExecutionListener : Before test class: class [EmployeeControllerTest], class annotated with @DirtiesContext [false] with mode [null]
2025-08-20T10:32:14.848+05:30  INFO 34558 --- [employee_management] [           main] o.s.b.d.r.RestartApplicationListener     : Restart disabled due to context in which it is running

  .   ____          _            __ _ _
 /\\ / ___'_ __ _ _(_)_ __  __ _ \ \ \ \
( ( )\___ | '_ | '_| | '_ \/ _` | \ \ \ \
 \\/  ___)| |_)| | | | | || (_| |  ) ) ) )
  '  |____| .__|_| |_|_| |_\__, | / / / /
 =========|_|==============|___/=/_/_/_/

 :: Spring Boot ::                (v3.5.4)

2025-08-20T10:32:14.856+05:30  INFO 34558 --- [employee_management] [           main] c.e.e.controller.EmployeeControllerTest  : Starting EmployeeControllerTest using Java 24.0.1 with PID 34558 (started by apeksha in /Users/apeksha/Desktop/spring-boot-learning/employee_managment)
2025-08-20T10:32:14.856+05:30  INFO 34558 --- [employee_management] [           main] c.e.e.controller.EmployeeControllerTest  : No active profile set, falling back to 1 default profile: "default"
2025-08-20T10:32:14.856+05:30 DEBUG 34558 --- [employee_management] [           main] o.s.w.c.s.GenericWebApplicationContext   : Refreshing org.springframework.web.context.support.GenericWebApplicationContext@33458d84
2025-08-20T10:32:14.990+05:30 DEBUG 34558 --- [employee_management] [           main] s.w.s.m.m.a.RequestMappingHandlerMapping : 12 mappings in 'requestMappingHandlerMapping'
2025-08-20T10:32:15.003+05:30 DEBUG 34558 --- [employee_management] [           main] o.s.w.s.handler.SimpleUrlHandlerMapping  : Patterns [/webjars/**, /**] in 'resourceHandlerMapping'
2025-08-20T10:32:15.005+05:30 DEBUG 34558 --- [employee_management] [           main] s.w.s.m.m.a.RequestMappingHandlerAdapter : ControllerAdvice beans: 0 @ModelAttribute, 0 @InitBinder, 1 RequestBodyAdvice, 1 ResponseBodyAdvice
2025-08-20T10:32:15.007+05:30 DEBUG 34558 --- [employee_management] [           main] .m.m.a.ExceptionHandlerExceptionResolver : ControllerAdvice beans: 0 @ExceptionHandler, 1 ResponseBodyAdvice
2025-08-20T10:32:15.021+05:30  INFO 34558 --- [employee_management] [           main] o.s.b.t.m.w.SpringBootMockServletContext : Initializing Spring TestDispatcherServlet ''
2025-08-20T10:32:15.021+05:30  INFO 34558 --- [employee_management] [           main] o.s.t.web.servlet.TestDispatcherServlet  : Initializing Servlet ''
2025-08-20T10:32:15.021+05:30 DEBUG 34558 --- [employee_management] [           main] o.s.t.web.servlet.TestDispatcherServlet  : Detected AcceptHeaderLocaleResolver
2025-08-20T10:32:15.021+05:30 DEBUG 34558 --- [employee_management] [           main] o.s.t.web.servlet.TestDispatcherServlet  : Detected FixedThemeResolver
2025-08-20T10:32:15.021+05:30 DEBUG 34558 --- [employee_management] [           main] o.s.t.web.servlet.TestDispatcherServlet  : Detected org.springframework.web.servlet.view.DefaultRequestToViewNameTranslator@7655a302
2025-08-20T10:32:15.021+05:30 DEBUG 34558 --- [employee_management] [           main] o.s.t.web.servlet.TestDispatcherServlet  : Detected org.springframework.web.servlet.support.SessionFlashMapManager@1ef46efc
2025-08-20T10:32:15.022+05:30 DEBUG 34558 --- [employee_management] [           main] o.s.t.web.servlet.TestDispatcherServlet  : enableLoggingRequestDetails='false': request parameters and headers will be masked to prevent unsafe logging of potentially sensitive data
2025-08-20T10:32:15.022+05:30  INFO 34558 --- [employee_management] [           main] o.s.t.web.servlet.TestDispatcherServlet  : Completed initialization in 1 ms
2025-08-20T10:32:15.030+05:30  INFO 34558 --- [employee_management] [           main] c.e.e.controller.EmployeeControllerTest  : Started EmployeeControllerTest in 0.182 seconds (process running for 3.363)
2025-08-20T10:32:15.030+05:30 DEBUG 34558 --- [employee_management] [           main] org.springframework.test.context.cache   : Spring test ApplicationContext cache statistics: [DefaultContextCache@5834298c size = 3, maxSize = 32, parentContextCount = 0, hitCount = 226, missCount = 3, failureCount = 0]
2025-08-20T10:32:15.031+05:30 DEBUG 34558 --- [employee_management] [           main] DependencyInjectionTestExecutionListener : Performing dependency injection for test class com.example.employee_managment.controller.EmployeeControllerTest
2025-08-20T10:32:15.031+05:30 DEBUG 34558 --- [employee_management] [           main] org.springframework.test.context.cache   : Spring test ApplicationContext cache statistics: [DefaultContextCache@5834298c size = 3, maxSize = 32, parentContextCount = 0, hitCount = 227, missCount = 3, failureCount = 0]
2025-08-20T10:32:15.033+05:30 DEBUG 34558 --- [employee_management] [           main] org.springframework.test.context.cache   : Spring test ApplicationContext cache statistics: [DefaultContextCache@5834298c size = 3, maxSize = 32, parentContextCount = 0, hitCount = 228, missCount = 3, failureCount = 0]
2025-08-20T10:32:15.033+05:30 DEBUG 34558 --- [employee_management] [           main] sContextBeforeModesTestExecutionListener : Before test method: class [EmployeeControllerTest], method [testGetEmployeesByPosition], class annotated with @DirtiesContext [false] with mode [null], method annotated with @DirtiesContext [false] with mode [null]
2025-08-20T10:32:15.034+05:30 DEBUG 34558 --- [employee_management] [           main] org.springframework.test.context.cache   : Spring test ApplicationContext cache statistics: [DefaultContextCache@5834298c size = 3, maxSize = 32, parentContextCount = 0, hitCount = 229, missCount = 3, failureCount = 0]
2025-08-20T10:32:15.034+05:30 DEBUG 34558 --- [employee_management] [           main] org.springframework.test.context.cache   : Spring test ApplicationContext cache statistics: [DefaultContextCache@5834298c size = 3, maxSize = 32, parentContextCount = 0, hitCount = 230, missCount = 3, failureCount = 0]
2025-08-20T10:32:15.035+05:30 DEBUG 34558 --- [employee_management] [           main] org.springframework.test.context.cache   : Spring test ApplicationContext cache statistics: [DefaultContextCache@5834298c size = 3, maxSize = 32, parentContextCount = 0, hitCount = 231, missCount = 3, failureCount = 0]
2025-08-20T10:32:15.035+05:30 DEBUG 34558 --- [employee_management] [           main] org.springframework.test.context.cache   : Spring test ApplicationContext cache statistics: [DefaultContextCache@5834298c size = 3, maxSize = 32, parentContextCount = 0, hitCount = 232, missCount = 3, failureCount = 0]
2025-08-20T10:32:15.053+05:30 DEBUG 34558 --- [employee_management] [           main] o.s.t.web.servlet.TestDispatcherServlet  : GET "/api/employees/position/Software%20Engineer", parameters={}
2025-08-20T10:32:15.057+05:30 DEBUG 34558 --- [employee_management] [           main] s.w.s.m.m.a.RequestMappingHandlerMapping : Mapped to com.example.employee_managment.controller.EmployeeController#getEmployeesByPosition(String)
2025-08-20T10:32:15.078+05:30 DEBUG 34558 --- [employee_management] [           main] o.s.w.s.m.m.a.HttpEntityMethodProcessor  : Using 'application/json', given [*/*] and supported [application/json, application/*+json]
2025-08-20T10:32:15.079+05:30 DEBUG 34558 --- [employee_management] [           main] o.s.w.s.m.m.a.HttpEntityMethodProcessor  : Writing [[Employee{id=1, firstName='John', lastName='Doe', email='john.doe@example.com', position='Software E (truncated)...]
2025-08-20T10:32:15.090+05:30 DEBUG 34558 --- [employee_management] [           main] o.s.t.web.servlet.TestDispatcherServlet  : Completed 200 OK
2025-08-20T10:32:15.110+05:30 DEBUG 34558 --- [employee_management] [           main] org.springframework.test.context.cache   : Spring test ApplicationContext cache statistics: [DefaultContextCache@5834298c size = 3, maxSize = 32, parentContextCount = 0, hitCount = 233, missCount = 3, failureCount = 0]
2025-08-20T10:32:15.110+05:30 DEBUG 34558 --- [employee_management] [           main] org.springframework.test.context.cache   : Spring test ApplicationContext cache statistics: [DefaultContextCache@5834298c size = 3, maxSize = 32, parentContextCount = 0, hitCount = 234, missCount = 3, failureCount = 0]
2025-08-20T10:32:15.110+05:30 DEBUG 34558 --- [employee_management] [           main] org.springframework.test.context.cache   : Spring test ApplicationContext cache statistics: [DefaultContextCache@5834298c size = 3, maxSize = 32, parentContextCount = 0, hitCount = 235, missCount = 3, failureCount = 0]
2025-08-20T10:32:15.110+05:30 DEBUG 34558 --- [employee_management] [           main] org.springframework.test.context.cache   : Spring test ApplicationContext cache statistics: [DefaultContextCache@5834298c size = 3, maxSize = 32, parentContextCount = 0, hitCount = 236, missCount = 3, failureCount = 0]
2025-08-20T10:32:15.110+05:30 DEBUG 34558 --- [employee_management] [           main] org.springframework.test.context.cache   : Spring test ApplicationContext cache statistics: [DefaultContextCache@5834298c size = 3, maxSize = 32, parentContextCount = 0, hitCount = 237, missCount = 3, failureCount = 0]
2025-08-20T10:32:15.110+05:30 DEBUG 34558 --- [employee_management] [           main] org.springframework.test.context.cache   : Spring test ApplicationContext cache statistics: [DefaultContextCache@5834298c size = 3, maxSize = 32, parentContextCount = 0, hitCount = 238, missCount = 3, failureCount = 0]
2025-08-20T10:32:15.110+05:30 DEBUG 34558 --- [employee_management] [           main] org.springframework.test.context.cache   : Spring test ApplicationContext cache statistics: [DefaultContextCache@5834298c size = 3, maxSize = 32, parentContextCount = 0, hitCount = 239, missCount = 3, failureCount = 0]
2025-08-20T10:32:15.111+05:30 DEBUG 34558 --- [employee_management] [           main] .c.s.DirtiesContextTestExecutionListener : After test method: class [EmployeeControllerTest], method [testGetEmployeesByPosition], class annotated with @DirtiesContext [false] with mode [null], method annotated with @DirtiesContext [false] with mode [null]
]]></system-out>
  </testcase>
  <testcase name="testDeleteEmployeeSuccess" classname="com.example.employee_managment.controller.EmployeeControllerTest" time="0.004">
    <system-out><![CDATA[2025-08-20T10:32:15.111+05:30 DEBUG 34558 --- [employee_management] [           main] org.springframework.test.context.cache   : Spring test ApplicationContext cache statistics: [DefaultContextCache@5834298c size = 3, maxSize = 32, parentContextCount = 0, hitCount = 240, missCount = 3, failureCount = 0]
2025-08-20T10:32:15.112+05:30 DEBUG 34558 --- [employee_management] [           main] DependencyInjectionTestExecutionListener : Performing dependency injection for test class com.example.employee_managment.controller.EmployeeControllerTest
2025-08-20T10:32:15.112+05:30 DEBUG 34558 --- [employee_management] [           main] org.springframework.test.context.cache   : Spring test ApplicationContext cache statistics: [DefaultContextCache@5834298c size = 3, maxSize = 32, parentContextCount = 0, hitCount = 241, missCount = 3, failureCount = 0]
2025-08-20T10:32:15.112+05:30 DEBUG 34558 --- [employee_management] [           main] org.springframework.test.context.cache   : Spring test ApplicationContext cache statistics: [DefaultContextCache@5834298c size = 3, maxSize = 32, parentContextCount = 0, hitCount = 242, missCount = 3, failureCount = 0]
2025-08-20T10:32:15.112+05:30 DEBUG 34558 --- [employee_management] [           main] sContextBeforeModesTestExecutionListener : Before test method: class [EmployeeControllerTest], method [testDeleteEmployeeSuccess], class annotated with @DirtiesContext [false] with mode [null], method annotated with @DirtiesContext [false] with mode [null]
2025-08-20T10:32:15.112+05:30 DEBUG 34558 --- [employee_management] [           main] org.springframework.test.context.cache   : Spring test ApplicationContext cache statistics: [DefaultContextCache@5834298c size = 3, maxSize = 32, parentContextCount = 0, hitCount = 243, missCount = 3, failureCount = 0]
2025-08-20T10:32:15.112+05:30 DEBUG 34558 --- [employee_management] [           main] org.springframework.test.context.cache   : Spring test ApplicationContext cache statistics: [DefaultContextCache@5834298c size = 3, maxSize = 32, parentContextCount = 0, hitCount = 244, missCount = 3, failureCount = 0]
2025-08-20T10:32:15.113+05:30 DEBUG 34558 --- [employee_management] [           main] org.springframework.test.context.cache   : Spring test ApplicationContext cache statistics: [DefaultContextCache@5834298c size = 3, maxSize = 32, parentContextCount = 0, hitCount = 245, missCount = 3, failureCount = 0]
2025-08-20T10:32:15.113+05:30 DEBUG 34558 --- [employee_management] [           main] org.springframework.test.context.cache   : Spring test ApplicationContext cache statistics: [DefaultContextCache@5834298c size = 3, maxSize = 32, parentContextCount = 0, hitCount = 246, missCount = 3, failureCount = 0]
2025-08-20T10:32:15.114+05:30 DEBUG 34558 --- [employee_management] [           main] o.s.t.web.servlet.TestDispatcherServlet  : DELETE "/api/employees/1", parameters={}
2025-08-20T10:32:15.114+05:30 DEBUG 34558 --- [employee_management] [           main] s.w.s.m.m.a.RequestMappingHandlerMapping : Mapped to com.example.employee_managment.controller.EmployeeController#deleteEmployee(Long)
2025-08-20T10:32:15.115+05:30 DEBUG 34558 --- [employee_management] [           main] o.s.w.s.m.m.a.HttpEntityMethodProcessor  : Using 'application/json', given [*/*] and supported [application/json, application/*+json]
2025-08-20T10:32:15.115+05:30 DEBUG 34558 --- [employee_management] [           main] o.s.w.s.m.m.a.HttpEntityMethodProcessor  : Nothing to write: null body
2025-08-20T10:32:15.115+05:30 DEBUG 34558 --- [employee_management] [           main] o.s.t.web.servlet.TestDispatcherServlet  : Completed 204 NO_CONTENT
2025-08-20T10:32:15.115+05:30 DEBUG 34558 --- [employee_management] [           main] org.springframework.test.context.cache   : Spring test ApplicationContext cache statistics: [DefaultContextCache@5834298c size = 3, maxSize = 32, parentContextCount = 0, hitCount = 247, missCount = 3, failureCount = 0]
2025-08-20T10:32:15.115+05:30 DEBUG 34558 --- [employee_management] [           main] org.springframework.test.context.cache   : Spring test ApplicationContext cache statistics: [DefaultContextCache@5834298c size = 3, maxSize = 32, parentContextCount = 0, hitCount = 248, missCount = 3, failureCount = 0]
2025-08-20T10:32:15.115+05:30 DEBUG 34558 --- [employee_management] [           main] org.springframework.test.context.cache   : Spring test ApplicationContext cache statistics: [DefaultContextCache@5834298c size = 3, maxSize = 32, parentContextCount = 0, hitCount = 249, missCount = 3, failureCount = 0]
2025-08-20T10:32:15.115+05:30 DEBUG 34558 --- [employee_management] [           main] org.springframework.test.context.cache   : Spring test ApplicationContext cache statistics: [DefaultContextCache@5834298c size = 3, maxSize = 32, parentContextCount = 0, hitCount = 250, missCount = 3, failureCount = 0]
2025-08-20T10:32:15.116+05:30 DEBUG 34558 --- [employee_management] [           main] org.springframework.test.context.cache   : Spring test ApplicationContext cache statistics: [DefaultContextCache@5834298c size = 3, maxSize = 32, parentContextCount = 0, hitCount = 251, missCount = 3, failureCount = 0]
2025-08-20T10:32:15.116+05:30 DEBUG 34558 --- [employee_management] [           main] org.springframework.test.context.cache   : Spring test ApplicationContext cache statistics: [DefaultContextCache@5834298c size = 3, maxSize = 32, parentContextCount = 0, hitCount = 252, missCount = 3, failureCount = 0]
2025-08-20T10:32:15.116+05:30 DEBUG 34558 --- [employee_management] [           main] org.springframework.test.context.cache   : Spring test ApplicationContext cache statistics: [DefaultContextCache@5834298c size = 3, maxSize = 32, parentContextCount = 0, hitCount = 253, missCount = 3, failureCount = 0]
2025-08-20T10:32:15.116+05:30 DEBUG 34558 --- [employee_management] [           main] .c.s.DirtiesContextTestExecutionListener : After test method: class [EmployeeControllerTest], method [testDeleteEmployeeSuccess], class annotated with @DirtiesContext [false] with mode [null], method annotated with @DirtiesContext [false] with mode [null]
]]></system-out>
  </testcase>
  <testcase name="testCreateEmployeeSuccess" classname="com.example.employee_managment.controller.EmployeeControllerTest" time="0.027">
    <system-out><![CDATA[2025-08-20T10:32:15.116+05:30 DEBUG 34558 --- [employee_management] [           main] org.springframework.test.context.cache   : Spring test ApplicationContext cache statistics: [DefaultContextCache@5834298c size = 3, maxSize = 32, parentContextCount = 0, hitCount = 254, missCount = 3, failureCount = 0]
2025-08-20T10:32:15.116+05:30 DEBUG 34558 --- [employee_management] [           main] DependencyInjectionTestExecutionListener : Performing dependency injection for test class com.example.employee_managment.controller.EmployeeControllerTest
2025-08-20T10:32:15.116+05:30 DEBUG 34558 --- [employee_management] [           main] org.springframework.test.context.cache   : Spring test ApplicationContext cache statistics: [DefaultContextCache@5834298c size = 3, maxSize = 32, parentContextCount = 0, hitCount = 255, missCount = 3, failureCount = 0]
2025-08-20T10:32:15.117+05:30 DEBUG 34558 --- [employee_management] [           main] org.springframework.test.context.cache   : Spring test ApplicationContext cache statistics: [DefaultContextCache@5834298c size = 3, maxSize = 32, parentContextCount = 0, hitCount = 256, missCount = 3, failureCount = 0]
2025-08-20T10:32:15.117+05:30 DEBUG 34558 --- [employee_management] [           main] sContextBeforeModesTestExecutionListener : Before test method: class [EmployeeControllerTest], method [testCreateEmployeeSuccess], class annotated with @DirtiesContext [false] with mode [null], method annotated with @DirtiesContext [false] with mode [null]
2025-08-20T10:32:15.117+05:30 DEBUG 34558 --- [employee_management] [           main] org.springframework.test.context.cache   : Spring test ApplicationContext cache statistics: [DefaultContextCache@5834298c size = 3, maxSize = 32, parentContextCount = 0, hitCount = 257, missCount = 3, failureCount = 0]
2025-08-20T10:32:15.117+05:30 DEBUG 34558 --- [employee_management] [           main] org.springframework.test.context.cache   : Spring test ApplicationContext cache statistics: [DefaultContextCache@5834298c size = 3, maxSize = 32, parentContextCount = 0, hitCount = 258, missCount = 3, failureCount = 0]
2025-08-20T10:32:15.117+05:30 DEBUG 34558 --- [employee_management] [           main] org.springframework.test.context.cache   : Spring test ApplicationContext cache statistics: [DefaultContextCache@5834298c size = 3, maxSize = 32, parentContextCount = 0, hitCount = 259, missCount = 3, failureCount = 0]
2025-08-20T10:32:15.118+05:30 DEBUG 34558 --- [employee_management] [           main] org.springframework.test.context.cache   : Spring test ApplicationContext cache statistics: [DefaultContextCache@5834298c size = 3, maxSize = 32, parentContextCount = 0, hitCount = 260, missCount = 3, failureCount = 0]
2025-08-20T10:32:15.120+05:30 DEBUG 34558 --- [employee_management] [           main] o.s.t.web.servlet.TestDispatcherServlet  : POST "/api/employees", parameters={}
2025-08-20T10:32:15.120+05:30 DEBUG 34558 --- [employee_management] [           main] s.w.s.m.m.a.RequestMappingHandlerMapping : Mapped to com.example.employee_managment.controller.EmployeeController#createEmployee(Employee)
2025-08-20T10:32:15.133+05:30 DEBUG 34558 --- [employee_management] [           main] m.m.a.RequestResponseBodyMethodProcessor : Read "application/json;charset=UTF-8" to [Employee{id=null, firstName='Alice', lastName='Brown', email='alice.brown@example.com', position='De (truncated)...]
2025-08-20T10:32:15.142+05:30 DEBUG 34558 --- [employee_management] [           main] o.s.w.s.m.m.a.HttpEntityMethodProcessor  : Using 'application/json', given [*/*] and supported [application/json, application/*+json]
2025-08-20T10:32:15.142+05:30 DEBUG 34558 --- [employee_management] [           main] o.s.w.s.m.m.a.HttpEntityMethodProcessor  : Writing [Employee{id=null, firstName='Alice', lastName='Brown', email='alice.brown@example.com', position='De (truncated)...]
2025-08-20T10:32:15.142+05:30 DEBUG 34558 --- [employee_management] [           main] o.s.t.web.servlet.TestDispatcherServlet  : Completed 201 CREATED
2025-08-20T10:32:15.143+05:30 DEBUG 34558 --- [employee_management] [           main] org.springframework.test.context.cache   : Spring test ApplicationContext cache statistics: [DefaultContextCache@5834298c size = 3, maxSize = 32, parentContextCount = 0, hitCount = 261, missCount = 3, failureCount = 0]
2025-08-20T10:32:15.143+05:30 DEBUG 34558 --- [employee_management] [           main] org.springframework.test.context.cache   : Spring test ApplicationContext cache statistics: [DefaultContextCache@5834298c size = 3, maxSize = 32, parentContextCount = 0, hitCount = 262, missCount = 3, failureCount = 0]
2025-08-20T10:32:15.143+05:30 DEBUG 34558 --- [employee_management] [           main] org.springframework.test.context.cache   : Spring test ApplicationContext cache statistics: [DefaultContextCache@5834298c size = 3, maxSize = 32, parentContextCount = 0, hitCount = 263, missCount = 3, failureCount = 0]
2025-08-20T10:32:15.143+05:30 DEBUG 34558 --- [employee_management] [           main] org.springframework.test.context.cache   : Spring test ApplicationContext cache statistics: [DefaultContextCache@5834298c size = 3, maxSize = 32, parentContextCount = 0, hitCount = 264, missCount = 3, failureCount = 0]
2025-08-20T10:32:15.143+05:30 DEBUG 34558 --- [employee_management] [           main] org.springframework.test.context.cache   : Spring test ApplicationContext cache statistics: [DefaultContextCache@5834298c size = 3, maxSize = 32, parentContextCount = 0, hitCount = 265, missCount = 3, failureCount = 0]
2025-08-20T10:32:15.143+05:30 DEBUG 34558 --- [employee_management] [           main] org.springframework.test.context.cache   : Spring test ApplicationContext cache statistics: [DefaultContextCache@5834298c size = 3, maxSize = 32, parentContextCount = 0, hitCount = 266, missCount = 3, failureCount = 0]
2025-08-20T10:32:15.143+05:30 DEBUG 34558 --- [employee_management] [           main] org.springframework.test.context.cache   : Spring test ApplicationContext cache statistics: [DefaultContextCache@5834298c size = 3, maxSize = 32, parentContextCount = 0, hitCount = 267, missCount = 3, failureCount = 0]
2025-08-20T10:32:15.143+05:30 DEBUG 34558 --- [employee_management] [           main] .c.s.DirtiesContextTestExecutionListener : After test method: class [EmployeeControllerTest], method [testCreateEmployeeSuccess], class annotated with @DirtiesContext [false] with mode [null], method annotated with @DirtiesContext [false] with mode [null]
]]></system-out>
  </testcase>
  <testcase name="testCreateEmployeeValidationFailure" classname="com.example.employee_managment.controller.EmployeeControllerTest" time="0.008">
    <system-out><![CDATA[2025-08-20T10:32:15.144+05:30 DEBUG 34558 --- [employee_management] [           main] org.springframework.test.context.cache   : Spring test ApplicationContext cache statistics: [DefaultContextCache@5834298c size = 3, maxSize = 32, parentContextCount = 0, hitCount = 268, missCount = 3, failureCount = 0]
2025-08-20T10:32:15.144+05:30 DEBUG 34558 --- [employee_management] [           main] DependencyInjectionTestExecutionListener : Performing dependency injection for test class com.example.employee_managment.controller.EmployeeControllerTest
2025-08-20T10:32:15.144+05:30 DEBUG 34558 --- [employee_management] [           main] org.springframework.test.context.cache   : Spring test ApplicationContext cache statistics: [DefaultContextCache@5834298c size = 3, maxSize = 32, parentContextCount = 0, hitCount = 269, missCount = 3, failureCount = 0]
2025-08-20T10:32:15.144+05:30 DEBUG 34558 --- [employee_management] [           main] org.springframework.test.context.cache   : Spring test ApplicationContext cache statistics: [DefaultContextCache@5834298c size = 3, maxSize = 32, parentContextCount = 0, hitCount = 270, missCount = 3, failureCount = 0]
2025-08-20T10:32:15.145+05:30 DEBUG 34558 --- [employee_management] [           main] sContextBeforeModesTestExecutionListener : Before test method: class [EmployeeControllerTest], method [testCreateEmployeeValidationFailure], class annotated with @DirtiesContext [false] with mode [null], method annotated with @DirtiesContext [false] with mode [null]
2025-08-20T10:32:15.145+05:30 DEBUG 34558 --- [employee_management] [           main] org.springframework.test.context.cache   : Spring test ApplicationContext cache statistics: [DefaultContextCache@5834298c size = 3, maxSize = 32, parentContextCount = 0, hitCount = 271, missCount = 3, failureCount = 0]
2025-08-20T10:32:15.145+05:30 DEBUG 34558 --- [employee_management] [           main] org.springframework.test.context.cache   : Spring test ApplicationContext cache statistics: [DefaultContextCache@5834298c size = 3, maxSize = 32, parentContextCount = 0, hitCount = 272, missCount = 3, failureCount = 0]
2025-08-20T10:32:15.145+05:30 DEBUG 34558 --- [employee_management] [           main] org.springframework.test.context.cache   : Spring test ApplicationContext cache statistics: [DefaultContextCache@5834298c size = 3, maxSize = 32, parentContextCount = 0, hitCount = 273, missCount = 3, failureCount = 0]
2025-08-20T10:32:15.146+05:30 DEBUG 34558 --- [employee_management] [           main] org.springframework.test.context.cache   : Spring test ApplicationContext cache statistics: [DefaultContextCache@5834298c size = 3, maxSize = 32, parentContextCount = 0, hitCount = 274, missCount = 3, failureCount = 0]
2025-08-20T10:32:15.146+05:30 DEBUG 34558 --- [employee_management] [           main] o.s.t.web.servlet.TestDispatcherServlet  : POST "/api/employees", parameters={}
2025-08-20T10:32:15.146+05:30 DEBUG 34558 --- [employee_management] [           main] s.w.s.m.m.a.RequestMappingHandlerMapping : Mapped to com.example.employee_managment.controller.EmployeeController#createEmployee(Employee)
2025-08-20T10:32:15.147+05:30 DEBUG 34558 --- [employee_management] [           main] m.m.a.RequestResponseBodyMethodProcessor : Read "application/json;charset=UTF-8" to [Employee{id=null, firstName='null', lastName='null', email='null', position='null', department='null (truncated)...]
2025-08-20T10:32:15.151+05:30  WARN 34558 --- [employee_management] [           main] .w.s.m.s.DefaultHandlerExceptionResolver : Resolved [org.springframework.web.bind.MethodArgumentNotValidException: Validation failed for argument [0] in public org.springframework.http.ResponseEntity<com.example.employee_managment.model.Employee> com.example.employee_managment.controller.EmployeeController.createEmployee(com.example.employee_managment.model.Employee) with 3 errors: [Field error in object 'employee' on field 'lastName': rejected value [null]; codes [NotBlank.employee.lastName,NotBlank.lastName,NotBlank.java.lang.String,NotBlank]; arguments [org.springframework.context.support.DefaultMessageSourceResolvable: codes [employee.lastName,lastName]; arguments []; default message [lastName]]; default message [Last name is required]] [Field error in object 'employee' on field 'firstName': rejected value [null]; codes [NotBlank.employee.firstName,NotBlank.firstName,NotBlank.java.lang.String,NotBlank]; arguments [org.springframework.context.support.DefaultMessageSourceResolvable: codes [employee.firstName,firstName]; arguments []; default message [firstName]]; default message [First name is required]] [Field error in object 'employee' on field 'email': rejected value [null]; codes [NotBlank.employee.email,NotBlank.email,NotBlank.java.lang.String,NotBlank]; arguments [org.springframework.context.support.DefaultMessageSourceResolvable: codes [employee.email,email]; arguments []; default message [email]]; default message [Email is required]] ]
2025-08-20T10:32:15.151+05:30 DEBUG 34558 --- [employee_management] [           main] o.s.t.web.servlet.TestDispatcherServlet  : Completed 400 BAD_REQUEST
2025-08-20T10:32:15.152+05:30 DEBUG 34558 --- [employee_management] [           main] org.springframework.test.context.cache   : Spring test ApplicationContext cache statistics: [DefaultContextCache@5834298c size = 3, maxSize = 32, parentContextCount = 0, hitCount = 275, missCount = 3, failureCount = 0]
2025-08-20T10:32:15.152+05:30 DEBUG 34558 --- [employee_management] [           main] org.springframework.test.context.cache   : Spring test ApplicationContext cache statistics: [DefaultContextCache@5834298c size = 3, maxSize = 32, parentContextCount = 0, hitCount = 276, missCount = 3, failureCount = 0]
2025-08-20T10:32:15.152+05:30 DEBUG 34558 --- [employee_management] [           main] org.springframework.test.context.cache   : Spring test ApplicationContext cache statistics: [DefaultContextCache@5834298c size = 3, maxSize = 32, parentContextCount = 0, hitCount = 277, missCount = 3, failureCount = 0]
2025-08-20T10:32:15.152+05:30 DEBUG 34558 --- [employee_management] [           main] org.springframework.test.context.cache   : Spring test ApplicationContext cache statistics: [DefaultContextCache@5834298c size = 3, maxSize = 32, parentContextCount = 0, hitCount = 278, missCount = 3, failureCount = 0]
2025-08-20T10:32:15.152+05:30 DEBUG 34558 --- [employee_management] [           main] org.springframework.test.context.cache   : Spring test ApplicationContext cache statistics: [DefaultContextCache@5834298c size = 3, maxSize = 32, parentContextCount = 0, hitCount = 279, missCount = 3, failureCount = 0]
2025-08-20T10:32:15.152+05:30 DEBUG 34558 --- [employee_management] [           main] org.springframework.test.context.cache   : Spring test ApplicationContext cache statistics: [DefaultContextCache@5834298c size = 3, maxSize = 32, parentContextCount = 0, hitCount = 280, missCount = 3, failureCount = 0]
2025-08-20T10:32:15.152+05:30 DEBUG 34558 --- [employee_management] [           main] org.springframework.test.context.cache   : Spring test ApplicationContext cache statistics: [DefaultContextCache@5834298c size = 3, maxSize = 32, parentContextCount = 0, hitCount = 281, missCount = 3, failureCount = 0]
2025-08-20T10:32:15.152+05:30 DEBUG 34558 --- [employee_management] [           main] .c.s.DirtiesContextTestExecutionListener : After test method: class [EmployeeControllerTest], method [testCreateEmployeeValidationFailure], class annotated with @DirtiesContext [false] with mode [null], method annotated with @DirtiesContext [false] with mode [null]
]]></system-out>
  </testcase>
  <testcase name="testGetEmployeeByIdFound" classname="com.example.employee_managment.controller.EmployeeControllerTest" time="0.004">
    <system-out><![CDATA[2025-08-20T10:32:15.153+05:30 DEBUG 34558 --- [employee_management] [           main] org.springframework.test.context.cache   : Spring test ApplicationContext cache statistics: [DefaultContextCache@5834298c size = 3, maxSize = 32, parentContextCount = 0, hitCount = 282, missCount = 3, failureCount = 0]
2025-08-20T10:32:15.153+05:30 DEBUG 34558 --- [employee_management] [           main] DependencyInjectionTestExecutionListener : Performing dependency injection for test class com.example.employee_managment.controller.EmployeeControllerTest
2025-08-20T10:32:15.153+05:30 DEBUG 34558 --- [employee_management] [           main] org.springframework.test.context.cache   : Spring test ApplicationContext cache statistics: [DefaultContextCache@5834298c size = 3, maxSize = 32, parentContextCount = 0, hitCount = 283, missCount = 3, failureCount = 0]
2025-08-20T10:32:15.153+05:30 DEBUG 34558 --- [employee_management] [           main] org.springframework.test.context.cache   : Spring test ApplicationContext cache statistics: [DefaultContextCache@5834298c size = 3, maxSize = 32, parentContextCount = 0, hitCount = 284, missCount = 3, failureCount = 0]
2025-08-20T10:32:15.153+05:30 DEBUG 34558 --- [employee_management] [           main] sContextBeforeModesTestExecutionListener : Before test method: class [EmployeeControllerTest], method [testGetEmployeeByIdFound], class annotated with @DirtiesContext [false] with mode [null], method annotated with @DirtiesContext [false] with mode [null]
2025-08-20T10:32:15.153+05:30 DEBUG 34558 --- [employee_management] [           main] org.springframework.test.context.cache   : Spring test ApplicationContext cache statistics: [DefaultContextCache@5834298c size = 3, maxSize = 32, parentContextCount = 0, hitCount = 285, missCount = 3, failureCount = 0]
2025-08-20T10:32:15.153+05:30 DEBUG 34558 --- [employee_management] [           main] org.springframework.test.context.cache   : Spring test ApplicationContext cache statistics: [DefaultContextCache@5834298c size = 3, maxSize = 32, parentContextCount = 0, hitCount = 286, missCount = 3, failureCount = 0]
2025-08-20T10:32:15.153+05:30 DEBUG 34558 --- [employee_management] [           main] org.springframework.test.context.cache   : Spring test ApplicationContext cache statistics: [DefaultContextCache@5834298c size = 3, maxSize = 32, parentContextCount = 0, hitCount = 287, missCount = 3, failureCount = 0]
2025-08-20T10:32:15.154+05:30 DEBUG 34558 --- [employee_management] [           main] org.springframework.test.context.cache   : Spring test ApplicationContext cache statistics: [DefaultContextCache@5834298c size = 3, maxSize = 32, parentContextCount = 0, hitCount = 288, missCount = 3, failureCount = 0]
2025-08-20T10:32:15.154+05:30 DEBUG 34558 --- [employee_management] [           main] o.s.t.web.servlet.TestDispatcherServlet  : GET "/api/employees/1", parameters={}
2025-08-20T10:32:15.155+05:30 DEBUG 34558 --- [employee_management] [           main] s.w.s.m.m.a.RequestMappingHandlerMapping : Mapped to com.example.employee_managment.controller.EmployeeController#getEmployeeById(Long)
2025-08-20T10:32:15.155+05:30 DEBUG 34558 --- [employee_management] [           main] o.s.w.s.m.m.a.HttpEntityMethodProcessor  : Using 'application/json', given [*/*] and supported [application/json, application/*+json]
2025-08-20T10:32:15.155+05:30 DEBUG 34558 --- [employee_management] [           main] o.s.w.s.m.m.a.HttpEntityMethodProcessor  : Writing [Employee{id=1, firstName='John', lastName='Doe', email='john.doe@example.com', position='Software En (truncated)...]
2025-08-20T10:32:15.155+05:30 DEBUG 34558 --- [employee_management] [           main] o.s.t.web.servlet.TestDispatcherServlet  : Completed 200 OK
2025-08-20T10:32:15.156+05:30 DEBUG 34558 --- [employee_management] [           main] org.springframework.test.context.cache   : Spring test ApplicationContext cache statistics: [DefaultContextCache@5834298c size = 3, maxSize = 32, parentContextCount = 0, hitCount = 289, missCount = 3, failureCount = 0]
2025-08-20T10:32:15.156+05:30 DEBUG 34558 --- [employee_management] [           main] org.springframework.test.context.cache   : Spring test ApplicationContext cache statistics: [DefaultContextCache@5834298c size = 3, maxSize = 32, parentContextCount = 0, hitCount = 290, missCount = 3, failureCount = 0]
2025-08-20T10:32:15.156+05:30 DEBUG 34558 --- [employee_management] [           main] org.springframework.test.context.cache   : Spring test ApplicationContext cache statistics: [DefaultContextCache@5834298c size = 3, maxSize = 32, parentContextCount = 0, hitCount = 291, missCount = 3, failureCount = 0]
2025-08-20T10:32:15.156+05:30 DEBUG 34558 --- [employee_management] [           main] org.springframework.test.context.cache   : Spring test ApplicationContext cache statistics: [DefaultContextCache@5834298c size = 3, maxSize = 32, parentContextCount = 0, hitCount = 292, missCount = 3, failureCount = 0]
2025-08-20T10:32:15.156+05:30 DEBUG 34558 --- [employee_management] [           main] org.springframework.test.context.cache   : Spring test ApplicationContext cache statistics: [DefaultContextCache@5834298c size = 3, maxSize = 32, parentContextCount = 0, hitCount = 293, missCount = 3, failureCount = 0]
2025-08-20T10:32:15.156+05:30 DEBUG 34558 --- [employee_management] [           main] org.springframework.test.context.cache   : Spring test ApplicationContext cache statistics: [DefaultContextCache@5834298c size = 3, maxSize = 32, parentContextCount = 0, hitCount = 294, missCount = 3, failureCount = 0]
2025-08-20T10:32:15.156+05:30 DEBUG 34558 --- [employee_management] [           main] org.springframework.test.context.cache   : Spring test ApplicationContext cache statistics: [DefaultContextCache@5834298c size = 3, maxSize = 32, parentContextCount = 0, hitCount = 295, missCount = 3, failureCount = 0]
2025-08-20T10:32:15.156+05:30 DEBUG 34558 --- [employee_management] [           main] .c.s.DirtiesContextTestExecutionListener : After test method: class [EmployeeControllerTest], method [testGetEmployeeByIdFound], class annotated with @DirtiesContext [false] with mode [null], method annotated with @DirtiesContext [false] with mode [null]
]]></system-out>
  </testcase>
  <testcase name="testDeleteEmployeeNotFound" classname="com.example.employee_managment.controller.EmployeeControllerTest" time="0.003">
    <system-out><![CDATA[2025-08-20T10:32:15.157+05:30 DEBUG 34558 --- [employee_management] [           main] org.springframework.test.context.cache   : Spring test ApplicationContext cache statistics: [DefaultContextCache@5834298c size = 3, maxSize = 32, parentContextCount = 0, hitCount = 296, missCount = 3, failureCount = 0]
2025-08-20T10:32:15.157+05:30 DEBUG 34558 --- [employee_management] [           main] DependencyInjectionTestExecutionListener : Performing dependency injection for test class com.example.employee_managment.controller.EmployeeControllerTest
2025-08-20T10:32:15.157+05:30 DEBUG 34558 --- [employee_management] [           main] org.springframework.test.context.cache   : Spring test ApplicationContext cache statistics: [DefaultContextCache@5834298c size = 3, maxSize = 32, parentContextCount = 0, hitCount = 297, missCount = 3, failureCount = 0]
2025-08-20T10:32:15.157+05:30 DEBUG 34558 --- [employee_management] [           main] org.springframework.test.context.cache   : Spring test ApplicationContext cache statistics: [DefaultContextCache@5834298c size = 3, maxSize = 32, parentContextCount = 0, hitCount = 298, missCount = 3, failureCount = 0]
2025-08-20T10:32:15.157+05:30 DEBUG 34558 --- [employee_management] [           main] sContextBeforeModesTestExecutionListener : Before test method: class [EmployeeControllerTest], method [testDeleteEmployeeNotFound], class annotated with @DirtiesContext [false] with mode [null], method annotated with @DirtiesContext [false] with mode [null]
2025-08-20T10:32:15.158+05:30 DEBUG 34558 --- [employee_management] [           main] org.springframework.test.context.cache   : Spring test ApplicationContext cache statistics: [DefaultContextCache@5834298c size = 3, maxSize = 32, parentContextCount = 0, hitCount = 299, missCount = 3, failureCount = 0]
2025-08-20T10:32:15.158+05:30 DEBUG 34558 --- [employee_management] [           main] org.springframework.test.context.cache   : Spring test ApplicationContext cache statistics: [DefaultContextCache@5834298c size = 3, maxSize = 32, parentContextCount = 0, hitCount = 300, missCount = 3, failureCount = 0]
2025-08-20T10:32:15.158+05:30 DEBUG 34558 --- [employee_management] [           main] org.springframework.test.context.cache   : Spring test ApplicationContext cache statistics: [DefaultContextCache@5834298c size = 3, maxSize = 32, parentContextCount = 0, hitCount = 301, missCount = 3, failureCount = 0]
2025-08-20T10:32:15.158+05:30 DEBUG 34558 --- [employee_management] [           main] org.springframework.test.context.cache   : Spring test ApplicationContext cache statistics: [DefaultContextCache@5834298c size = 3, maxSize = 32, parentContextCount = 0, hitCount = 302, missCount = 3, failureCount = 0]
2025-08-20T10:32:15.159+05:30 DEBUG 34558 --- [employee_management] [           main] o.s.t.web.servlet.TestDispatcherServlet  : DELETE "/api/employees/999", parameters={}
2025-08-20T10:32:15.159+05:30 DEBUG 34558 --- [employee_management] [           main] s.w.s.m.m.a.RequestMappingHandlerMapping : Mapped to com.example.employee_managment.controller.EmployeeController#deleteEmployee(Long)
2025-08-20T10:32:15.160+05:30 DEBUG 34558 --- [employee_management] [           main] o.s.w.s.m.m.a.HttpEntityMethodProcessor  : Using 'application/json', given [*/*] and supported [application/json, application/*+json]
2025-08-20T10:32:15.160+05:30 DEBUG 34558 --- [employee_management] [           main] o.s.w.s.m.m.a.HttpEntityMethodProcessor  : Nothing to write: null body
2025-08-20T10:32:15.160+05:30 DEBUG 34558 --- [employee_management] [           main] o.s.t.web.servlet.TestDispatcherServlet  : Completed 404 NOT_FOUND
2025-08-20T10:32:15.160+05:30 DEBUG 34558 --- [employee_management] [           main] org.springframework.test.context.cache   : Spring test ApplicationContext cache statistics: [DefaultContextCache@5834298c size = 3, maxSize = 32, parentContextCount = 0, hitCount = 303, missCount = 3, failureCount = 0]
2025-08-20T10:32:15.160+05:30 DEBUG 34558 --- [employee_management] [           main] org.springframework.test.context.cache   : Spring test ApplicationContext cache statistics: [DefaultContextCache@5834298c size = 3, maxSize = 32, parentContextCount = 0, hitCount = 304, missCount = 3, failureCount = 0]
2025-08-20T10:32:15.160+05:30 DEBUG 34558 --- [employee_management] [           main] org.springframework.test.context.cache   : Spring test ApplicationContext cache statistics: [DefaultContextCache@5834298c size = 3, maxSize = 32, parentContextCount = 0, hitCount = 305, missCount = 3, failureCount = 0]
2025-08-20T10:32:15.160+05:30 DEBUG 34558 --- [employee_management] [           main] org.springframework.test.context.cache   : Spring test ApplicationContext cache statistics: [DefaultContextCache@5834298c size = 3, maxSize = 32, parentContextCount = 0, hitCount = 306, missCount = 3, failureCount = 0]
2025-08-20T10:32:15.160+05:30 DEBUG 34558 --- [employee_management] [           main] org.springframework.test.context.cache   : Spring test ApplicationContext cache statistics: [DefaultContextCache@5834298c size = 3, maxSize = 32, parentContextCount = 0, hitCount = 307, missCount = 3, failureCount = 0]
2025-08-20T10:32:15.160+05:30 DEBUG 34558 --- [employee_management] [           main] org.springframework.test.context.cache   : Spring test ApplicationContext cache statistics: [DefaultContextCache@5834298c size = 3, maxSize = 32, parentContextCount = 0, hitCount = 308, missCount = 3, failureCount = 0]
2025-08-20T10:32:15.160+05:30 DEBUG 34558 --- [employee_management] [           main] org.springframework.test.context.cache   : Spring test ApplicationContext cache statistics: [DefaultContextCache@5834298c size = 3, maxSize = 32, parentContextCount = 0, hitCount = 309, missCount = 3, failureCount = 0]
2025-08-20T10:32:15.160+05:30 DEBUG 34558 --- [employee_management] [           main] .c.s.DirtiesContextTestExecutionListener : After test method: class [EmployeeControllerTest], method [testDeleteEmployeeNotFound], class annotated with @DirtiesContext [false] with mode [null], method annotated with @DirtiesContext [false] with mode [null]
]]></system-out>
  </testcase>
  <testcase name="testUpdateEmployeeNotFound" classname="com.example.employee_managment.controller.EmployeeControllerTest" time="0.004">
    <system-out><![CDATA[2025-08-20T10:32:15.161+05:30 DEBUG 34558 --- [employee_management] [           main] org.springframework.test.context.cache   : Spring test ApplicationContext cache statistics: [DefaultContextCache@5834298c size = 3, maxSize = 32, parentContextCount = 0, hitCount = 310, missCount = 3, failureCount = 0]
2025-08-20T10:32:15.161+05:30 DEBUG 34558 --- [employee_management] [           main] DependencyInjectionTestExecutionListener : Performing dependency injection for test class com.example.employee_managment.controller.EmployeeControllerTest
2025-08-20T10:32:15.161+05:30 DEBUG 34558 --- [employee_management] [           main] org.springframework.test.context.cache   : Spring test ApplicationContext cache statistics: [DefaultContextCache@5834298c size = 3, maxSize = 32, parentContextCount = 0, hitCount = 311, missCount = 3, failureCount = 0]
2025-08-20T10:32:15.161+05:30 DEBUG 34558 --- [employee_management] [           main] org.springframework.test.context.cache   : Spring test ApplicationContext cache statistics: [DefaultContextCache@5834298c size = 3, maxSize = 32, parentContextCount = 0, hitCount = 312, missCount = 3, failureCount = 0]
2025-08-20T10:32:15.161+05:30 DEBUG 34558 --- [employee_management] [           main] sContextBeforeModesTestExecutionListener : Before test method: class [EmployeeControllerTest], method [testUpdateEmployeeNotFound], class annotated with @DirtiesContext [false] with mode [null], method annotated with @DirtiesContext [false] with mode [null]
2025-08-20T10:32:15.161+05:30 DEBUG 34558 --- [employee_management] [           main] org.springframework.test.context.cache   : Spring test ApplicationContext cache statistics: [DefaultContextCache@5834298c size = 3, maxSize = 32, parentContextCount = 0, hitCount = 313, missCount = 3, failureCount = 0]
2025-08-20T10:32:15.161+05:30 DEBUG 34558 --- [employee_management] [           main] org.springframework.test.context.cache   : Spring test ApplicationContext cache statistics: [DefaultContextCache@5834298c size = 3, maxSize = 32, parentContextCount = 0, hitCount = 314, missCount = 3, failureCount = 0]
2025-08-20T10:32:15.161+05:30 DEBUG 34558 --- [employee_management] [           main] org.springframework.test.context.cache   : Spring test ApplicationContext cache statistics: [DefaultContextCache@5834298c size = 3, maxSize = 32, parentContextCount = 0, hitCount = 315, missCount = 3, failureCount = 0]
2025-08-20T10:32:15.162+05:30 DEBUG 34558 --- [employee_management] [           main] org.springframework.test.context.cache   : Spring test ApplicationContext cache statistics: [DefaultContextCache@5834298c size = 3, maxSize = 32, parentContextCount = 0, hitCount = 316, missCount = 3, failureCount = 0]
2025-08-20T10:32:15.162+05:30 DEBUG 34558 --- [employee_management] [           main] o.s.t.web.servlet.TestDispatcherServlet  : PUT "/api/employees/999", parameters={}
2025-08-20T10:32:15.162+05:30 DEBUG 34558 --- [employee_management] [           main] s.w.s.m.m.a.RequestMappingHandlerMapping : Mapped to com.example.employee_managment.controller.EmployeeController#updateEmployee(Long, Employee)
2025-08-20T10:32:15.163+05:30 DEBUG 34558 --- [employee_management] [           main] m.m.a.RequestResponseBodyMethodProcessor : Read "application/json;charset=UTF-8" to [Employee{id=null, firstName='John Updated', lastName='Doe Updated', email='john.updated@example.com' (truncated)...]
2025-08-20T10:32:15.164+05:30 DEBUG 34558 --- [employee_management] [           main] o.s.w.s.m.m.a.HttpEntityMethodProcessor  : Using 'application/json', given [*/*] and supported [application/json, application/*+json]
2025-08-20T10:32:15.164+05:30 DEBUG 34558 --- [employee_management] [           main] o.s.w.s.m.m.a.HttpEntityMethodProcessor  : Nothing to write: null body
2025-08-20T10:32:15.164+05:30 DEBUG 34558 --- [employee_management] [           main] o.s.t.web.servlet.TestDispatcherServlet  : Completed 404 NOT_FOUND
2025-08-20T10:32:15.164+05:30 DEBUG 34558 --- [employee_management] [           main] org.springframework.test.context.cache   : Spring test ApplicationContext cache statistics: [DefaultContextCache@5834298c size = 3, maxSize = 32, parentContextCount = 0, hitCount = 317, missCount = 3, failureCount = 0]
2025-08-20T10:32:15.164+05:30 DEBUG 34558 --- [employee_management] [           main] org.springframework.test.context.cache   : Spring test ApplicationContext cache statistics: [DefaultContextCache@5834298c size = 3, maxSize = 32, parentContextCount = 0, hitCount = 318, missCount = 3, failureCount = 0]
2025-08-20T10:32:15.164+05:30 DEBUG 34558 --- [employee_management] [           main] org.springframework.test.context.cache   : Spring test ApplicationContext cache statistics: [DefaultContextCache@5834298c size = 3, maxSize = 32, parentContextCount = 0, hitCount = 319, missCount = 3, failureCount = 0]
2025-08-20T10:32:15.164+05:30 DEBUG 34558 --- [employee_management] [           main] org.springframework.test.context.cache   : Spring test ApplicationContext cache statistics: [DefaultContextCache@5834298c size = 3, maxSize = 32, parentContextCount = 0, hitCount = 320, missCount = 3, failureCount = 0]
2025-08-20T10:32:15.164+05:30 DEBUG 34558 --- [employee_management] [           main] org.springframework.test.context.cache   : Spring test ApplicationContext cache statistics: [DefaultContextCache@5834298c size = 3, maxSize = 32, parentContextCount = 0, hitCount = 321, missCount = 3, failureCount = 0]
2025-08-20T10:32:15.165+05:30 DEBUG 34558 --- [employee_management] [           main] org.springframework.test.context.cache   : Spring test ApplicationContext cache statistics: [DefaultContextCache@5834298c size = 3, maxSize = 32, parentContextCount = 0, hitCount = 322, missCount = 3, failureCount = 0]
2025-08-20T10:32:15.165+05:30 DEBUG 34558 --- [employee_management] [           main] org.springframework.test.context.cache   : Spring test ApplicationContext cache statistics: [DefaultContextCache@5834298c size = 3, maxSize = 32, parentContextCount = 0, hitCount = 323, missCount = 3, failureCount = 0]
2025-08-20T10:32:15.165+05:30 DEBUG 34558 --- [employee_management] [           main] .c.s.DirtiesContextTestExecutionListener : After test method: class [EmployeeControllerTest], method [testUpdateEmployeeNotFound], class annotated with @DirtiesContext [false] with mode [null], method annotated with @DirtiesContext [false] with mode [null]
]]></system-out>
  </testcase>
  <testcase name="testGetEmployeesByDepartment" classname="com.example.employee_managment.controller.EmployeeControllerTest" time="0.002">
    <system-out><![CDATA[2025-08-20T10:32:15.165+05:30 DEBUG 34558 --- [employee_management] [           main] org.springframework.test.context.cache   : Spring test ApplicationContext cache statistics: [DefaultContextCache@5834298c size = 3, maxSize = 32, parentContextCount = 0, hitCount = 324, missCount = 3, failureCount = 0]
2025-08-20T10:32:15.165+05:30 DEBUG 34558 --- [employee_management] [           main] DependencyInjectionTestExecutionListener : Performing dependency injection for test class com.example.employee_managment.controller.EmployeeControllerTest
2025-08-20T10:32:15.165+05:30 DEBUG 34558 --- [employee_management] [           main] org.springframework.test.context.cache   : Spring test ApplicationContext cache statistics: [DefaultContextCache@5834298c size = 3, maxSize = 32, parentContextCount = 0, hitCount = 325, missCount = 3, failureCount = 0]
2025-08-20T10:32:15.165+05:30 DEBUG 34558 --- [employee_management] [           main] org.springframework.test.context.cache   : Spring test ApplicationContext cache statistics: [DefaultContextCache@5834298c size = 3, maxSize = 32, parentContextCount = 0, hitCount = 326, missCount = 3, failureCount = 0]
2025-08-20T10:32:15.166+05:30 DEBUG 34558 --- [employee_management] [           main] sContextBeforeModesTestExecutionListener : Before test method: class [EmployeeControllerTest], method [testGetEmployeesByDepartment], class annotated with @DirtiesContext [false] with mode [null], method annotated with @DirtiesContext [false] with mode [null]
2025-08-20T10:32:15.166+05:30 DEBUG 34558 --- [employee_management] [           main] org.springframework.test.context.cache   : Spring test ApplicationContext cache statistics: [DefaultContextCache@5834298c size = 3, maxSize = 32, parentContextCount = 0, hitCount = 327, missCount = 3, failureCount = 0]
2025-08-20T10:32:15.166+05:30 DEBUG 34558 --- [employee_management] [           main] org.springframework.test.context.cache   : Spring test ApplicationContext cache statistics: [DefaultContextCache@5834298c size = 3, maxSize = 32, parentContextCount = 0, hitCount = 328, missCount = 3, failureCount = 0]
2025-08-20T10:32:15.166+05:30 DEBUG 34558 --- [employee_management] [           main] org.springframework.test.context.cache   : Spring test ApplicationContext cache statistics: [DefaultContextCache@5834298c size = 3, maxSize = 32, parentContextCount = 0, hitCount = 329, missCount = 3, failureCount = 0]
2025-08-20T10:32:15.166+05:30 DEBUG 34558 --- [employee_management] [           main] org.springframework.test.context.cache   : Spring test ApplicationContext cache statistics: [DefaultContextCache@5834298c size = 3, maxSize = 32, parentContextCount = 0, hitCount = 330, missCount = 3, failureCount = 0]
2025-08-20T10:32:15.166+05:30 DEBUG 34558 --- [employee_management] [           main] o.s.t.web.servlet.TestDispatcherServlet  : GET "/api/employees/department/Engineering", parameters={}
2025-08-20T10:32:15.166+05:30 DEBUG 34558 --- [employee_management] [           main] s.w.s.m.m.a.RequestMappingHandlerMapping : Mapped to com.example.employee_managment.controller.EmployeeController#getEmployeesByDepartment(String)
2025-08-20T10:32:15.167+05:30 DEBUG 34558 --- [employee_management] [           main] o.s.w.s.m.m.a.HttpEntityMethodProcessor  : Using 'application/json', given [*/*] and supported [application/json, application/*+json]
2025-08-20T10:32:15.167+05:30 DEBUG 34558 --- [employee_management] [           main] o.s.w.s.m.m.a.HttpEntityMethodProcessor  : Writing [[Employee{id=1, firstName='John', lastName='Doe', email='john.doe@example.com', position='Software E (truncated)...]
2025-08-20T10:32:15.167+05:30 DEBUG 34558 --- [employee_management] [           main] o.s.t.web.servlet.TestDispatcherServlet  : Completed 200 OK
2025-08-20T10:32:15.168+05:30 DEBUG 34558 --- [employee_management] [           main] org.springframework.test.context.cache   : Spring test ApplicationContext cache statistics: [DefaultContextCache@5834298c size = 3, maxSize = 32, parentContextCount = 0, hitCount = 331, missCount = 3, failureCount = 0]
2025-08-20T10:32:15.168+05:30 DEBUG 34558 --- [employee_management] [           main] org.springframework.test.context.cache   : Spring test ApplicationContext cache statistics: [DefaultContextCache@5834298c size = 3, maxSize = 32, parentContextCount = 0, hitCount = 332, missCount = 3, failureCount = 0]
2025-08-20T10:32:15.168+05:30 DEBUG 34558 --- [employee_management] [           main] org.springframework.test.context.cache   : Spring test ApplicationContext cache statistics: [DefaultContextCache@5834298c size = 3, maxSize = 32, parentContextCount = 0, hitCount = 333, missCount = 3, failureCount = 0]
2025-08-20T10:32:15.168+05:30 DEBUG 34558 --- [employee_management] [           main] org.springframework.test.context.cache   : Spring test ApplicationContext cache statistics: [DefaultContextCache@5834298c size = 3, maxSize = 32, parentContextCount = 0, hitCount = 334, missCount = 3, failureCount = 0]
2025-08-20T10:32:15.168+05:30 DEBUG 34558 --- [employee_management] [           main] org.springframework.test.context.cache   : Spring test ApplicationContext cache statistics: [DefaultContextCache@5834298c size = 3, maxSize = 32, parentContextCount = 0, hitCount = 335, missCount = 3, failureCount = 0]
2025-08-20T10:32:15.168+05:30 DEBUG 34558 --- [employee_management] [           main] org.springframework.test.context.cache   : Spring test ApplicationContext cache statistics: [DefaultContextCache@5834298c size = 3, maxSize = 32, parentContextCount = 0, hitCount = 336, missCount = 3, failureCount = 0]
2025-08-20T10:32:15.168+05:30 DEBUG 34558 --- [employee_management] [           main] org.springframework.test.context.cache   : Spring test ApplicationContext cache statistics: [DefaultContextCache@5834298c size = 3, maxSize = 32, parentContextCount = 0, hitCount = 337, missCount = 3, failureCount = 0]
2025-08-20T10:32:15.168+05:30 DEBUG 34558 --- [employee_management] [           main] .c.s.DirtiesContextTestExecutionListener : After test method: class [EmployeeControllerTest], method [testGetEmployeesByDepartment], class annotated with @DirtiesContext [false] with mode [null], method annotated with @DirtiesContext [false] with mode [null]
]]></system-out>
  </testcase>
  <testcase name="testCreateEmployeeWithInvalidEmail" classname="com.example.employee_managment.controller.EmployeeControllerTest" time="0.003">
    <system-out><![CDATA[2025-08-20T10:32:15.168+05:30 DEBUG 34558 --- [employee_management] [           main] org.springframework.test.context.cache   : Spring test ApplicationContext cache statistics: [DefaultContextCache@5834298c size = 3, maxSize = 32, parentContextCount = 0, hitCount = 338, missCount = 3, failureCount = 0]
2025-08-20T10:32:15.168+05:30 DEBUG 34558 --- [employee_management] [           main] DependencyInjectionTestExecutionListener : Performing dependency injection for test class com.example.employee_managment.controller.EmployeeControllerTest
2025-08-20T10:32:15.168+05:30 DEBUG 34558 --- [employee_management] [           main] org.springframework.test.context.cache   : Spring test ApplicationContext cache statistics: [DefaultContextCache@5834298c size = 3, maxSize = 32, parentContextCount = 0, hitCount = 339, missCount = 3, failureCount = 0]
2025-08-20T10:32:15.169+05:30 DEBUG 34558 --- [employee_management] [           main] org.springframework.test.context.cache   : Spring test ApplicationContext cache statistics: [DefaultContextCache@5834298c size = 3, maxSize = 32, parentContextCount = 0, hitCount = 340, missCount = 3, failureCount = 0]
2025-08-20T10:32:15.169+05:30 DEBUG 34558 --- [employee_management] [           main] sContextBeforeModesTestExecutionListener : Before test method: class [EmployeeControllerTest], method [testCreateEmployeeWithInvalidEmail], class annotated with @DirtiesContext [false] with mode [null], method annotated with @DirtiesContext [false] with mode [null]
2025-08-20T10:32:15.169+05:30 DEBUG 34558 --- [employee_management] [           main] org.springframework.test.context.cache   : Spring test ApplicationContext cache statistics: [DefaultContextCache@5834298c size = 3, maxSize = 32, parentContextCount = 0, hitCount = 341, missCount = 3, failureCount = 0]
2025-08-20T10:32:15.169+05:30 DEBUG 34558 --- [employee_management] [           main] org.springframework.test.context.cache   : Spring test ApplicationContext cache statistics: [DefaultContextCache@5834298c size = 3, maxSize = 32, parentContextCount = 0, hitCount = 342, missCount = 3, failureCount = 0]
2025-08-20T10:32:15.169+05:30 DEBUG 34558 --- [employee_management] [           main] org.springframework.test.context.cache   : Spring test ApplicationContext cache statistics: [DefaultContextCache@5834298c size = 3, maxSize = 32, parentContextCount = 0, hitCount = 343, missCount = 3, failureCount = 0]
2025-08-20T10:32:15.169+05:30 DEBUG 34558 --- [employee_management] [           main] org.springframework.test.context.cache   : Spring test ApplicationContext cache statistics: [DefaultContextCache@5834298c size = 3, maxSize = 32, parentContextCount = 0, hitCount = 344, missCount = 3, failureCount = 0]
2025-08-20T10:32:15.170+05:30 DEBUG 34558 --- [employee_management] [           main] o.s.t.web.servlet.TestDispatcherServlet  : POST "/api/employees", parameters={}
2025-08-20T10:32:15.170+05:30 DEBUG 34558 --- [employee_management] [           main] s.w.s.m.m.a.RequestMappingHandlerMapping : Mapped to com.example.employee_managment.controller.EmployeeController#createEmployee(Employee)
2025-08-20T10:32:15.170+05:30 DEBUG 34558 --- [employee_management] [           main] m.m.a.RequestResponseBodyMethodProcessor : Read "application/json;charset=UTF-8" to [Employee{id=null, firstName='John', lastName='Doe', email='invalid-email', position='Engineer', depa (truncated)...]
2025-08-20T10:32:15.171+05:30  WARN 34558 --- [employee_management] [           main] .w.s.m.s.DefaultHandlerExceptionResolver : Resolved [org.springframework.web.bind.MethodArgumentNotValidException: Validation failed for argument [0] in public org.springframework.http.ResponseEntity<com.example.employee_managment.model.Employee> com.example.employee_managment.controller.EmployeeController.createEmployee(com.example.employee_managment.model.Employee): [Field error in object 'employee' on field 'email': rejected value [invalid-email]; codes [Email.employee.email,Email.email,Email.java.lang.String,Email]; arguments [org.springframework.context.support.DefaultMessageSourceResolvable: codes [employee.email,email]; arguments []; default message [email],[Ljakarta.validation.constraints.Pattern$Flag;@66b98075,.*]; default message [Please provide a valid email address]] ]
2025-08-20T10:32:15.171+05:30 DEBUG 34558 --- [employee_management] [           main] o.s.t.web.servlet.TestDispatcherServlet  : Completed 400 BAD_REQUEST
2025-08-20T10:32:15.171+05:30 DEBUG 34558 --- [employee_management] [           main] org.springframework.test.context.cache   : Spring test ApplicationContext cache statistics: [DefaultContextCache@5834298c size = 3, maxSize = 32, parentContextCount = 0, hitCount = 345, missCount = 3, failureCount = 0]
2025-08-20T10:32:15.171+05:30 DEBUG 34558 --- [employee_management] [           main] org.springframework.test.context.cache   : Spring test ApplicationContext cache statistics: [DefaultContextCache@5834298c size = 3, maxSize = 32, parentContextCount = 0, hitCount = 346, missCount = 3, failureCount = 0]
2025-08-20T10:32:15.171+05:30 DEBUG 34558 --- [employee_management] [           main] org.springframework.test.context.cache   : Spring test ApplicationContext cache statistics: [DefaultContextCache@5834298c size = 3, maxSize = 32, parentContextCount = 0, hitCount = 347, missCount = 3, failureCount = 0]
2025-08-20T10:32:15.171+05:30 DEBUG 34558 --- [employee_management] [           main] org.springframework.test.context.cache   : Spring test ApplicationContext cache statistics: [DefaultContextCache@5834298c size = 3, maxSize = 32, parentContextCount = 0, hitCount = 348, missCount = 3, failureCount = 0]
2025-08-20T10:32:15.171+05:30 DEBUG 34558 --- [employee_management] [           main] org.springframework.test.context.cache   : Spring test ApplicationContext cache statistics: [DefaultContextCache@5834298c size = 3, maxSize = 32, parentContextCount = 0, hitCount = 349, missCount = 3, failureCount = 0]
2025-08-20T10:32:15.171+05:30 DEBUG 34558 --- [employee_management] [           main] org.springframework.test.context.cache   : Spring test ApplicationContext cache statistics: [DefaultContextCache@5834298c size = 3, maxSize = 32, parentContextCount = 0, hitCount = 350, missCount = 3, failureCount = 0]
2025-08-20T10:32:15.172+05:30 DEBUG 34558 --- [employee_management] [           main] org.springframework.test.context.cache   : Spring test ApplicationContext cache statistics: [DefaultContextCache@5834298c size = 3, maxSize = 32, parentContextCount = 0, hitCount = 351, missCount = 3, failureCount = 0]
2025-08-20T10:32:15.172+05:30 DEBUG 34558 --- [employee_management] [           main] .c.s.DirtiesContextTestExecutionListener : After test method: class [EmployeeControllerTest], method [testCreateEmployeeWithInvalidEmail], class annotated with @DirtiesContext [false] with mode [null], method annotated with @DirtiesContext [false] with mode [null]
]]></system-out>
  </testcase>
  <testcase name="testUpdateEmployeeSuccess" classname="com.example.employee_managment.controller.EmployeeControllerTest" time="0.004">
    <system-out><![CDATA[2025-08-20T10:32:15.172+05:30 DEBUG 34558 --- [employee_management] [           main] org.springframework.test.context.cache   : Spring test ApplicationContext cache statistics: [DefaultContextCache@5834298c size = 3, maxSize = 32, parentContextCount = 0, hitCount = 352, missCount = 3, failureCount = 0]
2025-08-20T10:32:15.172+05:30 DEBUG 34558 --- [employee_management] [           main] DependencyInjectionTestExecutionListener : Performing dependency injection for test class com.example.employee_managment.controller.EmployeeControllerTest
2025-08-20T10:32:15.172+05:30 DEBUG 34558 --- [employee_management] [           main] org.springframework.test.context.cache   : Spring test ApplicationContext cache statistics: [DefaultContextCache@5834298c size = 3, maxSize = 32, parentContextCount = 0, hitCount = 353, missCount = 3, failureCount = 0]
2025-08-20T10:32:15.172+05:30 DEBUG 34558 --- [employee_management] [           main] org.springframework.test.context.cache   : Spring test ApplicationContext cache statistics: [DefaultContextCache@5834298c size = 3, maxSize = 32, parentContextCount = 0, hitCount = 354, missCount = 3, failureCount = 0]
2025-08-20T10:32:15.173+05:30 DEBUG 34558 --- [employee_management] [           main] sContextBeforeModesTestExecutionListener : Before test method: class [EmployeeControllerTest], method [testUpdateEmployeeSuccess], class annotated with @DirtiesContext [false] with mode [null], method annotated with @DirtiesContext [false] with mode [null]
2025-08-20T10:32:15.173+05:30 DEBUG 34558 --- [employee_management] [           main] org.springframework.test.context.cache   : Spring test ApplicationContext cache statistics: [DefaultContextCache@5834298c size = 3, maxSize = 32, parentContextCount = 0, hitCount = 355, missCount = 3, failureCount = 0]
2025-08-20T10:32:15.173+05:30 DEBUG 34558 --- [employee_management] [           main] org.springframework.test.context.cache   : Spring test ApplicationContext cache statistics: [DefaultContextCache@5834298c size = 3, maxSize = 32, parentContextCount = 0, hitCount = 356, missCount = 3, failureCount = 0]
2025-08-20T10:32:15.173+05:30 DEBUG 34558 --- [employee_management] [           main] org.springframework.test.context.cache   : Spring test ApplicationContext cache statistics: [DefaultContextCache@5834298c size = 3, maxSize = 32, parentContextCount = 0, hitCount = 357, missCount = 3, failureCount = 0]
2025-08-20T10:32:15.173+05:30 DEBUG 34558 --- [employee_management] [           main] org.springframework.test.context.cache   : Spring test ApplicationContext cache statistics: [DefaultContextCache@5834298c size = 3, maxSize = 32, parentContextCount = 0, hitCount = 358, missCount = 3, failureCount = 0]
2025-08-20T10:32:15.174+05:30 DEBUG 34558 --- [employee_management] [           main] o.s.t.web.servlet.TestDispatcherServlet  : PUT "/api/employees/1", parameters={}
2025-08-20T10:32:15.174+05:30 DEBUG 34558 --- [employee_management] [           main] s.w.s.m.m.a.RequestMappingHandlerMapping : Mapped to com.example.employee_managment.controller.EmployeeController#updateEmployee(Long, Employee)
2025-08-20T10:32:15.175+05:30 DEBUG 34558 --- [employee_management] [           main] m.m.a.RequestResponseBodyMethodProcessor : Read "application/json;charset=UTF-8" to [Employee{id=null, firstName='John Updated', lastName='Doe Updated', email='john.updated@example.com' (truncated)...]
2025-08-20T10:32:15.175+05:30 DEBUG 34558 --- [employee_management] [           main] o.s.w.s.m.m.a.HttpEntityMethodProcessor  : Using 'application/json', given [*/*] and supported [application/json, application/*+json]
2025-08-20T10:32:15.175+05:30 DEBUG 34558 --- [employee_management] [           main] o.s.w.s.m.m.a.HttpEntityMethodProcessor  : Writing [Employee{id=1, firstName='John', lastName='Doe', email='john.doe@example.com', position='Software En (truncated)...]
2025-08-20T10:32:15.175+05:30 DEBUG 34558 --- [employee_management] [           main] o.s.t.web.servlet.TestDispatcherServlet  : Completed 200 OK
2025-08-20T10:32:15.175+05:30 DEBUG 34558 --- [employee_management] [           main] org.springframework.test.context.cache   : Spring test ApplicationContext cache statistics: [DefaultContextCache@5834298c size = 3, maxSize = 32, parentContextCount = 0, hitCount = 359, missCount = 3, failureCount = 0]
2025-08-20T10:32:15.175+05:30 DEBUG 34558 --- [employee_management] [           main] org.springframework.test.context.cache   : Spring test ApplicationContext cache statistics: [DefaultContextCache@5834298c size = 3, maxSize = 32, parentContextCount = 0, hitCount = 360, missCount = 3, failureCount = 0]
2025-08-20T10:32:15.176+05:30 DEBUG 34558 --- [employee_management] [           main] org.springframework.test.context.cache   : Spring test ApplicationContext cache statistics: [DefaultContextCache@5834298c size = 3, maxSize = 32, parentContextCount = 0, hitCount = 361, missCount = 3, failureCount = 0]
2025-08-20T10:32:15.176+05:30 DEBUG 34558 --- [employee_management] [           main] org.springframework.test.context.cache   : Spring test ApplicationContext cache statistics: [DefaultContextCache@5834298c size = 3, maxSize = 32, parentContextCount = 0, hitCount = 362, missCount = 3, failureCount = 0]
2025-08-20T10:32:15.176+05:30 DEBUG 34558 --- [employee_management] [           main] org.springframework.test.context.cache   : Spring test ApplicationContext cache statistics: [DefaultContextCache@5834298c size = 3, maxSize = 32, parentContextCount = 0, hitCount = 363, missCount = 3, failureCount = 0]
2025-08-20T10:32:15.176+05:30 DEBUG 34558 --- [employee_management] [           main] org.springframework.test.context.cache   : Spring test ApplicationContext cache statistics: [DefaultContextCache@5834298c size = 3, maxSize = 32, parentContextCount = 0, hitCount = 364, missCount = 3, failureCount = 0]
2025-08-20T10:32:15.176+05:30 DEBUG 34558 --- [employee_management] [           main] org.springframework.test.context.cache   : Spring test ApplicationContext cache statistics: [DefaultContextCache@5834298c size = 3, maxSize = 32, parentContextCount = 0, hitCount = 365, missCount = 3, failureCount = 0]
2025-08-20T10:32:15.176+05:30 DEBUG 34558 --- [employee_management] [           main] .c.s.DirtiesContextTestExecutionListener : After test method: class [EmployeeControllerTest], method [testUpdateEmployeeSuccess], class annotated with @DirtiesContext [false] with mode [null], method annotated with @DirtiesContext [false] with mode [null]
]]></system-out>
  </testcase>
  <testcase name="testCreateEmployeeServiceException" classname="com.example.employee_managment.controller.EmployeeControllerTest" time="0.003">
    <system-out><![CDATA[2025-08-20T10:32:15.176+05:30 DEBUG 34558 --- [employee_management] [           main] org.springframework.test.context.cache   : Spring test ApplicationContext cache statistics: [DefaultContextCache@5834298c size = 3, maxSize = 32, parentContextCount = 0, hitCount = 366, missCount = 3, failureCount = 0]
2025-08-20T10:32:15.176+05:30 DEBUG 34558 --- [employee_management] [           main] DependencyInjectionTestExecutionListener : Performing dependency injection for test class com.example.employee_managment.controller.EmployeeControllerTest
2025-08-20T10:32:15.176+05:30 DEBUG 34558 --- [employee_management] [           main] org.springframework.test.context.cache   : Spring test ApplicationContext cache statistics: [DefaultContextCache@5834298c size = 3, maxSize = 32, parentContextCount = 0, hitCount = 367, missCount = 3, failureCount = 0]
2025-08-20T10:32:15.176+05:30 DEBUG 34558 --- [employee_management] [           main] org.springframework.test.context.cache   : Spring test ApplicationContext cache statistics: [DefaultContextCache@5834298c size = 3, maxSize = 32, parentContextCount = 0, hitCount = 368, missCount = 3, failureCount = 0]
2025-08-20T10:32:15.177+05:30 DEBUG 34558 --- [employee_management] [           main] sContextBeforeModesTestExecutionListener : Before test method: class [EmployeeControllerTest], method [testCreateEmployeeServiceException], class annotated with @DirtiesContext [false] with mode [null], method annotated with @DirtiesContext [false] with mode [null]
2025-08-20T10:32:15.177+05:30 DEBUG 34558 --- [employee_management] [           main] org.springframework.test.context.cache   : Spring test ApplicationContext cache statistics: [DefaultContextCache@5834298c size = 3, maxSize = 32, parentContextCount = 0, hitCount = 369, missCount = 3, failureCount = 0]
2025-08-20T10:32:15.177+05:30 DEBUG 34558 --- [employee_management] [           main] org.springframework.test.context.cache   : Spring test ApplicationContext cache statistics: [DefaultContextCache@5834298c size = 3, maxSize = 32, parentContextCount = 0, hitCount = 370, missCount = 3, failureCount = 0]
2025-08-20T10:32:15.177+05:30 DEBUG 34558 --- [employee_management] [           main] org.springframework.test.context.cache   : Spring test ApplicationContext cache statistics: [DefaultContextCache@5834298c size = 3, maxSize = 32, parentContextCount = 0, hitCount = 371, missCount = 3, failureCount = 0]
2025-08-20T10:32:15.177+05:30 DEBUG 34558 --- [employee_management] [           main] org.springframework.test.context.cache   : Spring test ApplicationContext cache statistics: [DefaultContextCache@5834298c size = 3, maxSize = 32, parentContextCount = 0, hitCount = 372, missCount = 3, failureCount = 0]
2025-08-20T10:32:15.177+05:30 DEBUG 34558 --- [employee_management] [           main] o.s.t.web.servlet.TestDispatcherServlet  : POST "/api/employees", parameters={}
2025-08-20T10:32:15.177+05:30 DEBUG 34558 --- [employee_management] [           main] s.w.s.m.m.a.RequestMappingHandlerMapping : Mapped to com.example.employee_managment.controller.EmployeeController#createEmployee(Employee)
2025-08-20T10:32:15.178+05:30 DEBUG 34558 --- [employee_management] [           main] m.m.a.RequestResponseBodyMethodProcessor : Read "application/json;charset=UTF-8" to [Employee{id=null, firstName='Alice', lastName='Brown', email='alice.brown@example.com', position='nu (truncated)...]
2025-08-20T10:32:15.178+05:30 DEBUG 34558 --- [employee_management] [           main] o.s.w.s.m.m.a.HttpEntityMethodProcessor  : Using 'application/json', given [*/*] and supported [application/json, application/*+json]
2025-08-20T10:32:15.178+05:30 DEBUG 34558 --- [employee_management] [           main] o.s.w.s.m.m.a.HttpEntityMethodProcessor  : Nothing to write: null body
2025-08-20T10:32:15.178+05:30 DEBUG 34558 --- [employee_management] [           main] o.s.t.web.servlet.TestDispatcherServlet  : Completed 400 BAD_REQUEST
2025-08-20T10:32:15.179+05:30 DEBUG 34558 --- [employee_management] [           main] org.springframework.test.context.cache   : Spring test ApplicationContext cache statistics: [DefaultContextCache@5834298c size = 3, maxSize = 32, parentContextCount = 0, hitCount = 373, missCount = 3, failureCount = 0]
2025-08-20T10:32:15.179+05:30 DEBUG 34558 --- [employee_management] [           main] org.springframework.test.context.cache   : Spring test ApplicationContext cache statistics: [DefaultContextCache@5834298c size = 3, maxSize = 32, parentContextCount = 0, hitCount = 374, missCount = 3, failureCount = 0]
2025-08-20T10:32:15.179+05:30 DEBUG 34558 --- [employee_management] [           main] org.springframework.test.context.cache   : Spring test ApplicationContext cache statistics: [DefaultContextCache@5834298c size = 3, maxSize = 32, parentContextCount = 0, hitCount = 375, missCount = 3, failureCount = 0]
2025-08-20T10:32:15.179+05:30 DEBUG 34558 --- [employee_management] [           main] org.springframework.test.context.cache   : Spring test ApplicationContext cache statistics: [DefaultContextCache@5834298c size = 3, maxSize = 32, parentContextCount = 0, hitCount = 376, missCount = 3, failureCount = 0]
2025-08-20T10:32:15.179+05:30 DEBUG 34558 --- [employee_management] [           main] org.springframework.test.context.cache   : Spring test ApplicationContext cache statistics: [DefaultContextCache@5834298c size = 3, maxSize = 32, parentContextCount = 0, hitCount = 377, missCount = 3, failureCount = 0]
2025-08-20T10:32:15.179+05:30 DEBUG 34558 --- [employee_management] [           main] org.springframework.test.context.cache   : Spring test ApplicationContext cache statistics: [DefaultContextCache@5834298c size = 3, maxSize = 32, parentContextCount = 0, hitCount = 378, missCount = 3, failureCount = 0]
2025-08-20T10:32:15.180+05:30 DEBUG 34558 --- [employee_management] [           main] org.springframework.test.context.cache   : Spring test ApplicationContext cache statistics: [DefaultContextCache@5834298c size = 3, maxSize = 32, parentContextCount = 0, hitCount = 379, missCount = 3, failureCount = 0]
2025-08-20T10:32:15.180+05:30 DEBUG 34558 --- [employee_management] [           main] .c.s.DirtiesContextTestExecutionListener : After test method: class [EmployeeControllerTest], method [testCreateEmployeeServiceException], class annotated with @DirtiesContext [false] with mode [null], method annotated with @DirtiesContext [false] with mode [null]
]]></system-out>
  </testcase>
  <testcase name="testGetEmployeeByEmailNotFound" classname="com.example.employee_managment.controller.EmployeeControllerTest" time="0.003">
    <system-out><![CDATA[2025-08-20T10:32:15.180+05:30 DEBUG 34558 --- [employee_management] [           main] org.springframework.test.context.cache   : Spring test ApplicationContext cache statistics: [DefaultContextCache@5834298c size = 3, maxSize = 32, parentContextCount = 0, hitCount = 380, missCount = 3, failureCount = 0]
[...]
]]></system-out>
  </testcase>
  <testcase name="testCreateEmployeeWithFutureDateOfBirth" classname="com.example.employee_managment.controller.EmployeeControllerTest" time="0.003">
    <system-out><![CDATA[2025-08-20T10:32:15.198+05:30 DEBUG 34558 --- [employee_management] [           main] org.springframework.test.context.cache   : Spring test ApplicationContext cache statistics: [DefaultContextCache@5834298c size = 3, maxSize = 32, parentContextCount = 0, hitCount = 436, missCount = 3, failureCount = 0]
2025-08-20T10:32:15.198+05:30 DEBUG 34558 --- [employee_management] [           main] DependencyInjectionTestExecutionListener : Performing dependency injection for test class com.example.employee_managment.controller.EmployeeControllerTest
2025-08-20T10:32:15.198+05:30 DEBUG 34558 --- [employee_management] [           main] org.springframework.test.context.cache   : Spring test ApplicationContext cache statistics: [DefaultContextCache@5834298c size = 3, maxSize = 32, parentContextCount = 0, hitCount = 437, missCount = 3, failureCount = 0]
2025-08-20T10:32:15.198+05:30 DEBUG 34558 --- [employee_management] [           main] org.springframework.test.context.cache   : Spring test ApplicationContext cache statistics: [DefaultContextCache@5834298c size = 3, maxSize = 32, parentContextCount = 0, hitCount = 438, missCount = 3, failureCount = 0]
2025-08-20T10:32:15.198+05:30 DEBUG 34558 --- [employee_management] [           main] sContextBeforeModesTestExecutionListener : Before test method: class [EmployeeControllerTest], method [testCreateEmployeeWithFutureDateOfBirth], class annotated with @DirtiesContext [false] with mode [null], method annotated with @DirtiesContext [false] with mode [null]
2025-08-20T10:32:15.199+05:30 DEBUG 34558 --- [employee_management] [           main] org.springframework.test.context.cache   : Spring test ApplicationContext cache statistics: [DefaultContextCache@5834298c size = 3, maxSize = 32, parentContextCount = 0, hitCount = 439, missCount = 3, failureCount = 0]
2025-08-20T10:32:15.199+05:30 DEBUG 34558 --- [employee_management] [           main] org.springframework.test.context.cache   : Spring test ApplicationContext cache statistics: [DefaultContextCache@5834298c size = 3, maxSize = 32, parentContextCount = 0, hitCount = 440, missCount = 3, failureCount = 0]
2025-08-20T10:32:15.199+05:30 DEBUG 34558 --- [employee_management] [           main] org.springframework.test.context.cache   : Spring test ApplicationContext cache statistics: [DefaultContextCache@5834298c size = 3, maxSize = 32, parentContextCount = 0, hitCount = 441, missCount = 3, failureCount = 0]
2025-08-20T10:32:15.199+05:30 DEBUG 34558 --- [employee_management] [           main] org.springframework.test.context.cache   : Spring test ApplicationContext cache statistics: [DefaultContextCache@5834298c size = 3, maxSize = 32, parentContextCount = 0, hitCount = 442, missCount = 3, failureCount = 0]
2025-08-20T10:32:15.199+05:30 DEBUG 34558 --- [employee_management] [           main] o.s.t.web.servlet.TestDispatcherServlet  : POST "/api/employees", parameters={}
2025-08-20T10:32:15.199+05:30 DEBUG 34558 --- [employee_management] [           main] s.w.s.m.m.a.RequestMappingHandlerMapping : Mapped to com.example.employee_managment.controller.EmployeeController#createEmployee(Employee)
2025-08-20T10:32:15.200+05:30 DEBUG 34558 --- [employee_management] [           main] m.m.a.RequestResponseBodyMethodProcessor : Read "application/json;charset=UTF-8" to [Employee{id=null, firstName='John', lastName='Doe', email='john.doe@example.com', position='null', d (truncated)...]
2025-08-20T10:32:15.200+05:30  WARN 34558 --- [employee_management] [           main] .w.s.m.s.DefaultHandlerExceptionResolver : Resolved [org.springframework.web.bind.MethodArgumentNotValidException: Validation failed for argument [0] in public org.springframework.http.ResponseEntity<com.example.employee_managment.model.Employee> com.example.employee_managment.controller.EmployeeController.createEmployee(com.example.employee_managment.model.Employee): [Field error in object 'employee' on field 'dateOfBirth': rejected value [2025-08-21]; codes [Past.employee.dateOfBirth,Past.dateOfBirth,Past.java.time.LocalDate,Past]; arguments [org.springframework.context.support.DefaultMessageSourceResolvable: codes [employee.dateOfBirth,dateOfBirth]; arguments []; default message [dateOfBirth]]; default message [Date of birth must be in the past]] ]
2025-08-20T10:32:15.200+05:30 DEBUG 34558 --- [employee_management] [           main] o.s.t.web.servlet.TestDispatcherServlet  : Completed 400 BAD_REQUEST
2025-08-20T10:32:15.201+05:30 DEBUG 34558 --- [employee_management] [           main] org.springframework.test.context.cache   : Spring test ApplicationContext cache statistics: [DefaultContextCache@5834298c size = 3, maxSize = 32, parentContextCount = 0, hitCount = 443, missCount = 3, failureCount = 0]
2025-08-20T10:32:15.201+05:30 DEBUG 34558 --- [employee_management] [           main] org.springframework.test.context.cache   : Spring test ApplicationContext cache statistics: [DefaultContextCache@5834298c size = 3, maxSize = 32, parentContextCount = 0, hitCount = 444, missCount = 3, failureCount = 0]
2025-08-20T10:32:15.201+05:30 DEBUG 34558 --- [employee_management] [           main] org.springframework.test.context.cache   : Spring test ApplicationContext cache statistics: [DefaultContextCache@5834298c size = 3, maxSize = 32, parentContextCount = 0, hitCount = 445, missCount = 3, failureCount = 0]
2025-08-20T10:32:15.201+05:30 DEBUG 34558 --- [employee_management] [           main] org.springframework.test.context.cache   : Spring test ApplicationContext cache statistics: [DefaultContextCache@5834298c size = 3, maxSize = 32, parentContextCount = 0, hitCount = 446, missCount = 3, failureCount = 0]
2025-08-20T10:32:15.201+05:30 DEBUG 34558 --- [employee_management] [           main] org.springframework.test.context.cache   : Spring test ApplicationContext cache statistics: [DefaultContextCache@5834298c size = 3, maxSize = 32, parentContextCount = 0, hitCount = 447, missCount = 3, failureCount = 0]
2025-08-20T10:32:15.201+05:30 DEBUG 34558 --- [employee_management] [           main] org.springframework.test.context.cache   : Spring test ApplicationContext cache statistics: [DefaultContextCache@5834298c size = 3, maxSize = 32, parentContextCount = 0, hitCount = 448, missCount = 3, failureCount = 0]
2025-08-20T10:32:15.201+05:30 DEBUG 34558 --- [employee_management] [           main] org.springframework.test.context.cache   : Spring test ApplicationContext cache statistics: [DefaultContextCache@5834298c size = 3, maxSize = 32, parentContextCount = 0, hitCount = 449, missCount = 3, failureCount = 0]
2025-08-20T10:32:15.201+05:30 DEBUG 34558 --- [employee_management] [           main] .c.s.DirtiesContextTestExecutionListener : After test method: class [EmployeeControllerTest], method [testCreateEmployeeWithFutureDateOfBirth], class annotated with @DirtiesContext [false] with mode [null], method annotated with @DirtiesContext [false] with mode [null]
]]></system-out>
  </testcase>
  <testcase name="testGetEmployeesWithSalaryGreaterThan" classname="com.example.employee_managment.controller.EmployeeControllerTest" time="0.003">
    <system-out><![CDATA[2025-08-20T10:32:15.201+05:30 DEBUG 34558 --- [employee_management] [           main] org.springframework.test.context.cache   : Spring test ApplicationContext cache statistics: [DefaultContextCache@5834298c size = 3, maxSize = 32, parentContextCount = 0, hitCount = 450, missCount = 3, failureCount = 0]
2025-08-20T10:32:15.201+05:30 DEBUG 34558 --- [employee_management] [           main] DependencyInjectionTestExecutionListener : Performing dependency injection for test class com.example.employee_managment.controller.EmployeeControllerTest
2025-08-20T10:32:15.201+05:30 DEBUG 34558 --- [employee_management] [           main] org.springframework.test.context.cache   : Spring test ApplicationContext cache statistics: [DefaultContextCache@5834298c size = 3, maxSize = 32, parentContextCount = 0, hitCount = 451, missCount = 3, failureCount = 0]
2025-08-20T10:32:15.201+05:30 DEBUG 34558 --- [employee_management] [           main] org.springframework.test.context.cache   : Spring test ApplicationContext cache statistics: [DefaultContextCache@5834298c size = 3, maxSize = 32, parentContextCount = 0, hitCount = 452, missCount = 3, failureCount = 0]
2025-08-20T10:32:15.202+05:30 DEBUG 34558 --- [employee_management] [           main] sContextBeforeModesTestExecutionListener : Before test method: class [EmployeeControllerTest], method [testGetEmployeesWithSalaryGreaterThan], class annotated with @DirtiesContext [false] with mode [null], method annotated with @DirtiesContext [false] with mode [null]
2025-08-20T10:32:15.202+05:30 DEBUG 34558 --- [employee_management] [           main] org.springframework.test.context.cache   : Spring test ApplicationContext cache statistics: [DefaultContextCache@5834298c size = 3, maxSize = 32, parentContextCount = 0, hitCount = 453, missCount = 3, failureCount = 0]
2025-08-20T10:32:15.202+05:30 DEBUG 34558 --- [employee_management] [           main] org.springframework.test.context.cache   : Spring test ApplicationContext cache statistics: [DefaultContextCache@5834298c size = 3, maxSize = 32, parentContextCount = 0, hitCount = 454, missCount = 3, failureCount = 0]
2025-08-20T10:32:15.202+05:30 DEBUG 34558 --- [employee_management] [           main] org.springframework.test.context.cache   : Spring test ApplicationContext cache statistics: [DefaultContextCache@5834298c size = 3, maxSize = 32, parentContextCount = 0, hitCount = 455, missCount = 3, failureCount = 0]
2025-08-20T10:32:15.202+05:30 DEBUG 34558 --- [employee_management] [           main] org.springframework.test.context.cache   : Spring test ApplicationContext cache statistics: [DefaultContextCache@5834298c size = 3, maxSize = 32, parentContextCount = 0, hitCount = 456, missCount = 3, failureCount = 0]
2025-08-20T10:32:15.202+05:30 DEBUG 34558 --- [employee_management] [           main] o.s.t.web.servlet.TestDispatcherServlet  : GET "/api/employees/salary", parameters={masked}
2025-08-20T10:32:15.202+05:30 DEBUG 34558 --- [employee_management] [           main] s.w.s.m.m.a.RequestMappingHandlerMapping : Mapped to com.example.employee_managment.controller.EmployeeController#getEmployeesWithSalaryGreaterThan(Double)
2025-08-20T10:32:15.203+05:30 DEBUG 34558 --- [employee_management] [           main] o.s.w.s.m.m.a.HttpEntityMethodProcessor  : Using 'application/json', given [*/*] and supported [application/json, application/*+json]
2025-08-20T10:32:15.203+05:30 DEBUG 34558 --- [employee_management] [           main] o.s.w.s.m.m.a.HttpEntityMethodProcessor  : Writing [[Employee{id=2, firstName='Jane', lastName='Smith', email='jane.smith@example.com', position='Produc (truncated)...]
2025-08-20T10:32:15.203+05:30 DEBUG 34558 --- [employee_management] [           main] o.s.t.web.servlet.TestDispatcherServlet  : Completed 200 OK
2025-08-20T10:32:15.203+05:30 DEBUG 34558 --- [employee_management] [           main] org.springframework.test.context.cache   : Spring test ApplicationContext cache statistics: [DefaultContextCache@5834298c size = 3, maxSize = 32, parentContextCount = 0, hitCount = 457, missCount = 3, failureCount = 0]
2025-08-20T10:32:15.203+05:30 DEBUG 34558 --- [employee_management] [           main] org.springframework.test.context.cache   : Spring test ApplicationContext cache statistics: [DefaultContextCache@5834298c size = 3, maxSize = 32, parentContextCount = 0, hitCount = 458, missCount = 3, failureCount = 0]
2025-08-20T10:32:15.203+05:30 DEBUG 34558 --- [employee_management] [           main] org.springframework.test.context.cache   : Spring test ApplicationContext cache statistics: [DefaultContextCache@5834298c size = 3, maxSize = 32, parentContextCount = 0, hitCount = 459, missCount = 3, failureCount = 0]
2025-08-20T10:32:15.203+05:30 DEBUG 34558 --- [employee_management] [           main] org.springframework.test.context.cache   : Spring test ApplicationContext cache statistics: [DefaultContextCache@5834298c size = 3, maxSize = 32, parentContextCount = 0, hitCount = 460, missCount = 3, failureCount = 0]
2025-08-20T10:32:15.204+05:30 DEBUG 34558 --- [employee_management] [           main] org.springframework.test.context.cache   : Spring test ApplicationContext cache statistics: [DefaultContextCache@5834298c size = 3, maxSize = 32, parentContextCount = 0, hitCount = 461, missCount = 3, failureCount = 0]
2025-08-20T10:32:15.204+05:30 DEBUG 34558 --- [employee_management] [           main] org.springframework.test.context.cache   : Spring test ApplicationContext cache statistics: [DefaultContextCache@5834298c size = 3, maxSize = 32, parentContextCount = 0, hitCount = 462, missCount = 3, failureCount = 0]
2025-08-20T10:32:15.204+05:30 DEBUG 34558 --- [employee_management] [           main] org.springframework.test.context.cache   : Spring test ApplicationContext cache statistics: [DefaultContextCache@5834298c size = 3, maxSize = 32, parentContextCount = 0, hitCount = 463, missCount = 3, failureCount = 0]
2025-08-20T10:32:15.204+05:30 DEBUG 34558 --- [employee_management] [           main] .c.s.DirtiesContextTestExecutionListener : After test method: class [EmployeeControllerTest], method [testGetEmployeesWithSalaryGreaterThan], class annotated with @DirtiesContext [false] with mode [null], method annotated with @DirtiesContext [false] with mode [null]
]]></system-out>
  </testcase>
  <testcase name="testGetEmployeeByIdNotFound" classname="com.example.employee_managment.controller.EmployeeControllerTest" time="0.002">
    <system-out><![CDATA[2025-08-20T10:32:15.204+05:30 DEBUG 34558 --- [employee_management] [           main] org.springframework.test.context.cache   : Spring test ApplicationContext cache statistics: [DefaultContextCache@5834298c size = 3, maxSize = 32, parentContextCount = 0, hitCount = 464, missCount = 3, failureCount = 0]
2025-08-20T10:32:15.204+05:30 DEBUG 34558 --- [employee_management] [           main] DependencyInjectionTestExecutionListener : Performing dependency injection for test class com.example.employee_managment.controller.EmployeeControllerTest
2025-08-20T10:32:15.204+05:30 DEBUG 34558 --- [employee_management] [           main] org.springframework.test.context.cache   : Spring test ApplicationContext cache statistics: [DefaultContextCache@5834298c size = 3, maxSize = 32, parentContextCount = 0, hitCount = 465, missCount = 3, failureCount = 0]
2025-08-20T10:32:15.204+05:30 DEBUG 34558 --- [employee_management] [           main] org.springframework.test.context.cache   : Spring test ApplicationContext cache statistics: [DefaultContextCache@5834298c size = 3, maxSize = 32, parentContextCount = 0, hitCount = 466, missCount = 3, failureCount = 0]
2025-08-20T10:32:15.204+05:30 DEBUG 34558 --- [employee_management] [           main] sContextBeforeModesTestExecutionListener : Before test method: class [EmployeeControllerTest], method [testGetEmployeeByIdNotFound], class annotated with @DirtiesContext [false] with mode [null], method annotated with @DirtiesContext [false] with mode [null]
2025-08-20T10:32:15.204+05:30 DEBUG 34558 --- [employee_management] [           main] org.springframework.test.context.cache   : Spring test ApplicationContext cache statistics: [DefaultContextCache@5834298c size = 3, maxSize = 32, parentContextCount = 0, hitCount = 467, missCount = 3, failureCount = 0]
2025-08-20T10:32:15.204+05:30 DEBUG 34558 --- [employee_management] [           main] org.springframework.test.context.cache   : Spring test ApplicationContext cache statistics: [DefaultContextCache@5834298c size = 3, maxSize = 32, parentContextCount = 0, hitCount = 468, missCount = 3, failureCount = 0]
2025-08-20T10:32:15.205+05:30 DEBUG 34558 --- [employee_management] [           main] org.springframework.test.context.cache   : Spring test ApplicationContext cache statistics: [DefaultContextCache@5834298c size = 3, maxSize = 32, parentContextCount = 0, hitCount = 469, missCount = 3, failureCount = 0]
2025-08-20T10:32:15.205+05:30 DEBUG 34558 --- [employee_management] [           main] org.springframework.test.context.cache   : Spring test ApplicationContext cache statistics: [DefaultContextCache@5834298c size = 3, maxSize = 32, parentContextCount = 0, hitCount = 470, missCount = 3, failureCount = 0]
2025-08-20T10:32:15.205+05:30 DEBUG 34558 --- [employee_management] [           main] o.s.t.web.servlet.TestDispatcherServlet  : GET "/api/employees/999", parameters={}
2025-08-20T10:32:15.205+05:30 DEBUG 34558 --- [employee_management] [           main] s.w.s.m.m.a.RequestMappingHandlerMapping : Mapped to com.example.employee_managment.controller.EmployeeController#getEmployeeById(Long)
2025-08-20T10:32:15.206+05:30 DEBUG 34558 --- [employee_management] [           main] o.s.w.s.m.m.a.HttpEntityMethodProcessor  : Using 'application/json', given [*/*] and supported [application/json, application/*+json]
2025-08-20T10:32:15.206+05:30 DEBUG 34558 --- [employee_management] [           main] o.s.w.s.m.m.a.HttpEntityMethodProcessor  : Nothing to write: null body
2025-08-20T10:32:15.206+05:30 DEBUG 34558 --- [employee_management] [           main] o.s.t.web.servlet.TestDispatcherServlet  : Completed 404 NOT_FOUND
2025-08-20T10:32:15.206+05:30 DEBUG 34558 --- [employee_management] [           main] org.springframework.test.context.cache   : Spring test ApplicationContext cache statistics: [DefaultContextCache@5834298c size = 3, maxSize = 32, parentContextCount = 0, hitCount = 471, missCount = 3, failureCount = 0]
2025-08-20T10:32:15.206+05:30 DEBUG 34558 --- [employee_management] [           main] org.springframework.test.context.cache   : Spring test ApplicationContext cache statistics: [DefaultContextCache@5834298c size = 3, maxSize = 32, parentContextCount = 0, hitCount = 472, missCount = 3, failureCount = 0]
2025-08-20T10:32:15.206+05:30 DEBUG 34558 --- [employee_management] [           main] org.springframework.test.context.cache   : Spring test ApplicationContext cache statistics: [DefaultContextCache@5834298c size = 3, maxSize = 32, parentContextCount = 0, hitCount = 473, missCount = 3, failureCount = 0]
2025-08-20T10:32:15.206+05:30 DEBUG 34558 --- [employee_management] [           main] org.springframework.test.context.cache   : Spring test ApplicationContext cache statistics: [DefaultContextCache@5834298c size = 3, maxSize = 32, parentContextCount = 0, hitCount = 474, missCount = 3, failureCount = 0]
2025-08-20T10:32:15.206+05:30 DEBUG 34558 --- [employee_management] [           main] org.springframework.test.context.cache   : Spring test ApplicationContext cache statistics: [DefaultContextCache@5834298c size = 3, maxSize = 32, parentContextCount = 0, hitCount = 475, missCount = 3, failureCount = 0]
2025-08-20T10:32:15.206+05:30 DEBUG 34558 --- [employee_management] [           main] org.springframework.test.context.cache   : Spring test ApplicationContext cache statistics: [DefaultContextCache@5834298c size = 3, maxSize = 32, parentContextCount = 0, hitCount = 476, missCount = 3, failureCount = 0]
2025-08-20T10:32:15.206+05:30 DEBUG 34558 --- [employee_management] [           main] org.springframework.test.context.cache   : Spring test ApplicationContext cache statistics: [DefaultContextCache@5834298c size = 3, maxSize = 32, parentContextCount = 0, hitCount = 477, missCount = 3, failureCount = 0]
2025-08-20T10:32:15.206+05:30 DEBUG 34558 --- [employee_management] [           main] .c.s.DirtiesContextTestExecutionListener : After test method: class [EmployeeControllerTest], method [testGetEmployeeByIdNotFound], class annotated with @DirtiesContext [false] with mode [null], method annotated with @DirtiesContext [false] with mode [null]
]]></system-out>
  </testcase>
</testsuite>